[2022-10-20T22:28:58.751+0000] {processor.py:156} INFO - Started process (PID=75) to work on /home/airflow/.local/lib/python3.7/site-packages/airflow/example_dags/example_task_group_decorator.py
[2022-10-20T22:28:58.754+0000] {processor.py:758} INFO - Processing file /home/airflow/.local/lib/python3.7/site-packages/airflow/example_dags/example_task_group_decorator.py for tasks to queue
[2022-10-20T22:28:58.755+0000] {logging_mixin.py:117} INFO - [2022-10-20T22:28:58.755+0000] {dagbag.py:525} INFO - Filling up the DagBag from /home/airflow/.local/lib/python3.7/site-packages/airflow/example_dags/example_task_group_decorator.py
[2022-10-20T22:28:58.794+0000] {processor.py:768} INFO - DAG(s) dict_keys(['example_task_group_decorator']) retrieved from /home/airflow/.local/lib/python3.7/site-packages/airflow/example_dags/example_task_group_decorator.py
[2022-10-20T22:28:58.820+0000] {logging_mixin.py:117} INFO - [2022-10-20T22:28:58.819+0000] {dag.py:2573} INFO - Sync 1 DAGs
[2022-10-20T22:28:58.844+0000] {logging_mixin.py:117} INFO - [2022-10-20T22:28:58.844+0000] {dag.py:3328} INFO - Setting next_dagrun for example_task_group_decorator to 2022-10-19T22:28:58.843937+00:00, run_after=2022-10-20T22:28:58.843937+00:00
[2022-10-20T22:28:58.869+0000] {processor.py:178} INFO - Processing /home/airflow/.local/lib/python3.7/site-packages/airflow/example_dags/example_task_group_decorator.py took 0.121 seconds
[2022-10-20T22:29:29.816+0000] {processor.py:156} INFO - Started process (PID=129) to work on /home/airflow/.local/lib/python3.7/site-packages/airflow/example_dags/example_task_group_decorator.py
[2022-10-20T22:29:29.818+0000] {processor.py:758} INFO - Processing file /home/airflow/.local/lib/python3.7/site-packages/airflow/example_dags/example_task_group_decorator.py for tasks to queue
[2022-10-20T22:29:29.819+0000] {logging_mixin.py:117} INFO - [2022-10-20T22:29:29.819+0000] {dagbag.py:525} INFO - Filling up the DagBag from /home/airflow/.local/lib/python3.7/site-packages/airflow/example_dags/example_task_group_decorator.py
[2022-10-20T22:29:29.848+0000] {processor.py:768} INFO - DAG(s) dict_keys(['example_task_group_decorator']) retrieved from /home/airflow/.local/lib/python3.7/site-packages/airflow/example_dags/example_task_group_decorator.py
[2022-10-20T22:29:29.886+0000] {logging_mixin.py:117} INFO - [2022-10-20T22:29:29.885+0000] {dag.py:2573} INFO - Sync 1 DAGs
[2022-10-20T22:29:29.914+0000] {logging_mixin.py:117} INFO - [2022-10-20T22:29:29.914+0000] {dag.py:3328} INFO - Setting next_dagrun for example_task_group_decorator to 2022-10-19T22:29:29.914515+00:00, run_after=2022-10-20T22:29:29.914515+00:00
[2022-10-20T22:29:29.935+0000] {processor.py:178} INFO - Processing /home/airflow/.local/lib/python3.7/site-packages/airflow/example_dags/example_task_group_decorator.py took 0.122 seconds
[2022-10-20T22:30:00.465+0000] {processor.py:156} INFO - Started process (PID=193) to work on /home/airflow/.local/lib/python3.7/site-packages/airflow/example_dags/example_task_group_decorator.py
[2022-10-20T22:30:00.467+0000] {processor.py:758} INFO - Processing file /home/airflow/.local/lib/python3.7/site-packages/airflow/example_dags/example_task_group_decorator.py for tasks to queue
[2022-10-20T22:30:00.468+0000] {logging_mixin.py:117} INFO - [2022-10-20T22:30:00.468+0000] {dagbag.py:525} INFO - Filling up the DagBag from /home/airflow/.local/lib/python3.7/site-packages/airflow/example_dags/example_task_group_decorator.py
[2022-10-20T22:30:00.497+0000] {processor.py:768} INFO - DAG(s) dict_keys(['example_task_group_decorator']) retrieved from /home/airflow/.local/lib/python3.7/site-packages/airflow/example_dags/example_task_group_decorator.py
[2022-10-20T22:30:00.535+0000] {logging_mixin.py:117} INFO - [2022-10-20T22:30:00.535+0000] {dag.py:2573} INFO - Sync 1 DAGs
[2022-10-20T22:30:00.559+0000] {logging_mixin.py:117} INFO - [2022-10-20T22:30:00.559+0000] {dag.py:3328} INFO - Setting next_dagrun for example_task_group_decorator to 2022-10-19T22:30:00.559010+00:00, run_after=2022-10-20T22:30:00.559010+00:00
[2022-10-20T22:30:00.578+0000] {processor.py:178} INFO - Processing /home/airflow/.local/lib/python3.7/site-packages/airflow/example_dags/example_task_group_decorator.py took 0.116 seconds
[2022-10-20T22:30:31.117+0000] {processor.py:156} INFO - Started process (PID=257) to work on /home/airflow/.local/lib/python3.7/site-packages/airflow/example_dags/example_task_group_decorator.py
[2022-10-20T22:30:31.119+0000] {processor.py:758} INFO - Processing file /home/airflow/.local/lib/python3.7/site-packages/airflow/example_dags/example_task_group_decorator.py for tasks to queue
[2022-10-20T22:30:31.120+0000] {logging_mixin.py:117} INFO - [2022-10-20T22:30:31.120+0000] {dagbag.py:525} INFO - Filling up the DagBag from /home/airflow/.local/lib/python3.7/site-packages/airflow/example_dags/example_task_group_decorator.py
[2022-10-20T22:30:31.144+0000] {processor.py:768} INFO - DAG(s) dict_keys(['example_task_group_decorator']) retrieved from /home/airflow/.local/lib/python3.7/site-packages/airflow/example_dags/example_task_group_decorator.py
[2022-10-20T22:30:31.179+0000] {logging_mixin.py:117} INFO - [2022-10-20T22:30:31.179+0000] {dag.py:2573} INFO - Sync 1 DAGs
[2022-10-20T22:30:31.198+0000] {logging_mixin.py:117} INFO - [2022-10-20T22:30:31.198+0000] {dag.py:3328} INFO - Setting next_dagrun for example_task_group_decorator to 2022-10-19T22:30:31.198038+00:00, run_after=2022-10-20T22:30:31.198038+00:00
[2022-10-20T22:30:31.216+0000] {processor.py:178} INFO - Processing /home/airflow/.local/lib/python3.7/site-packages/airflow/example_dags/example_task_group_decorator.py took 0.101 seconds
[2022-10-20T22:31:01.624+0000] {processor.py:156} INFO - Started process (PID=320) to work on /home/airflow/.local/lib/python3.7/site-packages/airflow/example_dags/example_task_group_decorator.py
[2022-10-20T22:31:01.627+0000] {processor.py:758} INFO - Processing file /home/airflow/.local/lib/python3.7/site-packages/airflow/example_dags/example_task_group_decorator.py for tasks to queue
[2022-10-20T22:31:01.628+0000] {logging_mixin.py:117} INFO - [2022-10-20T22:31:01.628+0000] {dagbag.py:525} INFO - Filling up the DagBag from /home/airflow/.local/lib/python3.7/site-packages/airflow/example_dags/example_task_group_decorator.py
[2022-10-20T22:31:01.655+0000] {processor.py:768} INFO - DAG(s) dict_keys(['example_task_group_decorator']) retrieved from /home/airflow/.local/lib/python3.7/site-packages/airflow/example_dags/example_task_group_decorator.py
[2022-10-20T22:31:01.689+0000] {logging_mixin.py:117} INFO - [2022-10-20T22:31:01.689+0000] {dag.py:2573} INFO - Sync 1 DAGs
[2022-10-20T22:31:01.708+0000] {logging_mixin.py:117} INFO - [2022-10-20T22:31:01.708+0000] {dag.py:3328} INFO - Setting next_dagrun for example_task_group_decorator to 2022-10-19T22:31:01.708242+00:00, run_after=2022-10-20T22:31:01.708242+00:00
[2022-10-20T22:31:01.727+0000] {processor.py:178} INFO - Processing /home/airflow/.local/lib/python3.7/site-packages/airflow/example_dags/example_task_group_decorator.py took 0.105 seconds
[2022-10-20T22:31:32.202+0000] {processor.py:156} INFO - Started process (PID=374) to work on /home/airflow/.local/lib/python3.7/site-packages/airflow/example_dags/example_task_group_decorator.py
[2022-10-20T22:31:32.204+0000] {processor.py:758} INFO - Processing file /home/airflow/.local/lib/python3.7/site-packages/airflow/example_dags/example_task_group_decorator.py for tasks to queue
[2022-10-20T22:31:32.205+0000] {logging_mixin.py:117} INFO - [2022-10-20T22:31:32.205+0000] {dagbag.py:525} INFO - Filling up the DagBag from /home/airflow/.local/lib/python3.7/site-packages/airflow/example_dags/example_task_group_decorator.py
[2022-10-20T22:31:32.232+0000] {processor.py:768} INFO - DAG(s) dict_keys(['example_task_group_decorator']) retrieved from /home/airflow/.local/lib/python3.7/site-packages/airflow/example_dags/example_task_group_decorator.py
[2022-10-20T22:31:32.265+0000] {logging_mixin.py:117} INFO - [2022-10-20T22:31:32.265+0000] {dag.py:2573} INFO - Sync 1 DAGs
[2022-10-20T22:31:32.284+0000] {logging_mixin.py:117} INFO - [2022-10-20T22:31:32.284+0000] {dag.py:3328} INFO - Setting next_dagrun for example_task_group_decorator to 2022-10-19T22:31:32.284596+00:00, run_after=2022-10-20T22:31:32.284596+00:00
[2022-10-20T22:31:32.302+0000] {processor.py:178} INFO - Processing /home/airflow/.local/lib/python3.7/site-packages/airflow/example_dags/example_task_group_decorator.py took 0.103 seconds
[2022-10-20T22:32:02.645+0000] {processor.py:156} INFO - Started process (PID=437) to work on /home/airflow/.local/lib/python3.7/site-packages/airflow/example_dags/example_task_group_decorator.py
[2022-10-20T22:32:02.647+0000] {processor.py:758} INFO - Processing file /home/airflow/.local/lib/python3.7/site-packages/airflow/example_dags/example_task_group_decorator.py for tasks to queue
[2022-10-20T22:32:02.648+0000] {logging_mixin.py:117} INFO - [2022-10-20T22:32:02.648+0000] {dagbag.py:525} INFO - Filling up the DagBag from /home/airflow/.local/lib/python3.7/site-packages/airflow/example_dags/example_task_group_decorator.py
[2022-10-20T22:32:02.673+0000] {processor.py:768} INFO - DAG(s) dict_keys(['example_task_group_decorator']) retrieved from /home/airflow/.local/lib/python3.7/site-packages/airflow/example_dags/example_task_group_decorator.py
[2022-10-20T22:32:02.713+0000] {logging_mixin.py:117} INFO - [2022-10-20T22:32:02.712+0000] {dag.py:2573} INFO - Sync 1 DAGs
[2022-10-20T22:32:02.736+0000] {logging_mixin.py:117} INFO - [2022-10-20T22:32:02.736+0000] {dag.py:3328} INFO - Setting next_dagrun for example_task_group_decorator to 2022-10-19T22:32:02.735863+00:00, run_after=2022-10-20T22:32:02.735863+00:00
[2022-10-20T22:32:02.755+0000] {processor.py:178} INFO - Processing /home/airflow/.local/lib/python3.7/site-packages/airflow/example_dags/example_task_group_decorator.py took 0.113 seconds
[2022-10-20T22:32:33.707+0000] {processor.py:156} INFO - Started process (PID=500) to work on /home/airflow/.local/lib/python3.7/site-packages/airflow/example_dags/example_task_group_decorator.py
[2022-10-20T22:32:33.710+0000] {processor.py:758} INFO - Processing file /home/airflow/.local/lib/python3.7/site-packages/airflow/example_dags/example_task_group_decorator.py for tasks to queue
[2022-10-20T22:32:33.711+0000] {logging_mixin.py:117} INFO - [2022-10-20T22:32:33.711+0000] {dagbag.py:525} INFO - Filling up the DagBag from /home/airflow/.local/lib/python3.7/site-packages/airflow/example_dags/example_task_group_decorator.py
[2022-10-20T22:32:33.746+0000] {processor.py:768} INFO - DAG(s) dict_keys(['example_task_group_decorator']) retrieved from /home/airflow/.local/lib/python3.7/site-packages/airflow/example_dags/example_task_group_decorator.py
[2022-10-20T22:32:33.794+0000] {logging_mixin.py:117} INFO - [2022-10-20T22:32:33.794+0000] {dag.py:2573} INFO - Sync 1 DAGs
[2022-10-20T22:32:33.823+0000] {logging_mixin.py:117} INFO - [2022-10-20T22:32:33.823+0000] {dag.py:3328} INFO - Setting next_dagrun for example_task_group_decorator to 2022-10-19T22:32:33.822839+00:00, run_after=2022-10-20T22:32:33.822839+00:00
[2022-10-20T22:32:33.853+0000] {processor.py:178} INFO - Processing /home/airflow/.local/lib/python3.7/site-packages/airflow/example_dags/example_task_group_decorator.py took 0.150 seconds
[2022-10-20T22:33:03.961+0000] {processor.py:156} INFO - Started process (PID=555) to work on /home/airflow/.local/lib/python3.7/site-packages/airflow/example_dags/example_task_group_decorator.py
[2022-10-20T22:33:03.964+0000] {processor.py:758} INFO - Processing file /home/airflow/.local/lib/python3.7/site-packages/airflow/example_dags/example_task_group_decorator.py for tasks to queue
[2022-10-20T22:33:03.965+0000] {logging_mixin.py:117} INFO - [2022-10-20T22:33:03.965+0000] {dagbag.py:525} INFO - Filling up the DagBag from /home/airflow/.local/lib/python3.7/site-packages/airflow/example_dags/example_task_group_decorator.py
[2022-10-20T22:33:03.994+0000] {processor.py:768} INFO - DAG(s) dict_keys(['example_task_group_decorator']) retrieved from /home/airflow/.local/lib/python3.7/site-packages/airflow/example_dags/example_task_group_decorator.py
[2022-10-20T22:33:04.035+0000] {logging_mixin.py:117} INFO - [2022-10-20T22:33:04.035+0000] {dag.py:2573} INFO - Sync 1 DAGs
[2022-10-20T22:33:04.054+0000] {logging_mixin.py:117} INFO - [2022-10-20T22:33:04.054+0000] {dag.py:3328} INFO - Setting next_dagrun for example_task_group_decorator to 2022-10-19T22:33:04.054628+00:00, run_after=2022-10-20T22:33:04.054628+00:00
[2022-10-20T22:33:04.073+0000] {processor.py:178} INFO - Processing /home/airflow/.local/lib/python3.7/site-packages/airflow/example_dags/example_task_group_decorator.py took 0.115 seconds
[2022-10-20T22:33:34.794+0000] {processor.py:156} INFO - Started process (PID=619) to work on /home/airflow/.local/lib/python3.7/site-packages/airflow/example_dags/example_task_group_decorator.py
[2022-10-20T22:33:34.797+0000] {processor.py:758} INFO - Processing file /home/airflow/.local/lib/python3.7/site-packages/airflow/example_dags/example_task_group_decorator.py for tasks to queue
[2022-10-20T22:33:34.798+0000] {logging_mixin.py:117} INFO - [2022-10-20T22:33:34.798+0000] {dagbag.py:525} INFO - Filling up the DagBag from /home/airflow/.local/lib/python3.7/site-packages/airflow/example_dags/example_task_group_decorator.py
[2022-10-20T22:33:34.832+0000] {processor.py:768} INFO - DAG(s) dict_keys(['example_task_group_decorator']) retrieved from /home/airflow/.local/lib/python3.7/site-packages/airflow/example_dags/example_task_group_decorator.py
[2022-10-20T22:33:34.875+0000] {logging_mixin.py:117} INFO - [2022-10-20T22:33:34.875+0000] {dag.py:2573} INFO - Sync 1 DAGs
[2022-10-20T22:33:34.901+0000] {logging_mixin.py:117} INFO - [2022-10-20T22:33:34.900+0000] {dag.py:3328} INFO - Setting next_dagrun for example_task_group_decorator to 2022-10-19T22:33:34.900617+00:00, run_after=2022-10-20T22:33:34.900617+00:00
[2022-10-20T22:33:34.925+0000] {processor.py:178} INFO - Processing /home/airflow/.local/lib/python3.7/site-packages/airflow/example_dags/example_task_group_decorator.py took 0.135 seconds
