[2022-10-20T22:28:56.339+0000] {processor.py:156} INFO - Started process (PID=54) to work on /home/airflow/.local/lib/python3.7/site-packages/airflow/example_dags/example_branch_operator_decorator.py
[2022-10-20T22:28:56.344+0000] {processor.py:758} INFO - Processing file /home/airflow/.local/lib/python3.7/site-packages/airflow/example_dags/example_branch_operator_decorator.py for tasks to queue
[2022-10-20T22:28:56.346+0000] {logging_mixin.py:117} INFO - [2022-10-20T22:28:56.346+0000] {dagbag.py:525} INFO - Filling up the DagBag from /home/airflow/.local/lib/python3.7/site-packages/airflow/example_dags/example_branch_operator_decorator.py
[2022-10-20T22:28:56.401+0000] {processor.py:768} INFO - DAG(s) dict_keys(['example_branch_python_operator_decorator']) retrieved from /home/airflow/.local/lib/python3.7/site-packages/airflow/example_dags/example_branch_operator_decorator.py
[2022-10-20T22:28:56.455+0000] {logging_mixin.py:117} INFO - [2022-10-20T22:28:56.455+0000] {dag.py:2573} INFO - Sync 1 DAGs
[2022-10-20T22:28:56.500+0000] {logging_mixin.py:117} INFO - [2022-10-20T22:28:56.500+0000] {dag.py:3328} INFO - Setting next_dagrun for example_branch_python_operator_decorator to 2022-10-19T00:00:00+00:00, run_after=2022-10-20T00:00:00+00:00
[2022-10-20T22:28:56.537+0000] {processor.py:178} INFO - Processing /home/airflow/.local/lib/python3.7/site-packages/airflow/example_dags/example_branch_operator_decorator.py took 0.206 seconds
[2022-10-20T22:29:26.785+0000] {processor.py:156} INFO - Started process (PID=110) to work on /home/airflow/.local/lib/python3.7/site-packages/airflow/example_dags/example_branch_operator_decorator.py
[2022-10-20T22:29:26.789+0000] {processor.py:758} INFO - Processing file /home/airflow/.local/lib/python3.7/site-packages/airflow/example_dags/example_branch_operator_decorator.py for tasks to queue
[2022-10-20T22:29:26.790+0000] {logging_mixin.py:117} INFO - [2022-10-20T22:29:26.790+0000] {dagbag.py:525} INFO - Filling up the DagBag from /home/airflow/.local/lib/python3.7/site-packages/airflow/example_dags/example_branch_operator_decorator.py
[2022-10-20T22:29:26.814+0000] {processor.py:768} INFO - DAG(s) dict_keys(['example_branch_python_operator_decorator']) retrieved from /home/airflow/.local/lib/python3.7/site-packages/airflow/example_dags/example_branch_operator_decorator.py
[2022-10-20T22:29:26.848+0000] {logging_mixin.py:117} INFO - [2022-10-20T22:29:26.848+0000] {dag.py:2573} INFO - Sync 1 DAGs
[2022-10-20T22:29:26.875+0000] {logging_mixin.py:117} INFO - [2022-10-20T22:29:26.875+0000] {dag.py:3328} INFO - Setting next_dagrun for example_branch_python_operator_decorator to 2022-10-19T00:00:00+00:00, run_after=2022-10-20T00:00:00+00:00
[2022-10-20T22:29:26.905+0000] {processor.py:178} INFO - Processing /home/airflow/.local/lib/python3.7/site-packages/airflow/example_dags/example_branch_operator_decorator.py took 0.122 seconds
[2022-10-20T22:29:57.557+0000] {processor.py:156} INFO - Started process (PID=174) to work on /home/airflow/.local/lib/python3.7/site-packages/airflow/example_dags/example_branch_operator_decorator.py
[2022-10-20T22:29:57.560+0000] {processor.py:758} INFO - Processing file /home/airflow/.local/lib/python3.7/site-packages/airflow/example_dags/example_branch_operator_decorator.py for tasks to queue
[2022-10-20T22:29:57.561+0000] {logging_mixin.py:117} INFO - [2022-10-20T22:29:57.561+0000] {dagbag.py:525} INFO - Filling up the DagBag from /home/airflow/.local/lib/python3.7/site-packages/airflow/example_dags/example_branch_operator_decorator.py
[2022-10-20T22:29:57.587+0000] {processor.py:768} INFO - DAG(s) dict_keys(['example_branch_python_operator_decorator']) retrieved from /home/airflow/.local/lib/python3.7/site-packages/airflow/example_dags/example_branch_operator_decorator.py
[2022-10-20T22:29:57.627+0000] {logging_mixin.py:117} INFO - [2022-10-20T22:29:57.627+0000] {dag.py:2573} INFO - Sync 1 DAGs
[2022-10-20T22:29:57.650+0000] {logging_mixin.py:117} INFO - [2022-10-20T22:29:57.650+0000] {dag.py:3328} INFO - Setting next_dagrun for example_branch_python_operator_decorator to 2022-10-19T00:00:00+00:00, run_after=2022-10-20T00:00:00+00:00
[2022-10-20T22:29:57.668+0000] {processor.py:178} INFO - Processing /home/airflow/.local/lib/python3.7/site-packages/airflow/example_dags/example_branch_operator_decorator.py took 0.114 seconds
[2022-10-20T22:30:28.467+0000] {processor.py:156} INFO - Started process (PID=238) to work on /home/airflow/.local/lib/python3.7/site-packages/airflow/example_dags/example_branch_operator_decorator.py
[2022-10-20T22:30:28.470+0000] {processor.py:758} INFO - Processing file /home/airflow/.local/lib/python3.7/site-packages/airflow/example_dags/example_branch_operator_decorator.py for tasks to queue
[2022-10-20T22:30:28.471+0000] {logging_mixin.py:117} INFO - [2022-10-20T22:30:28.471+0000] {dagbag.py:525} INFO - Filling up the DagBag from /home/airflow/.local/lib/python3.7/site-packages/airflow/example_dags/example_branch_operator_decorator.py
[2022-10-20T22:30:28.495+0000] {processor.py:768} INFO - DAG(s) dict_keys(['example_branch_python_operator_decorator']) retrieved from /home/airflow/.local/lib/python3.7/site-packages/airflow/example_dags/example_branch_operator_decorator.py
[2022-10-20T22:30:28.533+0000] {logging_mixin.py:117} INFO - [2022-10-20T22:30:28.533+0000] {dag.py:2573} INFO - Sync 1 DAGs
[2022-10-20T22:30:28.554+0000] {logging_mixin.py:117} INFO - [2022-10-20T22:30:28.554+0000] {dag.py:3328} INFO - Setting next_dagrun for example_branch_python_operator_decorator to 2022-10-19T00:00:00+00:00, run_after=2022-10-20T00:00:00+00:00
[2022-10-20T22:30:28.574+0000] {processor.py:178} INFO - Processing /home/airflow/.local/lib/python3.7/site-packages/airflow/example_dags/example_branch_operator_decorator.py took 0.110 seconds
[2022-10-20T22:30:58.908+0000] {processor.py:156} INFO - Started process (PID=292) to work on /home/airflow/.local/lib/python3.7/site-packages/airflow/example_dags/example_branch_operator_decorator.py
[2022-10-20T22:30:58.910+0000] {processor.py:758} INFO - Processing file /home/airflow/.local/lib/python3.7/site-packages/airflow/example_dags/example_branch_operator_decorator.py for tasks to queue
[2022-10-20T22:30:58.911+0000] {logging_mixin.py:117} INFO - [2022-10-20T22:30:58.911+0000] {dagbag.py:525} INFO - Filling up the DagBag from /home/airflow/.local/lib/python3.7/site-packages/airflow/example_dags/example_branch_operator_decorator.py
[2022-10-20T22:30:58.931+0000] {processor.py:768} INFO - DAG(s) dict_keys(['example_branch_python_operator_decorator']) retrieved from /home/airflow/.local/lib/python3.7/site-packages/airflow/example_dags/example_branch_operator_decorator.py
[2022-10-20T22:30:58.965+0000] {logging_mixin.py:117} INFO - [2022-10-20T22:30:58.965+0000] {dag.py:2573} INFO - Sync 1 DAGs
[2022-10-20T22:30:58.986+0000] {logging_mixin.py:117} INFO - [2022-10-20T22:30:58.986+0000] {dag.py:3328} INFO - Setting next_dagrun for example_branch_python_operator_decorator to 2022-10-19T00:00:00+00:00, run_after=2022-10-20T00:00:00+00:00
[2022-10-20T22:30:59.005+0000] {processor.py:178} INFO - Processing /home/airflow/.local/lib/python3.7/site-packages/airflow/example_dags/example_branch_operator_decorator.py took 0.100 seconds
[2022-10-20T22:31:29.523+0000] {processor.py:156} INFO - Started process (PID=355) to work on /home/airflow/.local/lib/python3.7/site-packages/airflow/example_dags/example_branch_operator_decorator.py
[2022-10-20T22:31:29.525+0000] {processor.py:758} INFO - Processing file /home/airflow/.local/lib/python3.7/site-packages/airflow/example_dags/example_branch_operator_decorator.py for tasks to queue
[2022-10-20T22:31:29.526+0000] {logging_mixin.py:117} INFO - [2022-10-20T22:31:29.526+0000] {dagbag.py:525} INFO - Filling up the DagBag from /home/airflow/.local/lib/python3.7/site-packages/airflow/example_dags/example_branch_operator_decorator.py
[2022-10-20T22:31:29.551+0000] {processor.py:768} INFO - DAG(s) dict_keys(['example_branch_python_operator_decorator']) retrieved from /home/airflow/.local/lib/python3.7/site-packages/airflow/example_dags/example_branch_operator_decorator.py
[2022-10-20T22:31:29.592+0000] {logging_mixin.py:117} INFO - [2022-10-20T22:31:29.592+0000] {dag.py:2573} INFO - Sync 1 DAGs
[2022-10-20T22:31:29.616+0000] {logging_mixin.py:117} INFO - [2022-10-20T22:31:29.616+0000] {dag.py:3328} INFO - Setting next_dagrun for example_branch_python_operator_decorator to 2022-10-19T00:00:00+00:00, run_after=2022-10-20T00:00:00+00:00
[2022-10-20T22:31:29.640+0000] {processor.py:178} INFO - Processing /home/airflow/.local/lib/python3.7/site-packages/airflow/example_dags/example_branch_operator_decorator.py took 0.121 seconds
[2022-10-20T22:32:00.035+0000] {processor.py:156} INFO - Started process (PID=418) to work on /home/airflow/.local/lib/python3.7/site-packages/airflow/example_dags/example_branch_operator_decorator.py
[2022-10-20T22:32:00.038+0000] {processor.py:758} INFO - Processing file /home/airflow/.local/lib/python3.7/site-packages/airflow/example_dags/example_branch_operator_decorator.py for tasks to queue
[2022-10-20T22:32:00.039+0000] {logging_mixin.py:117} INFO - [2022-10-20T22:32:00.038+0000] {dagbag.py:525} INFO - Filling up the DagBag from /home/airflow/.local/lib/python3.7/site-packages/airflow/example_dags/example_branch_operator_decorator.py
[2022-10-20T22:32:00.060+0000] {processor.py:768} INFO - DAG(s) dict_keys(['example_branch_python_operator_decorator']) retrieved from /home/airflow/.local/lib/python3.7/site-packages/airflow/example_dags/example_branch_operator_decorator.py
[2022-10-20T22:32:00.093+0000] {logging_mixin.py:117} INFO - [2022-10-20T22:32:00.093+0000] {dag.py:2573} INFO - Sync 1 DAGs
[2022-10-20T22:32:00.114+0000] {logging_mixin.py:117} INFO - [2022-10-20T22:32:00.114+0000] {dag.py:3328} INFO - Setting next_dagrun for example_branch_python_operator_decorator to 2022-10-19T00:00:00+00:00, run_after=2022-10-20T00:00:00+00:00
[2022-10-20T22:32:00.132+0000] {processor.py:178} INFO - Processing /home/airflow/.local/lib/python3.7/site-packages/airflow/example_dags/example_branch_operator_decorator.py took 0.100 seconds
[2022-10-20T22:32:30.662+0000] {processor.py:156} INFO - Started process (PID=481) to work on /home/airflow/.local/lib/python3.7/site-packages/airflow/example_dags/example_branch_operator_decorator.py
[2022-10-20T22:32:30.665+0000] {processor.py:758} INFO - Processing file /home/airflow/.local/lib/python3.7/site-packages/airflow/example_dags/example_branch_operator_decorator.py for tasks to queue
[2022-10-20T22:32:30.666+0000] {logging_mixin.py:117} INFO - [2022-10-20T22:32:30.666+0000] {dagbag.py:525} INFO - Filling up the DagBag from /home/airflow/.local/lib/python3.7/site-packages/airflow/example_dags/example_branch_operator_decorator.py
[2022-10-20T22:32:30.691+0000] {processor.py:768} INFO - DAG(s) dict_keys(['example_branch_python_operator_decorator']) retrieved from /home/airflow/.local/lib/python3.7/site-packages/airflow/example_dags/example_branch_operator_decorator.py
[2022-10-20T22:32:30.738+0000] {logging_mixin.py:117} INFO - [2022-10-20T22:32:30.738+0000] {dag.py:2573} INFO - Sync 1 DAGs
[2022-10-20T22:32:30.767+0000] {logging_mixin.py:117} INFO - [2022-10-20T22:32:30.767+0000] {dag.py:3328} INFO - Setting next_dagrun for example_branch_python_operator_decorator to 2022-10-19T00:00:00+00:00, run_after=2022-10-20T00:00:00+00:00
[2022-10-20T22:32:30.794+0000] {processor.py:178} INFO - Processing /home/airflow/.local/lib/python3.7/site-packages/airflow/example_dags/example_branch_operator_decorator.py took 0.136 seconds
[2022-10-20T22:33:01.395+0000] {processor.py:156} INFO - Started process (PID=536) to work on /home/airflow/.local/lib/python3.7/site-packages/airflow/example_dags/example_branch_operator_decorator.py
[2022-10-20T22:33:01.398+0000] {processor.py:758} INFO - Processing file /home/airflow/.local/lib/python3.7/site-packages/airflow/example_dags/example_branch_operator_decorator.py for tasks to queue
[2022-10-20T22:33:01.399+0000] {logging_mixin.py:117} INFO - [2022-10-20T22:33:01.399+0000] {dagbag.py:525} INFO - Filling up the DagBag from /home/airflow/.local/lib/python3.7/site-packages/airflow/example_dags/example_branch_operator_decorator.py
[2022-10-20T22:33:01.423+0000] {processor.py:768} INFO - DAG(s) dict_keys(['example_branch_python_operator_decorator']) retrieved from /home/airflow/.local/lib/python3.7/site-packages/airflow/example_dags/example_branch_operator_decorator.py
[2022-10-20T22:33:01.471+0000] {logging_mixin.py:117} INFO - [2022-10-20T22:33:01.470+0000] {dag.py:2573} INFO - Sync 1 DAGs
[2022-10-20T22:33:01.498+0000] {logging_mixin.py:117} INFO - [2022-10-20T22:33:01.498+0000] {dag.py:3328} INFO - Setting next_dagrun for example_branch_python_operator_decorator to 2022-10-19T00:00:00+00:00, run_after=2022-10-20T00:00:00+00:00
[2022-10-20T22:33:01.519+0000] {processor.py:178} INFO - Processing /home/airflow/.local/lib/python3.7/site-packages/airflow/example_dags/example_branch_operator_decorator.py took 0.128 seconds
[2022-10-20T22:33:32.200+0000] {processor.py:156} INFO - Started process (PID=600) to work on /home/airflow/.local/lib/python3.7/site-packages/airflow/example_dags/example_branch_operator_decorator.py
[2022-10-20T22:33:32.202+0000] {processor.py:758} INFO - Processing file /home/airflow/.local/lib/python3.7/site-packages/airflow/example_dags/example_branch_operator_decorator.py for tasks to queue
[2022-10-20T22:33:32.203+0000] {logging_mixin.py:117} INFO - [2022-10-20T22:33:32.203+0000] {dagbag.py:525} INFO - Filling up the DagBag from /home/airflow/.local/lib/python3.7/site-packages/airflow/example_dags/example_branch_operator_decorator.py
[2022-10-20T22:33:32.223+0000] {processor.py:768} INFO - DAG(s) dict_keys(['example_branch_python_operator_decorator']) retrieved from /home/airflow/.local/lib/python3.7/site-packages/airflow/example_dags/example_branch_operator_decorator.py
[2022-10-20T22:33:32.257+0000] {logging_mixin.py:117} INFO - [2022-10-20T22:33:32.257+0000] {dag.py:2573} INFO - Sync 1 DAGs
[2022-10-20T22:33:32.279+0000] {logging_mixin.py:117} INFO - [2022-10-20T22:33:32.279+0000] {dag.py:3328} INFO - Setting next_dagrun for example_branch_python_operator_decorator to 2022-10-19T00:00:00+00:00, run_after=2022-10-20T00:00:00+00:00
[2022-10-20T22:33:32.299+0000] {processor.py:178} INFO - Processing /home/airflow/.local/lib/python3.7/site-packages/airflow/example_dags/example_branch_operator_decorator.py took 0.102 seconds
