[2022-10-20T22:28:56.092+0000] {processor.py:156} INFO - Started process (PID=46) to work on /home/airflow/.local/lib/python3.7/site-packages/airflow/example_dags/example_branch_labels.py
[2022-10-20T22:28:56.096+0000] {processor.py:758} INFO - Processing file /home/airflow/.local/lib/python3.7/site-packages/airflow/example_dags/example_branch_labels.py for tasks to queue
[2022-10-20T22:28:56.097+0000] {logging_mixin.py:117} INFO - [2022-10-20T22:28:56.097+0000] {dagbag.py:525} INFO - Filling up the DagBag from /home/airflow/.local/lib/python3.7/site-packages/airflow/example_dags/example_branch_labels.py
[2022-10-20T22:28:56.122+0000] {processor.py:768} INFO - DAG(s) dict_keys(['example_branch_labels']) retrieved from /home/airflow/.local/lib/python3.7/site-packages/airflow/example_dags/example_branch_labels.py
[2022-10-20T22:28:56.168+0000] {logging_mixin.py:117} INFO - [2022-10-20T22:28:56.168+0000] {dag.py:2573} INFO - Sync 1 DAGs
[2022-10-20T22:28:56.204+0000] {logging_mixin.py:117} INFO - [2022-10-20T22:28:56.204+0000] {dag.py:3328} INFO - Setting next_dagrun for example_branch_labels to 2022-10-19T00:00:00+00:00, run_after=2022-10-20T00:00:00+00:00
[2022-10-20T22:28:56.230+0000] {processor.py:178} INFO - Processing /home/airflow/.local/lib/python3.7/site-packages/airflow/example_dags/example_branch_labels.py took 0.142 seconds
[2022-10-20T22:29:26.662+0000] {processor.py:156} INFO - Started process (PID=109) to work on /home/airflow/.local/lib/python3.7/site-packages/airflow/example_dags/example_branch_labels.py
[2022-10-20T22:29:26.664+0000] {processor.py:758} INFO - Processing file /home/airflow/.local/lib/python3.7/site-packages/airflow/example_dags/example_branch_labels.py for tasks to queue
[2022-10-20T22:29:26.664+0000] {logging_mixin.py:117} INFO - [2022-10-20T22:29:26.664+0000] {dagbag.py:525} INFO - Filling up the DagBag from /home/airflow/.local/lib/python3.7/site-packages/airflow/example_dags/example_branch_labels.py
[2022-10-20T22:29:26.681+0000] {processor.py:768} INFO - DAG(s) dict_keys(['example_branch_labels']) retrieved from /home/airflow/.local/lib/python3.7/site-packages/airflow/example_dags/example_branch_labels.py
[2022-10-20T22:29:26.713+0000] {logging_mixin.py:117} INFO - [2022-10-20T22:29:26.713+0000] {dag.py:2573} INFO - Sync 1 DAGs
[2022-10-20T22:29:26.732+0000] {logging_mixin.py:117} INFO - [2022-10-20T22:29:26.732+0000] {dag.py:3328} INFO - Setting next_dagrun for example_branch_labels to 2022-10-19T00:00:00+00:00, run_after=2022-10-20T00:00:00+00:00
[2022-10-20T22:29:26.750+0000] {processor.py:178} INFO - Processing /home/airflow/.local/lib/python3.7/site-packages/airflow/example_dags/example_branch_labels.py took 0.090 seconds
[2022-10-20T22:29:57.394+0000] {processor.py:156} INFO - Started process (PID=173) to work on /home/airflow/.local/lib/python3.7/site-packages/airflow/example_dags/example_branch_labels.py
[2022-10-20T22:29:57.397+0000] {processor.py:758} INFO - Processing file /home/airflow/.local/lib/python3.7/site-packages/airflow/example_dags/example_branch_labels.py for tasks to queue
[2022-10-20T22:29:57.398+0000] {logging_mixin.py:117} INFO - [2022-10-20T22:29:57.398+0000] {dagbag.py:525} INFO - Filling up the DagBag from /home/airflow/.local/lib/python3.7/site-packages/airflow/example_dags/example_branch_labels.py
[2022-10-20T22:29:57.414+0000] {processor.py:768} INFO - DAG(s) dict_keys(['example_branch_labels']) retrieved from /home/airflow/.local/lib/python3.7/site-packages/airflow/example_dags/example_branch_labels.py
[2022-10-20T22:29:57.457+0000] {logging_mixin.py:117} INFO - [2022-10-20T22:29:57.457+0000] {dag.py:2573} INFO - Sync 1 DAGs
[2022-10-20T22:29:57.482+0000] {logging_mixin.py:117} INFO - [2022-10-20T22:29:57.482+0000] {dag.py:3328} INFO - Setting next_dagrun for example_branch_labels to 2022-10-19T00:00:00+00:00, run_after=2022-10-20T00:00:00+00:00
[2022-10-20T22:29:57.500+0000] {processor.py:178} INFO - Processing /home/airflow/.local/lib/python3.7/site-packages/airflow/example_dags/example_branch_labels.py took 0.109 seconds
[2022-10-20T22:30:28.341+0000] {processor.py:156} INFO - Started process (PID=237) to work on /home/airflow/.local/lib/python3.7/site-packages/airflow/example_dags/example_branch_labels.py
[2022-10-20T22:30:28.343+0000] {processor.py:758} INFO - Processing file /home/airflow/.local/lib/python3.7/site-packages/airflow/example_dags/example_branch_labels.py for tasks to queue
[2022-10-20T22:30:28.344+0000] {logging_mixin.py:117} INFO - [2022-10-20T22:30:28.344+0000] {dagbag.py:525} INFO - Filling up the DagBag from /home/airflow/.local/lib/python3.7/site-packages/airflow/example_dags/example_branch_labels.py
[2022-10-20T22:30:28.356+0000] {processor.py:768} INFO - DAG(s) dict_keys(['example_branch_labels']) retrieved from /home/airflow/.local/lib/python3.7/site-packages/airflow/example_dags/example_branch_labels.py
[2022-10-20T22:30:28.390+0000] {logging_mixin.py:117} INFO - [2022-10-20T22:30:28.390+0000] {dag.py:2573} INFO - Sync 1 DAGs
[2022-10-20T22:30:28.411+0000] {logging_mixin.py:117} INFO - [2022-10-20T22:30:28.411+0000] {dag.py:3328} INFO - Setting next_dagrun for example_branch_labels to 2022-10-19T00:00:00+00:00, run_after=2022-10-20T00:00:00+00:00
[2022-10-20T22:30:28.429+0000] {processor.py:178} INFO - Processing /home/airflow/.local/lib/python3.7/site-packages/airflow/example_dags/example_branch_labels.py took 0.090 seconds
[2022-10-20T22:30:58.752+0000] {processor.py:156} INFO - Started process (PID=291) to work on /home/airflow/.local/lib/python3.7/site-packages/airflow/example_dags/example_branch_labels.py
[2022-10-20T22:30:58.754+0000] {processor.py:758} INFO - Processing file /home/airflow/.local/lib/python3.7/site-packages/airflow/example_dags/example_branch_labels.py for tasks to queue
[2022-10-20T22:30:58.755+0000] {logging_mixin.py:117} INFO - [2022-10-20T22:30:58.755+0000] {dagbag.py:525} INFO - Filling up the DagBag from /home/airflow/.local/lib/python3.7/site-packages/airflow/example_dags/example_branch_labels.py
[2022-10-20T22:30:58.768+0000] {processor.py:768} INFO - DAG(s) dict_keys(['example_branch_labels']) retrieved from /home/airflow/.local/lib/python3.7/site-packages/airflow/example_dags/example_branch_labels.py
[2022-10-20T22:30:58.809+0000] {logging_mixin.py:117} INFO - [2022-10-20T22:30:58.809+0000] {dag.py:2573} INFO - Sync 1 DAGs
[2022-10-20T22:30:58.833+0000] {logging_mixin.py:117} INFO - [2022-10-20T22:30:58.833+0000] {dag.py:3328} INFO - Setting next_dagrun for example_branch_labels to 2022-10-19T00:00:00+00:00, run_after=2022-10-20T00:00:00+00:00
[2022-10-20T22:30:58.854+0000] {processor.py:178} INFO - Processing /home/airflow/.local/lib/python3.7/site-packages/airflow/example_dags/example_branch_labels.py took 0.106 seconds
[2022-10-20T22:31:29.372+0000] {processor.py:156} INFO - Started process (PID=354) to work on /home/airflow/.local/lib/python3.7/site-packages/airflow/example_dags/example_branch_labels.py
[2022-10-20T22:31:29.374+0000] {processor.py:758} INFO - Processing file /home/airflow/.local/lib/python3.7/site-packages/airflow/example_dags/example_branch_labels.py for tasks to queue
[2022-10-20T22:31:29.375+0000] {logging_mixin.py:117} INFO - [2022-10-20T22:31:29.375+0000] {dagbag.py:525} INFO - Filling up the DagBag from /home/airflow/.local/lib/python3.7/site-packages/airflow/example_dags/example_branch_labels.py
[2022-10-20T22:31:29.390+0000] {processor.py:768} INFO - DAG(s) dict_keys(['example_branch_labels']) retrieved from /home/airflow/.local/lib/python3.7/site-packages/airflow/example_dags/example_branch_labels.py
[2022-10-20T22:31:29.426+0000] {logging_mixin.py:117} INFO - [2022-10-20T22:31:29.426+0000] {dag.py:2573} INFO - Sync 1 DAGs
[2022-10-20T22:31:29.451+0000] {logging_mixin.py:117} INFO - [2022-10-20T22:31:29.451+0000] {dag.py:3328} INFO - Setting next_dagrun for example_branch_labels to 2022-10-19T00:00:00+00:00, run_after=2022-10-20T00:00:00+00:00
[2022-10-20T22:31:29.470+0000] {processor.py:178} INFO - Processing /home/airflow/.local/lib/python3.7/site-packages/airflow/example_dags/example_branch_labels.py took 0.101 seconds
[2022-10-20T22:31:59.881+0000] {processor.py:156} INFO - Started process (PID=417) to work on /home/airflow/.local/lib/python3.7/site-packages/airflow/example_dags/example_branch_labels.py
[2022-10-20T22:31:59.884+0000] {processor.py:758} INFO - Processing file /home/airflow/.local/lib/python3.7/site-packages/airflow/example_dags/example_branch_labels.py for tasks to queue
[2022-10-20T22:31:59.885+0000] {logging_mixin.py:117} INFO - [2022-10-20T22:31:59.885+0000] {dagbag.py:525} INFO - Filling up the DagBag from /home/airflow/.local/lib/python3.7/site-packages/airflow/example_dags/example_branch_labels.py
[2022-10-20T22:31:59.898+0000] {processor.py:768} INFO - DAG(s) dict_keys(['example_branch_labels']) retrieved from /home/airflow/.local/lib/python3.7/site-packages/airflow/example_dags/example_branch_labels.py
[2022-10-20T22:31:59.934+0000] {logging_mixin.py:117} INFO - [2022-10-20T22:31:59.934+0000] {dag.py:2573} INFO - Sync 1 DAGs
[2022-10-20T22:31:59.956+0000] {logging_mixin.py:117} INFO - [2022-10-20T22:31:59.956+0000] {dag.py:3328} INFO - Setting next_dagrun for example_branch_labels to 2022-10-19T00:00:00+00:00, run_after=2022-10-20T00:00:00+00:00
[2022-10-20T22:31:59.975+0000] {processor.py:178} INFO - Processing /home/airflow/.local/lib/python3.7/site-packages/airflow/example_dags/example_branch_labels.py took 0.097 seconds
[2022-10-20T22:32:30.470+0000] {processor.py:156} INFO - Started process (PID=478) to work on /home/airflow/.local/lib/python3.7/site-packages/airflow/example_dags/example_branch_labels.py
[2022-10-20T22:32:30.472+0000] {processor.py:758} INFO - Processing file /home/airflow/.local/lib/python3.7/site-packages/airflow/example_dags/example_branch_labels.py for tasks to queue
[2022-10-20T22:32:30.474+0000] {logging_mixin.py:117} INFO - [2022-10-20T22:32:30.473+0000] {dagbag.py:525} INFO - Filling up the DagBag from /home/airflow/.local/lib/python3.7/site-packages/airflow/example_dags/example_branch_labels.py
[2022-10-20T22:32:30.490+0000] {processor.py:768} INFO - DAG(s) dict_keys(['example_branch_labels']) retrieved from /home/airflow/.local/lib/python3.7/site-packages/airflow/example_dags/example_branch_labels.py
[2022-10-20T22:32:30.533+0000] {logging_mixin.py:117} INFO - [2022-10-20T22:32:30.533+0000] {dag.py:2573} INFO - Sync 1 DAGs
[2022-10-20T22:32:30.564+0000] {logging_mixin.py:117} INFO - [2022-10-20T22:32:30.563+0000] {dag.py:3328} INFO - Setting next_dagrun for example_branch_labels to 2022-10-19T00:00:00+00:00, run_after=2022-10-20T00:00:00+00:00
[2022-10-20T22:32:30.596+0000] {processor.py:178} INFO - Processing /home/airflow/.local/lib/python3.7/site-packages/airflow/example_dags/example_branch_labels.py took 0.129 seconds
[2022-10-20T22:33:01.263+0000] {processor.py:156} INFO - Started process (PID=535) to work on /home/airflow/.local/lib/python3.7/site-packages/airflow/example_dags/example_branch_labels.py
[2022-10-20T22:33:01.265+0000] {processor.py:758} INFO - Processing file /home/airflow/.local/lib/python3.7/site-packages/airflow/example_dags/example_branch_labels.py for tasks to queue
[2022-10-20T22:33:01.266+0000] {logging_mixin.py:117} INFO - [2022-10-20T22:33:01.266+0000] {dagbag.py:525} INFO - Filling up the DagBag from /home/airflow/.local/lib/python3.7/site-packages/airflow/example_dags/example_branch_labels.py
[2022-10-20T22:33:01.278+0000] {processor.py:768} INFO - DAG(s) dict_keys(['example_branch_labels']) retrieved from /home/airflow/.local/lib/python3.7/site-packages/airflow/example_dags/example_branch_labels.py
[2022-10-20T22:33:01.310+0000] {logging_mixin.py:117} INFO - [2022-10-20T22:33:01.310+0000] {dag.py:2573} INFO - Sync 1 DAGs
[2022-10-20T22:33:01.333+0000] {logging_mixin.py:117} INFO - [2022-10-20T22:33:01.332+0000] {dag.py:3328} INFO - Setting next_dagrun for example_branch_labels to 2022-10-19T00:00:00+00:00, run_after=2022-10-20T00:00:00+00:00
[2022-10-20T22:33:01.352+0000] {processor.py:178} INFO - Processing /home/airflow/.local/lib/python3.7/site-packages/airflow/example_dags/example_branch_labels.py took 0.092 seconds
[2022-10-20T22:33:32.044+0000] {processor.py:156} INFO - Started process (PID=599) to work on /home/airflow/.local/lib/python3.7/site-packages/airflow/example_dags/example_branch_labels.py
[2022-10-20T22:33:32.046+0000] {processor.py:758} INFO - Processing file /home/airflow/.local/lib/python3.7/site-packages/airflow/example_dags/example_branch_labels.py for tasks to queue
[2022-10-20T22:33:32.047+0000] {logging_mixin.py:117} INFO - [2022-10-20T22:33:32.047+0000] {dagbag.py:525} INFO - Filling up the DagBag from /home/airflow/.local/lib/python3.7/site-packages/airflow/example_dags/example_branch_labels.py
[2022-10-20T22:33:32.060+0000] {processor.py:768} INFO - DAG(s) dict_keys(['example_branch_labels']) retrieved from /home/airflow/.local/lib/python3.7/site-packages/airflow/example_dags/example_branch_labels.py
[2022-10-20T22:33:32.095+0000] {logging_mixin.py:117} INFO - [2022-10-20T22:33:32.094+0000] {dag.py:2573} INFO - Sync 1 DAGs
[2022-10-20T22:33:32.116+0000] {logging_mixin.py:117} INFO - [2022-10-20T22:33:32.116+0000] {dag.py:3328} INFO - Setting next_dagrun for example_branch_labels to 2022-10-19T00:00:00+00:00, run_after=2022-10-20T00:00:00+00:00
[2022-10-20T22:33:32.142+0000] {processor.py:178} INFO - Processing /home/airflow/.local/lib/python3.7/site-packages/airflow/example_dags/example_branch_labels.py took 0.101 seconds
