[2022-10-20T22:28:56.610+0000] {processor.py:156} INFO - Started process (PID=56) to work on /home/airflow/.local/lib/python3.7/site-packages/airflow/example_dags/example_task_group.py
[2022-10-20T22:28:56.613+0000] {processor.py:758} INFO - Processing file /home/airflow/.local/lib/python3.7/site-packages/airflow/example_dags/example_task_group.py for tasks to queue
[2022-10-20T22:28:56.614+0000] {logging_mixin.py:117} INFO - [2022-10-20T22:28:56.614+0000] {dagbag.py:525} INFO - Filling up the DagBag from /home/airflow/.local/lib/python3.7/site-packages/airflow/example_dags/example_task_group.py
[2022-10-20T22:28:56.640+0000] {processor.py:768} INFO - DAG(s) dict_keys(['example_task_group']) retrieved from /home/airflow/.local/lib/python3.7/site-packages/airflow/example_dags/example_task_group.py
[2022-10-20T22:28:56.816+0000] {logging_mixin.py:117} INFO - [2022-10-20T22:28:56.815+0000] {dag.py:2573} INFO - Sync 1 DAGs
[2022-10-20T22:28:56.867+0000] {logging_mixin.py:117} INFO - [2022-10-20T22:28:56.867+0000] {dag.py:3328} INFO - Setting next_dagrun for example_task_group to 2022-10-19T22:28:56.867214+00:00, run_after=2022-10-20T22:28:56.867214+00:00
[2022-10-20T22:28:56.903+0000] {processor.py:178} INFO - Processing /home/airflow/.local/lib/python3.7/site-packages/airflow/example_dags/example_task_group.py took 0.296 seconds
[2022-10-20T22:29:26.958+0000] {processor.py:156} INFO - Started process (PID=112) to work on /home/airflow/.local/lib/python3.7/site-packages/airflow/example_dags/example_task_group.py
[2022-10-20T22:29:26.961+0000] {processor.py:758} INFO - Processing file /home/airflow/.local/lib/python3.7/site-packages/airflow/example_dags/example_task_group.py for tasks to queue
[2022-10-20T22:29:26.963+0000] {logging_mixin.py:117} INFO - [2022-10-20T22:29:26.962+0000] {dagbag.py:525} INFO - Filling up the DagBag from /home/airflow/.local/lib/python3.7/site-packages/airflow/example_dags/example_task_group.py
[2022-10-20T22:29:26.987+0000] {processor.py:768} INFO - DAG(s) dict_keys(['example_task_group']) retrieved from /home/airflow/.local/lib/python3.7/site-packages/airflow/example_dags/example_task_group.py
[2022-10-20T22:29:27.029+0000] {logging_mixin.py:117} INFO - [2022-10-20T22:29:27.029+0000] {dag.py:2573} INFO - Sync 1 DAGs
[2022-10-20T22:29:27.061+0000] {logging_mixin.py:117} INFO - [2022-10-20T22:29:27.061+0000] {dag.py:3328} INFO - Setting next_dagrun for example_task_group to 2022-10-19T22:29:27.061198+00:00, run_after=2022-10-20T22:29:27.061198+00:00
[2022-10-20T22:29:27.086+0000] {processor.py:178} INFO - Processing /home/airflow/.local/lib/python3.7/site-packages/airflow/example_dags/example_task_group.py took 0.133 seconds
[2022-10-20T22:29:57.706+0000] {processor.py:156} INFO - Started process (PID=176) to work on /home/airflow/.local/lib/python3.7/site-packages/airflow/example_dags/example_task_group.py
[2022-10-20T22:29:57.708+0000] {processor.py:758} INFO - Processing file /home/airflow/.local/lib/python3.7/site-packages/airflow/example_dags/example_task_group.py for tasks to queue
[2022-10-20T22:29:57.709+0000] {logging_mixin.py:117} INFO - [2022-10-20T22:29:57.709+0000] {dagbag.py:525} INFO - Filling up the DagBag from /home/airflow/.local/lib/python3.7/site-packages/airflow/example_dags/example_task_group.py
[2022-10-20T22:29:57.725+0000] {processor.py:768} INFO - DAG(s) dict_keys(['example_task_group']) retrieved from /home/airflow/.local/lib/python3.7/site-packages/airflow/example_dags/example_task_group.py
[2022-10-20T22:29:57.762+0000] {logging_mixin.py:117} INFO - [2022-10-20T22:29:57.762+0000] {dag.py:2573} INFO - Sync 1 DAGs
[2022-10-20T22:29:57.784+0000] {logging_mixin.py:117} INFO - [2022-10-20T22:29:57.784+0000] {dag.py:3328} INFO - Setting next_dagrun for example_task_group to 2022-10-19T22:29:57.784173+00:00, run_after=2022-10-20T22:29:57.784173+00:00
[2022-10-20T22:29:57.802+0000] {processor.py:178} INFO - Processing /home/airflow/.local/lib/python3.7/site-packages/airflow/example_dags/example_task_group.py took 0.099 seconds
[2022-10-20T22:30:28.609+0000] {processor.py:156} INFO - Started process (PID=240) to work on /home/airflow/.local/lib/python3.7/site-packages/airflow/example_dags/example_task_group.py
[2022-10-20T22:30:28.611+0000] {processor.py:758} INFO - Processing file /home/airflow/.local/lib/python3.7/site-packages/airflow/example_dags/example_task_group.py for tasks to queue
[2022-10-20T22:30:28.613+0000] {logging_mixin.py:117} INFO - [2022-10-20T22:30:28.612+0000] {dagbag.py:525} INFO - Filling up the DagBag from /home/airflow/.local/lib/python3.7/site-packages/airflow/example_dags/example_task_group.py
[2022-10-20T22:30:28.626+0000] {processor.py:768} INFO - DAG(s) dict_keys(['example_task_group']) retrieved from /home/airflow/.local/lib/python3.7/site-packages/airflow/example_dags/example_task_group.py
[2022-10-20T22:30:28.663+0000] {logging_mixin.py:117} INFO - [2022-10-20T22:30:28.663+0000] {dag.py:2573} INFO - Sync 1 DAGs
[2022-10-20T22:30:28.684+0000] {logging_mixin.py:117} INFO - [2022-10-20T22:30:28.684+0000] {dag.py:3328} INFO - Setting next_dagrun for example_task_group to 2022-10-19T22:30:28.684335+00:00, run_after=2022-10-20T22:30:28.684335+00:00
[2022-10-20T22:30:28.701+0000] {processor.py:178} INFO - Processing /home/airflow/.local/lib/python3.7/site-packages/airflow/example_dags/example_task_group.py took 0.096 seconds
[2022-10-20T22:30:59.036+0000] {processor.py:156} INFO - Started process (PID=294) to work on /home/airflow/.local/lib/python3.7/site-packages/airflow/example_dags/example_task_group.py
[2022-10-20T22:30:59.038+0000] {processor.py:758} INFO - Processing file /home/airflow/.local/lib/python3.7/site-packages/airflow/example_dags/example_task_group.py for tasks to queue
[2022-10-20T22:30:59.039+0000] {logging_mixin.py:117} INFO - [2022-10-20T22:30:59.039+0000] {dagbag.py:525} INFO - Filling up the DagBag from /home/airflow/.local/lib/python3.7/site-packages/airflow/example_dags/example_task_group.py
[2022-10-20T22:30:59.053+0000] {processor.py:768} INFO - DAG(s) dict_keys(['example_task_group']) retrieved from /home/airflow/.local/lib/python3.7/site-packages/airflow/example_dags/example_task_group.py
[2022-10-20T22:30:59.093+0000] {logging_mixin.py:117} INFO - [2022-10-20T22:30:59.093+0000] {dag.py:2573} INFO - Sync 1 DAGs
[2022-10-20T22:30:59.118+0000] {logging_mixin.py:117} INFO - [2022-10-20T22:30:59.118+0000] {dag.py:3328} INFO - Setting next_dagrun for example_task_group to 2022-10-19T22:30:59.117767+00:00, run_after=2022-10-20T22:30:59.117767+00:00
[2022-10-20T22:30:59.140+0000] {processor.py:178} INFO - Processing /home/airflow/.local/lib/python3.7/site-packages/airflow/example_dags/example_task_group.py took 0.107 seconds
[2022-10-20T22:31:29.705+0000] {processor.py:156} INFO - Started process (PID=357) to work on /home/airflow/.local/lib/python3.7/site-packages/airflow/example_dags/example_task_group.py
[2022-10-20T22:31:29.708+0000] {processor.py:758} INFO - Processing file /home/airflow/.local/lib/python3.7/site-packages/airflow/example_dags/example_task_group.py for tasks to queue
[2022-10-20T22:31:29.709+0000] {logging_mixin.py:117} INFO - [2022-10-20T22:31:29.709+0000] {dagbag.py:525} INFO - Filling up the DagBag from /home/airflow/.local/lib/python3.7/site-packages/airflow/example_dags/example_task_group.py
[2022-10-20T22:31:29.725+0000] {processor.py:768} INFO - DAG(s) dict_keys(['example_task_group']) retrieved from /home/airflow/.local/lib/python3.7/site-packages/airflow/example_dags/example_task_group.py
[2022-10-20T22:31:29.764+0000] {logging_mixin.py:117} INFO - [2022-10-20T22:31:29.763+0000] {dag.py:2573} INFO - Sync 1 DAGs
[2022-10-20T22:31:29.787+0000] {logging_mixin.py:117} INFO - [2022-10-20T22:31:29.787+0000] {dag.py:3328} INFO - Setting next_dagrun for example_task_group to 2022-10-19T22:31:29.787264+00:00, run_after=2022-10-20T22:31:29.787264+00:00
[2022-10-20T22:31:29.809+0000] {processor.py:178} INFO - Processing /home/airflow/.local/lib/python3.7/site-packages/airflow/example_dags/example_task_group.py took 0.107 seconds
[2022-10-20T22:32:00.182+0000] {processor.py:156} INFO - Started process (PID=420) to work on /home/airflow/.local/lib/python3.7/site-packages/airflow/example_dags/example_task_group.py
[2022-10-20T22:32:00.188+0000] {processor.py:758} INFO - Processing file /home/airflow/.local/lib/python3.7/site-packages/airflow/example_dags/example_task_group.py for tasks to queue
[2022-10-20T22:32:00.190+0000] {logging_mixin.py:117} INFO - [2022-10-20T22:32:00.190+0000] {dagbag.py:525} INFO - Filling up the DagBag from /home/airflow/.local/lib/python3.7/site-packages/airflow/example_dags/example_task_group.py
[2022-10-20T22:32:00.206+0000] {processor.py:768} INFO - DAG(s) dict_keys(['example_task_group']) retrieved from /home/airflow/.local/lib/python3.7/site-packages/airflow/example_dags/example_task_group.py
[2022-10-20T22:32:00.246+0000] {logging_mixin.py:117} INFO - [2022-10-20T22:32:00.246+0000] {dag.py:2573} INFO - Sync 1 DAGs
[2022-10-20T22:32:00.272+0000] {logging_mixin.py:117} INFO - [2022-10-20T22:32:00.272+0000] {dag.py:3328} INFO - Setting next_dagrun for example_task_group to 2022-10-19T22:32:00.272061+00:00, run_after=2022-10-20T22:32:00.272061+00:00
[2022-10-20T22:32:00.294+0000] {processor.py:178} INFO - Processing /home/airflow/.local/lib/python3.7/site-packages/airflow/example_dags/example_task_group.py took 0.115 seconds
[2022-10-20T22:32:30.856+0000] {processor.py:156} INFO - Started process (PID=483) to work on /home/airflow/.local/lib/python3.7/site-packages/airflow/example_dags/example_task_group.py
[2022-10-20T22:32:30.858+0000] {processor.py:758} INFO - Processing file /home/airflow/.local/lib/python3.7/site-packages/airflow/example_dags/example_task_group.py for tasks to queue
[2022-10-20T22:32:30.859+0000] {logging_mixin.py:117} INFO - [2022-10-20T22:32:30.859+0000] {dagbag.py:525} INFO - Filling up the DagBag from /home/airflow/.local/lib/python3.7/site-packages/airflow/example_dags/example_task_group.py
[2022-10-20T22:32:30.878+0000] {processor.py:768} INFO - DAG(s) dict_keys(['example_task_group']) retrieved from /home/airflow/.local/lib/python3.7/site-packages/airflow/example_dags/example_task_group.py
[2022-10-20T22:32:30.928+0000] {logging_mixin.py:117} INFO - [2022-10-20T22:32:30.928+0000] {dag.py:2573} INFO - Sync 1 DAGs
[2022-10-20T22:32:30.960+0000] {logging_mixin.py:117} INFO - [2022-10-20T22:32:30.959+0000] {dag.py:3328} INFO - Setting next_dagrun for example_task_group to 2022-10-19T22:32:30.959544+00:00, run_after=2022-10-20T22:32:30.959544+00:00
[2022-10-20T22:32:30.982+0000] {processor.py:178} INFO - Processing /home/airflow/.local/lib/python3.7/site-packages/airflow/example_dags/example_task_group.py took 0.129 seconds
[2022-10-20T22:33:01.560+0000] {processor.py:156} INFO - Started process (PID=538) to work on /home/airflow/.local/lib/python3.7/site-packages/airflow/example_dags/example_task_group.py
[2022-10-20T22:33:01.567+0000] {processor.py:758} INFO - Processing file /home/airflow/.local/lib/python3.7/site-packages/airflow/example_dags/example_task_group.py for tasks to queue
[2022-10-20T22:33:01.568+0000] {logging_mixin.py:117} INFO - [2022-10-20T22:33:01.568+0000] {dagbag.py:525} INFO - Filling up the DagBag from /home/airflow/.local/lib/python3.7/site-packages/airflow/example_dags/example_task_group.py
[2022-10-20T22:33:01.584+0000] {processor.py:768} INFO - DAG(s) dict_keys(['example_task_group']) retrieved from /home/airflow/.local/lib/python3.7/site-packages/airflow/example_dags/example_task_group.py
[2022-10-20T22:33:01.621+0000] {logging_mixin.py:117} INFO - [2022-10-20T22:33:01.621+0000] {dag.py:2573} INFO - Sync 1 DAGs
[2022-10-20T22:33:01.643+0000] {logging_mixin.py:117} INFO - [2022-10-20T22:33:01.643+0000] {dag.py:3328} INFO - Setting next_dagrun for example_task_group to 2022-10-19T22:33:01.643380+00:00, run_after=2022-10-20T22:33:01.643380+00:00
[2022-10-20T22:33:01.664+0000] {processor.py:178} INFO - Processing /home/airflow/.local/lib/python3.7/site-packages/airflow/example_dags/example_task_group.py took 0.108 seconds
[2022-10-20T22:33:32.345+0000] {processor.py:156} INFO - Started process (PID=602) to work on /home/airflow/.local/lib/python3.7/site-packages/airflow/example_dags/example_task_group.py
[2022-10-20T22:33:32.350+0000] {processor.py:758} INFO - Processing file /home/airflow/.local/lib/python3.7/site-packages/airflow/example_dags/example_task_group.py for tasks to queue
[2022-10-20T22:33:32.351+0000] {logging_mixin.py:117} INFO - [2022-10-20T22:33:32.351+0000] {dagbag.py:525} INFO - Filling up the DagBag from /home/airflow/.local/lib/python3.7/site-packages/airflow/example_dags/example_task_group.py
[2022-10-20T22:33:32.364+0000] {processor.py:768} INFO - DAG(s) dict_keys(['example_task_group']) retrieved from /home/airflow/.local/lib/python3.7/site-packages/airflow/example_dags/example_task_group.py
[2022-10-20T22:33:32.401+0000] {logging_mixin.py:117} INFO - [2022-10-20T22:33:32.401+0000] {dag.py:2573} INFO - Sync 1 DAGs
[2022-10-20T22:33:32.424+0000] {logging_mixin.py:117} INFO - [2022-10-20T22:33:32.424+0000] {dag.py:3328} INFO - Setting next_dagrun for example_task_group to 2022-10-19T22:33:32.424589+00:00, run_after=2022-10-20T22:33:32.424589+00:00
[2022-10-20T22:33:32.443+0000] {processor.py:178} INFO - Processing /home/airflow/.local/lib/python3.7/site-packages/airflow/example_dags/example_task_group.py took 0.102 seconds
