[2022-10-20T22:28:59.767+0000] {processor.py:156} INFO - Started process (PID=83) to work on /home/airflow/.local/lib/python3.7/site-packages/airflow/example_dags/example_xcomargs.py
[2022-10-20T22:28:59.770+0000] {processor.py:758} INFO - Processing file /home/airflow/.local/lib/python3.7/site-packages/airflow/example_dags/example_xcomargs.py for tasks to queue
[2022-10-20T22:28:59.772+0000] {logging_mixin.py:117} INFO - [2022-10-20T22:28:59.771+0000] {dagbag.py:525} INFO - Filling up the DagBag from /home/airflow/.local/lib/python3.7/site-packages/airflow/example_dags/example_xcomargs.py
[2022-10-20T22:28:59.810+0000] {processor.py:768} INFO - DAG(s) dict_keys(['example_xcom_args_with_operators', 'example_xcom_args']) retrieved from /home/airflow/.local/lib/python3.7/site-packages/airflow/example_dags/example_xcomargs.py
[2022-10-20T22:28:59.851+0000] {logging_mixin.py:117} INFO - [2022-10-20T22:28:59.851+0000] {dag.py:2573} INFO - Sync 2 DAGs
[2022-10-20T22:28:59.889+0000] {logging_mixin.py:117} INFO - [2022-10-20T22:28:59.889+0000] {dag.py:3328} INFO - Setting next_dagrun for example_xcom_args to None, run_after=None
[2022-10-20T22:28:59.895+0000] {logging_mixin.py:117} INFO - [2022-10-20T22:28:59.894+0000] {dag.py:3328} INFO - Setting next_dagrun for example_xcom_args_with_operators to None, run_after=None
[2022-10-20T22:28:59.918+0000] {processor.py:178} INFO - Processing /home/airflow/.local/lib/python3.7/site-packages/airflow/example_dags/example_xcomargs.py took 0.155 seconds
[2022-10-20T22:29:30.580+0000] {processor.py:156} INFO - Started process (PID=137) to work on /home/airflow/.local/lib/python3.7/site-packages/airflow/example_dags/example_xcomargs.py
[2022-10-20T22:29:30.586+0000] {processor.py:758} INFO - Processing file /home/airflow/.local/lib/python3.7/site-packages/airflow/example_dags/example_xcomargs.py for tasks to queue
[2022-10-20T22:29:30.587+0000] {logging_mixin.py:117} INFO - [2022-10-20T22:29:30.587+0000] {dagbag.py:525} INFO - Filling up the DagBag from /home/airflow/.local/lib/python3.7/site-packages/airflow/example_dags/example_xcomargs.py
[2022-10-20T22:29:30.613+0000] {processor.py:768} INFO - DAG(s) dict_keys(['example_xcom_args', 'example_xcom_args_with_operators']) retrieved from /home/airflow/.local/lib/python3.7/site-packages/airflow/example_dags/example_xcomargs.py
[2022-10-20T22:29:30.649+0000] {logging_mixin.py:117} INFO - [2022-10-20T22:29:30.649+0000] {dag.py:2573} INFO - Sync 2 DAGs
[2022-10-20T22:29:30.678+0000] {logging_mixin.py:117} INFO - [2022-10-20T22:29:30.678+0000] {dag.py:3328} INFO - Setting next_dagrun for example_xcom_args to None, run_after=None
[2022-10-20T22:29:30.683+0000] {logging_mixin.py:117} INFO - [2022-10-20T22:29:30.683+0000] {dag.py:3328} INFO - Setting next_dagrun for example_xcom_args_with_operators to None, run_after=None
[2022-10-20T22:29:30.700+0000] {processor.py:178} INFO - Processing /home/airflow/.local/lib/python3.7/site-packages/airflow/example_dags/example_xcomargs.py took 0.123 seconds
[2022-10-20T22:30:01.424+0000] {processor.py:156} INFO - Started process (PID=201) to work on /home/airflow/.local/lib/python3.7/site-packages/airflow/example_dags/example_xcomargs.py
[2022-10-20T22:30:01.426+0000] {processor.py:758} INFO - Processing file /home/airflow/.local/lib/python3.7/site-packages/airflow/example_dags/example_xcomargs.py for tasks to queue
[2022-10-20T22:30:01.428+0000] {logging_mixin.py:117} INFO - [2022-10-20T22:30:01.427+0000] {dagbag.py:525} INFO - Filling up the DagBag from /home/airflow/.local/lib/python3.7/site-packages/airflow/example_dags/example_xcomargs.py
[2022-10-20T22:30:01.452+0000] {processor.py:768} INFO - DAG(s) dict_keys(['example_xcom_args', 'example_xcom_args_with_operators']) retrieved from /home/airflow/.local/lib/python3.7/site-packages/airflow/example_dags/example_xcomargs.py
[2022-10-20T22:30:01.496+0000] {logging_mixin.py:117} INFO - [2022-10-20T22:30:01.496+0000] {dag.py:2573} INFO - Sync 2 DAGs
[2022-10-20T22:30:01.519+0000] {logging_mixin.py:117} INFO - [2022-10-20T22:30:01.519+0000] {dag.py:3328} INFO - Setting next_dagrun for example_xcom_args to None, run_after=None
[2022-10-20T22:30:01.533+0000] {logging_mixin.py:117} INFO - [2022-10-20T22:30:01.533+0000] {dag.py:3328} INFO - Setting next_dagrun for example_xcom_args_with_operators to None, run_after=None
[2022-10-20T22:30:01.558+0000] {processor.py:178} INFO - Processing /home/airflow/.local/lib/python3.7/site-packages/airflow/example_dags/example_xcomargs.py took 0.137 seconds
[2022-10-20T22:30:31.955+0000] {processor.py:156} INFO - Started process (PID=265) to work on /home/airflow/.local/lib/python3.7/site-packages/airflow/example_dags/example_xcomargs.py
[2022-10-20T22:30:31.958+0000] {processor.py:758} INFO - Processing file /home/airflow/.local/lib/python3.7/site-packages/airflow/example_dags/example_xcomargs.py for tasks to queue
[2022-10-20T22:30:31.959+0000] {logging_mixin.py:117} INFO - [2022-10-20T22:30:31.959+0000] {dagbag.py:525} INFO - Filling up the DagBag from /home/airflow/.local/lib/python3.7/site-packages/airflow/example_dags/example_xcomargs.py
[2022-10-20T22:30:31.991+0000] {processor.py:768} INFO - DAG(s) dict_keys(['example_xcom_args', 'example_xcom_args_with_operators']) retrieved from /home/airflow/.local/lib/python3.7/site-packages/airflow/example_dags/example_xcomargs.py
[2022-10-20T22:30:32.043+0000] {logging_mixin.py:117} INFO - [2022-10-20T22:30:32.043+0000] {dag.py:2573} INFO - Sync 2 DAGs
[2022-10-20T22:30:32.067+0000] {logging_mixin.py:117} INFO - [2022-10-20T22:30:32.067+0000] {dag.py:3328} INFO - Setting next_dagrun for example_xcom_args to None, run_after=None
[2022-10-20T22:30:32.073+0000] {logging_mixin.py:117} INFO - [2022-10-20T22:30:32.073+0000] {dag.py:3328} INFO - Setting next_dagrun for example_xcom_args_with_operators to None, run_after=None
[2022-10-20T22:30:32.094+0000] {processor.py:178} INFO - Processing /home/airflow/.local/lib/python3.7/site-packages/airflow/example_dags/example_xcomargs.py took 0.143 seconds
[2022-10-20T22:31:02.541+0000] {processor.py:156} INFO - Started process (PID=328) to work on /home/airflow/.local/lib/python3.7/site-packages/airflow/example_dags/example_xcomargs.py
[2022-10-20T22:31:02.543+0000] {processor.py:758} INFO - Processing file /home/airflow/.local/lib/python3.7/site-packages/airflow/example_dags/example_xcomargs.py for tasks to queue
[2022-10-20T22:31:02.545+0000] {logging_mixin.py:117} INFO - [2022-10-20T22:31:02.545+0000] {dagbag.py:525} INFO - Filling up the DagBag from /home/airflow/.local/lib/python3.7/site-packages/airflow/example_dags/example_xcomargs.py
[2022-10-20T22:31:02.569+0000] {processor.py:768} INFO - DAG(s) dict_keys(['example_xcom_args', 'example_xcom_args_with_operators']) retrieved from /home/airflow/.local/lib/python3.7/site-packages/airflow/example_dags/example_xcomargs.py
[2022-10-20T22:31:02.611+0000] {logging_mixin.py:117} INFO - [2022-10-20T22:31:02.611+0000] {dag.py:2573} INFO - Sync 2 DAGs
[2022-10-20T22:31:02.632+0000] {logging_mixin.py:117} INFO - [2022-10-20T22:31:02.631+0000] {dag.py:3328} INFO - Setting next_dagrun for example_xcom_args to None, run_after=None
[2022-10-20T22:31:02.636+0000] {logging_mixin.py:117} INFO - [2022-10-20T22:31:02.636+0000] {dag.py:3328} INFO - Setting next_dagrun for example_xcom_args_with_operators to None, run_after=None
[2022-10-20T22:31:02.655+0000] {processor.py:178} INFO - Processing /home/airflow/.local/lib/python3.7/site-packages/airflow/example_dags/example_xcomargs.py took 0.117 seconds
[2022-10-20T22:31:33.091+0000] {processor.py:156} INFO - Started process (PID=381) to work on /home/airflow/.local/lib/python3.7/site-packages/airflow/example_dags/example_xcomargs.py
[2022-10-20T22:31:33.102+0000] {processor.py:758} INFO - Processing file /home/airflow/.local/lib/python3.7/site-packages/airflow/example_dags/example_xcomargs.py for tasks to queue
[2022-10-20T22:31:33.104+0000] {logging_mixin.py:117} INFO - [2022-10-20T22:31:33.103+0000] {dagbag.py:525} INFO - Filling up the DagBag from /home/airflow/.local/lib/python3.7/site-packages/airflow/example_dags/example_xcomargs.py
[2022-10-20T22:31:33.130+0000] {processor.py:768} INFO - DAG(s) dict_keys(['example_xcom_args', 'example_xcom_args_with_operators']) retrieved from /home/airflow/.local/lib/python3.7/site-packages/airflow/example_dags/example_xcomargs.py
[2022-10-20T22:31:33.170+0000] {logging_mixin.py:117} INFO - [2022-10-20T22:31:33.170+0000] {dag.py:2573} INFO - Sync 2 DAGs
[2022-10-20T22:31:33.194+0000] {logging_mixin.py:117} INFO - [2022-10-20T22:31:33.194+0000] {dag.py:3328} INFO - Setting next_dagrun for example_xcom_args to None, run_after=None
[2022-10-20T22:31:33.198+0000] {logging_mixin.py:117} INFO - [2022-10-20T22:31:33.197+0000] {dag.py:3328} INFO - Setting next_dagrun for example_xcom_args_with_operators to None, run_after=None
[2022-10-20T22:31:33.214+0000] {processor.py:178} INFO - Processing /home/airflow/.local/lib/python3.7/site-packages/airflow/example_dags/example_xcomargs.py took 0.126 seconds
[2022-10-20T22:32:03.542+0000] {processor.py:156} INFO - Started process (PID=446) to work on /home/airflow/.local/lib/python3.7/site-packages/airflow/example_dags/example_xcomargs.py
[2022-10-20T22:32:03.543+0000] {processor.py:758} INFO - Processing file /home/airflow/.local/lib/python3.7/site-packages/airflow/example_dags/example_xcomargs.py for tasks to queue
[2022-10-20T22:32:03.545+0000] {logging_mixin.py:117} INFO - [2022-10-20T22:32:03.545+0000] {dagbag.py:525} INFO - Filling up the DagBag from /home/airflow/.local/lib/python3.7/site-packages/airflow/example_dags/example_xcomargs.py
[2022-10-20T22:32:03.565+0000] {processor.py:768} INFO - DAG(s) dict_keys(['example_xcom_args', 'example_xcom_args_with_operators']) retrieved from /home/airflow/.local/lib/python3.7/site-packages/airflow/example_dags/example_xcomargs.py
[2022-10-20T22:32:03.608+0000] {logging_mixin.py:117} INFO - [2022-10-20T22:32:03.608+0000] {dag.py:2573} INFO - Sync 2 DAGs
[2022-10-20T22:32:03.631+0000] {logging_mixin.py:117} INFO - [2022-10-20T22:32:03.631+0000] {dag.py:3328} INFO - Setting next_dagrun for example_xcom_args to None, run_after=None
[2022-10-20T22:32:03.635+0000] {logging_mixin.py:117} INFO - [2022-10-20T22:32:03.635+0000] {dag.py:3328} INFO - Setting next_dagrun for example_xcom_args_with_operators to None, run_after=None
[2022-10-20T22:32:03.652+0000] {processor.py:178} INFO - Processing /home/airflow/.local/lib/python3.7/site-packages/airflow/example_dags/example_xcomargs.py took 0.113 seconds
[2022-10-20T22:32:34.478+0000] {processor.py:156} INFO - Started process (PID=508) to work on /home/airflow/.local/lib/python3.7/site-packages/airflow/example_dags/example_xcomargs.py
[2022-10-20T22:32:34.480+0000] {processor.py:758} INFO - Processing file /home/airflow/.local/lib/python3.7/site-packages/airflow/example_dags/example_xcomargs.py for tasks to queue
[2022-10-20T22:32:34.480+0000] {logging_mixin.py:117} INFO - [2022-10-20T22:32:34.480+0000] {dagbag.py:525} INFO - Filling up the DagBag from /home/airflow/.local/lib/python3.7/site-packages/airflow/example_dags/example_xcomargs.py
[2022-10-20T22:32:34.500+0000] {processor.py:768} INFO - DAG(s) dict_keys(['example_xcom_args', 'example_xcom_args_with_operators']) retrieved from /home/airflow/.local/lib/python3.7/site-packages/airflow/example_dags/example_xcomargs.py
[2022-10-20T22:32:34.533+0000] {logging_mixin.py:117} INFO - [2022-10-20T22:32:34.533+0000] {dag.py:2573} INFO - Sync 2 DAGs
[2022-10-20T22:32:34.558+0000] {logging_mixin.py:117} INFO - [2022-10-20T22:32:34.558+0000] {dag.py:3328} INFO - Setting next_dagrun for example_xcom_args to None, run_after=None
[2022-10-20T22:32:34.563+0000] {logging_mixin.py:117} INFO - [2022-10-20T22:32:34.563+0000] {dag.py:3328} INFO - Setting next_dagrun for example_xcom_args_with_operators to None, run_after=None
[2022-10-20T22:32:34.581+0000] {processor.py:178} INFO - Processing /home/airflow/.local/lib/python3.7/site-packages/airflow/example_dags/example_xcomargs.py took 0.105 seconds
[2022-10-20T22:33:05.258+0000] {processor.py:156} INFO - Started process (PID=572) to work on /home/airflow/.local/lib/python3.7/site-packages/airflow/example_dags/example_xcomargs.py
[2022-10-20T22:33:05.261+0000] {processor.py:758} INFO - Processing file /home/airflow/.local/lib/python3.7/site-packages/airflow/example_dags/example_xcomargs.py for tasks to queue
[2022-10-20T22:33:05.262+0000] {logging_mixin.py:117} INFO - [2022-10-20T22:33:05.261+0000] {dagbag.py:525} INFO - Filling up the DagBag from /home/airflow/.local/lib/python3.7/site-packages/airflow/example_dags/example_xcomargs.py
[2022-10-20T22:33:05.286+0000] {processor.py:768} INFO - DAG(s) dict_keys(['example_xcom_args', 'example_xcom_args_with_operators']) retrieved from /home/airflow/.local/lib/python3.7/site-packages/airflow/example_dags/example_xcomargs.py
[2022-10-20T22:33:05.335+0000] {logging_mixin.py:117} INFO - [2022-10-20T22:33:05.335+0000] {dag.py:2573} INFO - Sync 2 DAGs
[2022-10-20T22:33:05.363+0000] {logging_mixin.py:117} INFO - [2022-10-20T22:33:05.363+0000] {dag.py:3328} INFO - Setting next_dagrun for example_xcom_args to None, run_after=None
[2022-10-20T22:33:05.368+0000] {logging_mixin.py:117} INFO - [2022-10-20T22:33:05.368+0000] {dag.py:3328} INFO - Setting next_dagrun for example_xcom_args_with_operators to None, run_after=None
[2022-10-20T22:33:05.390+0000] {processor.py:178} INFO - Processing /home/airflow/.local/lib/python3.7/site-packages/airflow/example_dags/example_xcomargs.py took 0.136 seconds
[2022-10-20T22:33:35.605+0000] {processor.py:156} INFO - Started process (PID=627) to work on /home/airflow/.local/lib/python3.7/site-packages/airflow/example_dags/example_xcomargs.py
[2022-10-20T22:33:35.608+0000] {processor.py:758} INFO - Processing file /home/airflow/.local/lib/python3.7/site-packages/airflow/example_dags/example_xcomargs.py for tasks to queue
[2022-10-20T22:33:35.609+0000] {logging_mixin.py:117} INFO - [2022-10-20T22:33:35.609+0000] {dagbag.py:525} INFO - Filling up the DagBag from /home/airflow/.local/lib/python3.7/site-packages/airflow/example_dags/example_xcomargs.py
[2022-10-20T22:33:35.629+0000] {processor.py:768} INFO - DAG(s) dict_keys(['example_xcom_args', 'example_xcom_args_with_operators']) retrieved from /home/airflow/.local/lib/python3.7/site-packages/airflow/example_dags/example_xcomargs.py
[2022-10-20T22:33:35.668+0000] {logging_mixin.py:117} INFO - [2022-10-20T22:33:35.668+0000] {dag.py:2573} INFO - Sync 2 DAGs
[2022-10-20T22:33:35.691+0000] {logging_mixin.py:117} INFO - [2022-10-20T22:33:35.691+0000] {dag.py:3328} INFO - Setting next_dagrun for example_xcom_args to None, run_after=None
[2022-10-20T22:33:35.698+0000] {logging_mixin.py:117} INFO - [2022-10-20T22:33:35.697+0000] {dag.py:3328} INFO - Setting next_dagrun for example_xcom_args_with_operators to None, run_after=None
[2022-10-20T22:33:35.714+0000] {processor.py:178} INFO - Processing /home/airflow/.local/lib/python3.7/site-packages/airflow/example_dags/example_xcomargs.py took 0.113 seconds
