[2022-10-20T22:28:59.295+0000] {processor.py:156} INFO - Started process (PID=79) to work on /home/airflow/.local/lib/python3.7/site-packages/airflow/example_dags/example_latest_only_with_trigger.py
[2022-10-20T22:28:59.297+0000] {processor.py:758} INFO - Processing file /home/airflow/.local/lib/python3.7/site-packages/airflow/example_dags/example_latest_only_with_trigger.py for tasks to queue
[2022-10-20T22:28:59.298+0000] {logging_mixin.py:117} INFO - [2022-10-20T22:28:59.298+0000] {dagbag.py:525} INFO - Filling up the DagBag from /home/airflow/.local/lib/python3.7/site-packages/airflow/example_dags/example_latest_only_with_trigger.py
[2022-10-20T22:28:59.315+0000] {processor.py:768} INFO - DAG(s) dict_keys(['latest_only_with_trigger']) retrieved from /home/airflow/.local/lib/python3.7/site-packages/airflow/example_dags/example_latest_only_with_trigger.py
[2022-10-20T22:28:59.354+0000] {logging_mixin.py:117} INFO - [2022-10-20T22:28:59.354+0000] {dag.py:2573} INFO - Sync 1 DAGs
[2022-10-20T22:28:59.393+0000] {logging_mixin.py:117} INFO - [2022-10-20T22:28:59.392+0000] {dag.py:3328} INFO - Setting next_dagrun for latest_only_with_trigger to 2022-10-20T18:28:59.392601+00:00, run_after=2022-10-20T22:28:59.392601+00:00
[2022-10-20T22:28:59.425+0000] {processor.py:178} INFO - Processing /home/airflow/.local/lib/python3.7/site-packages/airflow/example_dags/example_latest_only_with_trigger.py took 0.134 seconds
[2022-10-20T22:29:30.115+0000] {processor.py:156} INFO - Started process (PID=133) to work on /home/airflow/.local/lib/python3.7/site-packages/airflow/example_dags/example_latest_only_with_trigger.py
[2022-10-20T22:29:30.116+0000] {processor.py:758} INFO - Processing file /home/airflow/.local/lib/python3.7/site-packages/airflow/example_dags/example_latest_only_with_trigger.py for tasks to queue
[2022-10-20T22:29:30.117+0000] {logging_mixin.py:117} INFO - [2022-10-20T22:29:30.117+0000] {dagbag.py:525} INFO - Filling up the DagBag from /home/airflow/.local/lib/python3.7/site-packages/airflow/example_dags/example_latest_only_with_trigger.py
[2022-10-20T22:29:30.132+0000] {processor.py:768} INFO - DAG(s) dict_keys(['latest_only_with_trigger']) retrieved from /home/airflow/.local/lib/python3.7/site-packages/airflow/example_dags/example_latest_only_with_trigger.py
[2022-10-20T22:29:30.177+0000] {logging_mixin.py:117} INFO - [2022-10-20T22:29:30.177+0000] {dag.py:2573} INFO - Sync 1 DAGs
[2022-10-20T22:29:30.204+0000] {logging_mixin.py:117} INFO - [2022-10-20T22:29:30.204+0000] {dag.py:3328} INFO - Setting next_dagrun for latest_only_with_trigger to 2022-10-20T18:29:30.204376+00:00, run_after=2022-10-20T22:29:30.204376+00:00
[2022-10-20T22:29:30.228+0000] {processor.py:178} INFO - Processing /home/airflow/.local/lib/python3.7/site-packages/airflow/example_dags/example_latest_only_with_trigger.py took 0.117 seconds
[2022-10-20T22:30:00.978+0000] {processor.py:156} INFO - Started process (PID=197) to work on /home/airflow/.local/lib/python3.7/site-packages/airflow/example_dags/example_latest_only_with_trigger.py
[2022-10-20T22:30:00.980+0000] {processor.py:758} INFO - Processing file /home/airflow/.local/lib/python3.7/site-packages/airflow/example_dags/example_latest_only_with_trigger.py for tasks to queue
[2022-10-20T22:30:00.981+0000] {logging_mixin.py:117} INFO - [2022-10-20T22:30:00.981+0000] {dagbag.py:525} INFO - Filling up the DagBag from /home/airflow/.local/lib/python3.7/site-packages/airflow/example_dags/example_latest_only_with_trigger.py
[2022-10-20T22:30:00.994+0000] {processor.py:768} INFO - DAG(s) dict_keys(['latest_only_with_trigger']) retrieved from /home/airflow/.local/lib/python3.7/site-packages/airflow/example_dags/example_latest_only_with_trigger.py
[2022-10-20T22:30:01.032+0000] {logging_mixin.py:117} INFO - [2022-10-20T22:30:01.032+0000] {dag.py:2573} INFO - Sync 1 DAGs
[2022-10-20T22:30:01.059+0000] {logging_mixin.py:117} INFO - [2022-10-20T22:30:01.059+0000] {dag.py:3328} INFO - Setting next_dagrun for latest_only_with_trigger to 2022-10-20T18:30:01.058843+00:00, run_after=2022-10-20T22:30:01.058843+00:00
[2022-10-20T22:30:01.080+0000] {processor.py:178} INFO - Processing /home/airflow/.local/lib/python3.7/site-packages/airflow/example_dags/example_latest_only_with_trigger.py took 0.105 seconds
[2022-10-20T22:30:31.532+0000] {processor.py:156} INFO - Started process (PID=261) to work on /home/airflow/.local/lib/python3.7/site-packages/airflow/example_dags/example_latest_only_with_trigger.py
[2022-10-20T22:30:31.534+0000] {processor.py:758} INFO - Processing file /home/airflow/.local/lib/python3.7/site-packages/airflow/example_dags/example_latest_only_with_trigger.py for tasks to queue
[2022-10-20T22:30:31.535+0000] {logging_mixin.py:117} INFO - [2022-10-20T22:30:31.535+0000] {dagbag.py:525} INFO - Filling up the DagBag from /home/airflow/.local/lib/python3.7/site-packages/airflow/example_dags/example_latest_only_with_trigger.py
[2022-10-20T22:30:31.548+0000] {processor.py:768} INFO - DAG(s) dict_keys(['latest_only_with_trigger']) retrieved from /home/airflow/.local/lib/python3.7/site-packages/airflow/example_dags/example_latest_only_with_trigger.py
[2022-10-20T22:30:31.584+0000] {logging_mixin.py:117} INFO - [2022-10-20T22:30:31.584+0000] {dag.py:2573} INFO - Sync 1 DAGs
[2022-10-20T22:30:31.605+0000] {logging_mixin.py:117} INFO - [2022-10-20T22:30:31.604+0000] {dag.py:3328} INFO - Setting next_dagrun for latest_only_with_trigger to 2022-10-20T18:30:31.604620+00:00, run_after=2022-10-20T22:30:31.604620+00:00
[2022-10-20T22:30:31.623+0000] {processor.py:178} INFO - Processing /home/airflow/.local/lib/python3.7/site-packages/airflow/example_dags/example_latest_only_with_trigger.py took 0.094 seconds
[2022-10-20T22:31:02.086+0000] {processor.py:156} INFO - Started process (PID=324) to work on /home/airflow/.local/lib/python3.7/site-packages/airflow/example_dags/example_latest_only_with_trigger.py
[2022-10-20T22:31:02.088+0000] {processor.py:758} INFO - Processing file /home/airflow/.local/lib/python3.7/site-packages/airflow/example_dags/example_latest_only_with_trigger.py for tasks to queue
[2022-10-20T22:31:02.089+0000] {logging_mixin.py:117} INFO - [2022-10-20T22:31:02.089+0000] {dagbag.py:525} INFO - Filling up the DagBag from /home/airflow/.local/lib/python3.7/site-packages/airflow/example_dags/example_latest_only_with_trigger.py
[2022-10-20T22:31:02.104+0000] {processor.py:768} INFO - DAG(s) dict_keys(['latest_only_with_trigger']) retrieved from /home/airflow/.local/lib/python3.7/site-packages/airflow/example_dags/example_latest_only_with_trigger.py
[2022-10-20T22:31:02.142+0000] {logging_mixin.py:117} INFO - [2022-10-20T22:31:02.142+0000] {dag.py:2573} INFO - Sync 1 DAGs
[2022-10-20T22:31:02.166+0000] {logging_mixin.py:117} INFO - [2022-10-20T22:31:02.166+0000] {dag.py:3328} INFO - Setting next_dagrun for latest_only_with_trigger to 2022-10-20T18:31:02.166438+00:00, run_after=2022-10-20T22:31:02.166438+00:00
[2022-10-20T22:31:02.187+0000] {processor.py:178} INFO - Processing /home/airflow/.local/lib/python3.7/site-packages/airflow/example_dags/example_latest_only_with_trigger.py took 0.104 seconds
[2022-10-20T22:31:32.619+0000] {processor.py:156} INFO - Started process (PID=378) to work on /home/airflow/.local/lib/python3.7/site-packages/airflow/example_dags/example_latest_only_with_trigger.py
[2022-10-20T22:31:32.623+0000] {processor.py:758} INFO - Processing file /home/airflow/.local/lib/python3.7/site-packages/airflow/example_dags/example_latest_only_with_trigger.py for tasks to queue
[2022-10-20T22:31:32.623+0000] {logging_mixin.py:117} INFO - [2022-10-20T22:31:32.623+0000] {dagbag.py:525} INFO - Filling up the DagBag from /home/airflow/.local/lib/python3.7/site-packages/airflow/example_dags/example_latest_only_with_trigger.py
[2022-10-20T22:31:32.635+0000] {processor.py:768} INFO - DAG(s) dict_keys(['latest_only_with_trigger']) retrieved from /home/airflow/.local/lib/python3.7/site-packages/airflow/example_dags/example_latest_only_with_trigger.py
[2022-10-20T22:31:32.669+0000] {logging_mixin.py:117} INFO - [2022-10-20T22:31:32.669+0000] {dag.py:2573} INFO - Sync 1 DAGs
[2022-10-20T22:31:32.688+0000] {logging_mixin.py:117} INFO - [2022-10-20T22:31:32.688+0000] {dag.py:3328} INFO - Setting next_dagrun for latest_only_with_trigger to 2022-10-20T18:31:32.688378+00:00, run_after=2022-10-20T22:31:32.688378+00:00
[2022-10-20T22:31:32.710+0000] {processor.py:178} INFO - Processing /home/airflow/.local/lib/python3.7/site-packages/airflow/example_dags/example_latest_only_with_trigger.py took 0.094 seconds
[2022-10-20T22:32:03.077+0000] {processor.py:156} INFO - Started process (PID=441) to work on /home/airflow/.local/lib/python3.7/site-packages/airflow/example_dags/example_latest_only_with_trigger.py
[2022-10-20T22:32:03.080+0000] {processor.py:758} INFO - Processing file /home/airflow/.local/lib/python3.7/site-packages/airflow/example_dags/example_latest_only_with_trigger.py for tasks to queue
[2022-10-20T22:32:03.081+0000] {logging_mixin.py:117} INFO - [2022-10-20T22:32:03.081+0000] {dagbag.py:525} INFO - Filling up the DagBag from /home/airflow/.local/lib/python3.7/site-packages/airflow/example_dags/example_latest_only_with_trigger.py
[2022-10-20T22:32:03.093+0000] {processor.py:768} INFO - DAG(s) dict_keys(['latest_only_with_trigger']) retrieved from /home/airflow/.local/lib/python3.7/site-packages/airflow/example_dags/example_latest_only_with_trigger.py
[2022-10-20T22:32:03.130+0000] {logging_mixin.py:117} INFO - [2022-10-20T22:32:03.130+0000] {dag.py:2573} INFO - Sync 1 DAGs
[2022-10-20T22:32:03.151+0000] {logging_mixin.py:117} INFO - [2022-10-20T22:32:03.151+0000] {dag.py:3328} INFO - Setting next_dagrun for latest_only_with_trigger to 2022-10-20T18:32:03.151094+00:00, run_after=2022-10-20T22:32:03.151094+00:00
[2022-10-20T22:32:03.170+0000] {processor.py:178} INFO - Processing /home/airflow/.local/lib/python3.7/site-packages/airflow/example_dags/example_latest_only_with_trigger.py took 0.095 seconds
[2022-10-20T22:32:34.087+0000] {processor.py:156} INFO - Started process (PID=504) to work on /home/airflow/.local/lib/python3.7/site-packages/airflow/example_dags/example_latest_only_with_trigger.py
[2022-10-20T22:32:34.089+0000] {processor.py:758} INFO - Processing file /home/airflow/.local/lib/python3.7/site-packages/airflow/example_dags/example_latest_only_with_trigger.py for tasks to queue
[2022-10-20T22:32:34.090+0000] {logging_mixin.py:117} INFO - [2022-10-20T22:32:34.090+0000] {dagbag.py:525} INFO - Filling up the DagBag from /home/airflow/.local/lib/python3.7/site-packages/airflow/example_dags/example_latest_only_with_trigger.py
[2022-10-20T22:32:34.104+0000] {processor.py:768} INFO - DAG(s) dict_keys(['latest_only_with_trigger']) retrieved from /home/airflow/.local/lib/python3.7/site-packages/airflow/example_dags/example_latest_only_with_trigger.py
[2022-10-20T22:32:34.138+0000] {logging_mixin.py:117} INFO - [2022-10-20T22:32:34.138+0000] {dag.py:2573} INFO - Sync 1 DAGs
[2022-10-20T22:32:34.161+0000] {logging_mixin.py:117} INFO - [2022-10-20T22:32:34.161+0000] {dag.py:3328} INFO - Setting next_dagrun for latest_only_with_trigger to 2022-10-20T18:32:34.161043+00:00, run_after=2022-10-20T22:32:34.161043+00:00
[2022-10-20T22:32:34.179+0000] {processor.py:178} INFO - Processing /home/airflow/.local/lib/python3.7/site-packages/airflow/example_dags/example_latest_only_with_trigger.py took 0.095 seconds
[2022-10-20T22:33:04.416+0000] {processor.py:156} INFO - Started process (PID=566) to work on /home/airflow/.local/lib/python3.7/site-packages/airflow/example_dags/example_latest_only_with_trigger.py
[2022-10-20T22:33:04.419+0000] {processor.py:758} INFO - Processing file /home/airflow/.local/lib/python3.7/site-packages/airflow/example_dags/example_latest_only_with_trigger.py for tasks to queue
[2022-10-20T22:33:04.420+0000] {logging_mixin.py:117} INFO - [2022-10-20T22:33:04.420+0000] {dagbag.py:525} INFO - Filling up the DagBag from /home/airflow/.local/lib/python3.7/site-packages/airflow/example_dags/example_latest_only_with_trigger.py
[2022-10-20T22:33:04.434+0000] {processor.py:768} INFO - DAG(s) dict_keys(['latest_only_with_trigger']) retrieved from /home/airflow/.local/lib/python3.7/site-packages/airflow/example_dags/example_latest_only_with_trigger.py
[2022-10-20T22:33:04.481+0000] {logging_mixin.py:117} INFO - [2022-10-20T22:33:04.481+0000] {dag.py:2573} INFO - Sync 1 DAGs
[2022-10-20T22:33:04.506+0000] {logging_mixin.py:117} INFO - [2022-10-20T22:33:04.505+0000] {dag.py:3328} INFO - Setting next_dagrun for latest_only_with_trigger to 2022-10-20T18:33:04.505673+00:00, run_after=2022-10-20T22:33:04.505673+00:00
[2022-10-20T22:33:04.532+0000] {processor.py:178} INFO - Processing /home/airflow/.local/lib/python3.7/site-packages/airflow/example_dags/example_latest_only_with_trigger.py took 0.119 seconds
[2022-10-20T22:33:35.125+0000] {processor.py:156} INFO - Started process (PID=623) to work on /home/airflow/.local/lib/python3.7/site-packages/airflow/example_dags/example_latest_only_with_trigger.py
[2022-10-20T22:33:35.128+0000] {processor.py:758} INFO - Processing file /home/airflow/.local/lib/python3.7/site-packages/airflow/example_dags/example_latest_only_with_trigger.py for tasks to queue
[2022-10-20T22:33:35.129+0000] {logging_mixin.py:117} INFO - [2022-10-20T22:33:35.129+0000] {dagbag.py:525} INFO - Filling up the DagBag from /home/airflow/.local/lib/python3.7/site-packages/airflow/example_dags/example_latest_only_with_trigger.py
[2022-10-20T22:33:35.144+0000] {processor.py:768} INFO - DAG(s) dict_keys(['latest_only_with_trigger']) retrieved from /home/airflow/.local/lib/python3.7/site-packages/airflow/example_dags/example_latest_only_with_trigger.py
[2022-10-20T22:33:35.190+0000] {logging_mixin.py:117} INFO - [2022-10-20T22:33:35.190+0000] {dag.py:2573} INFO - Sync 1 DAGs
[2022-10-20T22:33:35.213+0000] {logging_mixin.py:117} INFO - [2022-10-20T22:33:35.213+0000] {dag.py:3328} INFO - Setting next_dagrun for latest_only_with_trigger to 2022-10-20T18:33:35.212984+00:00, run_after=2022-10-20T22:33:35.212984+00:00
[2022-10-20T22:33:35.234+0000] {processor.py:178} INFO - Processing /home/airflow/.local/lib/python3.7/site-packages/airflow/example_dags/example_latest_only_with_trigger.py took 0.112 seconds
