[2022-10-20T22:28:57.433+0000] {processor.py:156} INFO - Started process (PID=64) to work on /home/airflow/.local/lib/python3.7/site-packages/airflow/example_dags/example_short_circuit_decorator.py
[2022-10-20T22:28:57.436+0000] {processor.py:758} INFO - Processing file /home/airflow/.local/lib/python3.7/site-packages/airflow/example_dags/example_short_circuit_decorator.py for tasks to queue
[2022-10-20T22:28:57.438+0000] {logging_mixin.py:117} INFO - [2022-10-20T22:28:57.437+0000] {dagbag.py:525} INFO - Filling up the DagBag from /home/airflow/.local/lib/python3.7/site-packages/airflow/example_dags/example_short_circuit_decorator.py
[2022-10-20T22:28:57.476+0000] {processor.py:768} INFO - DAG(s) dict_keys(['example_short_circuit_decorator']) retrieved from /home/airflow/.local/lib/python3.7/site-packages/airflow/example_dags/example_short_circuit_decorator.py
[2022-10-20T22:28:57.516+0000] {logging_mixin.py:117} INFO - [2022-10-20T22:28:57.516+0000] {dag.py:2573} INFO - Sync 1 DAGs
[2022-10-20T22:28:57.563+0000] {logging_mixin.py:117} INFO - [2022-10-20T22:28:57.563+0000] {dag.py:3328} INFO - Setting next_dagrun for example_short_circuit_decorator to 2022-10-19T22:28:57.563167+00:00, run_after=2022-10-20T22:28:57.563167+00:00
[2022-10-20T22:28:57.600+0000] {processor.py:178} INFO - Processing /home/airflow/.local/lib/python3.7/site-packages/airflow/example_dags/example_short_circuit_decorator.py took 0.170 seconds
[2022-10-20T22:29:27.753+0000] {processor.py:156} INFO - Started process (PID=118) to work on /home/airflow/.local/lib/python3.7/site-packages/airflow/example_dags/example_short_circuit_decorator.py
[2022-10-20T22:29:27.756+0000] {processor.py:758} INFO - Processing file /home/airflow/.local/lib/python3.7/site-packages/airflow/example_dags/example_short_circuit_decorator.py for tasks to queue
[2022-10-20T22:29:27.758+0000] {logging_mixin.py:117} INFO - [2022-10-20T22:29:27.757+0000] {dagbag.py:525} INFO - Filling up the DagBag from /home/airflow/.local/lib/python3.7/site-packages/airflow/example_dags/example_short_circuit_decorator.py
[2022-10-20T22:29:27.781+0000] {processor.py:768} INFO - DAG(s) dict_keys(['example_short_circuit_decorator']) retrieved from /home/airflow/.local/lib/python3.7/site-packages/airflow/example_dags/example_short_circuit_decorator.py
[2022-10-20T22:29:27.816+0000] {logging_mixin.py:117} INFO - [2022-10-20T22:29:27.815+0000] {dag.py:2573} INFO - Sync 1 DAGs
[2022-10-20T22:29:27.835+0000] {logging_mixin.py:117} INFO - [2022-10-20T22:29:27.835+0000] {dag.py:3328} INFO - Setting next_dagrun for example_short_circuit_decorator to 2022-10-19T22:29:27.835500+00:00, run_after=2022-10-20T22:29:27.835500+00:00
[2022-10-20T22:29:27.859+0000] {processor.py:178} INFO - Processing /home/airflow/.local/lib/python3.7/site-packages/airflow/example_dags/example_short_circuit_decorator.py took 0.108 seconds
[2022-10-20T22:29:58.224+0000] {processor.py:156} INFO - Started process (PID=182) to work on /home/airflow/.local/lib/python3.7/site-packages/airflow/example_dags/example_short_circuit_decorator.py
[2022-10-20T22:29:58.226+0000] {processor.py:758} INFO - Processing file /home/airflow/.local/lib/python3.7/site-packages/airflow/example_dags/example_short_circuit_decorator.py for tasks to queue
[2022-10-20T22:29:58.227+0000] {logging_mixin.py:117} INFO - [2022-10-20T22:29:58.227+0000] {dagbag.py:525} INFO - Filling up the DagBag from /home/airflow/.local/lib/python3.7/site-packages/airflow/example_dags/example_short_circuit_decorator.py
[2022-10-20T22:29:58.257+0000] {processor.py:768} INFO - DAG(s) dict_keys(['example_short_circuit_decorator']) retrieved from /home/airflow/.local/lib/python3.7/site-packages/airflow/example_dags/example_short_circuit_decorator.py
[2022-10-20T22:29:58.301+0000] {logging_mixin.py:117} INFO - [2022-10-20T22:29:58.301+0000] {dag.py:2573} INFO - Sync 1 DAGs
[2022-10-20T22:29:58.329+0000] {logging_mixin.py:117} INFO - [2022-10-20T22:29:58.329+0000] {dag.py:3328} INFO - Setting next_dagrun for example_short_circuit_decorator to 2022-10-19T22:29:58.328930+00:00, run_after=2022-10-20T22:29:58.328930+00:00
[2022-10-20T22:29:58.352+0000] {processor.py:178} INFO - Processing /home/airflow/.local/lib/python3.7/site-packages/airflow/example_dags/example_short_circuit_decorator.py took 0.132 seconds
[2022-10-20T22:30:29.026+0000] {processor.py:156} INFO - Started process (PID=246) to work on /home/airflow/.local/lib/python3.7/site-packages/airflow/example_dags/example_short_circuit_decorator.py
[2022-10-20T22:30:29.029+0000] {processor.py:758} INFO - Processing file /home/airflow/.local/lib/python3.7/site-packages/airflow/example_dags/example_short_circuit_decorator.py for tasks to queue
[2022-10-20T22:30:29.030+0000] {logging_mixin.py:117} INFO - [2022-10-20T22:30:29.030+0000] {dagbag.py:525} INFO - Filling up the DagBag from /home/airflow/.local/lib/python3.7/site-packages/airflow/example_dags/example_short_circuit_decorator.py
[2022-10-20T22:30:29.053+0000] {processor.py:768} INFO - DAG(s) dict_keys(['example_short_circuit_decorator']) retrieved from /home/airflow/.local/lib/python3.7/site-packages/airflow/example_dags/example_short_circuit_decorator.py
[2022-10-20T22:30:29.093+0000] {logging_mixin.py:117} INFO - [2022-10-20T22:30:29.093+0000] {dag.py:2573} INFO - Sync 1 DAGs
[2022-10-20T22:30:29.118+0000] {logging_mixin.py:117} INFO - [2022-10-20T22:30:29.117+0000] {dag.py:3328} INFO - Setting next_dagrun for example_short_circuit_decorator to 2022-10-19T22:30:29.117619+00:00, run_after=2022-10-20T22:30:29.117619+00:00
[2022-10-20T22:30:29.140+0000] {processor.py:178} INFO - Processing /home/airflow/.local/lib/python3.7/site-packages/airflow/example_dags/example_short_circuit_decorator.py took 0.117 seconds
[2022-10-20T22:30:59.483+0000] {processor.py:156} INFO - Started process (PID=300) to work on /home/airflow/.local/lib/python3.7/site-packages/airflow/example_dags/example_short_circuit_decorator.py
[2022-10-20T22:30:59.486+0000] {processor.py:758} INFO - Processing file /home/airflow/.local/lib/python3.7/site-packages/airflow/example_dags/example_short_circuit_decorator.py for tasks to queue
[2022-10-20T22:30:59.487+0000] {logging_mixin.py:117} INFO - [2022-10-20T22:30:59.487+0000] {dagbag.py:525} INFO - Filling up the DagBag from /home/airflow/.local/lib/python3.7/site-packages/airflow/example_dags/example_short_circuit_decorator.py
[2022-10-20T22:30:59.509+0000] {processor.py:768} INFO - DAG(s) dict_keys(['example_short_circuit_decorator']) retrieved from /home/airflow/.local/lib/python3.7/site-packages/airflow/example_dags/example_short_circuit_decorator.py
[2022-10-20T22:30:59.557+0000] {logging_mixin.py:117} INFO - [2022-10-20T22:30:59.556+0000] {dag.py:2573} INFO - Sync 1 DAGs
[2022-10-20T22:30:59.580+0000] {logging_mixin.py:117} INFO - [2022-10-20T22:30:59.579+0000] {dag.py:3328} INFO - Setting next_dagrun for example_short_circuit_decorator to 2022-10-19T22:30:59.579728+00:00, run_after=2022-10-20T22:30:59.579728+00:00
[2022-10-20T22:30:59.599+0000] {processor.py:178} INFO - Processing /home/airflow/.local/lib/python3.7/site-packages/airflow/example_dags/example_short_circuit_decorator.py took 0.119 seconds
[2022-10-20T22:31:30.140+0000] {processor.py:156} INFO - Started process (PID=363) to work on /home/airflow/.local/lib/python3.7/site-packages/airflow/example_dags/example_short_circuit_decorator.py
[2022-10-20T22:31:30.142+0000] {processor.py:758} INFO - Processing file /home/airflow/.local/lib/python3.7/site-packages/airflow/example_dags/example_short_circuit_decorator.py for tasks to queue
[2022-10-20T22:31:30.143+0000] {logging_mixin.py:117} INFO - [2022-10-20T22:31:30.143+0000] {dagbag.py:525} INFO - Filling up the DagBag from /home/airflow/.local/lib/python3.7/site-packages/airflow/example_dags/example_short_circuit_decorator.py
[2022-10-20T22:31:30.166+0000] {processor.py:768} INFO - DAG(s) dict_keys(['example_short_circuit_decorator']) retrieved from /home/airflow/.local/lib/python3.7/site-packages/airflow/example_dags/example_short_circuit_decorator.py
[2022-10-20T22:31:30.205+0000] {logging_mixin.py:117} INFO - [2022-10-20T22:31:30.205+0000] {dag.py:2573} INFO - Sync 1 DAGs
[2022-10-20T22:31:30.232+0000] {logging_mixin.py:117} INFO - [2022-10-20T22:31:30.232+0000] {dag.py:3328} INFO - Setting next_dagrun for example_short_circuit_decorator to 2022-10-19T22:31:30.231987+00:00, run_after=2022-10-20T22:31:30.231987+00:00
[2022-10-20T22:31:30.254+0000] {processor.py:178} INFO - Processing /home/airflow/.local/lib/python3.7/site-packages/airflow/example_dags/example_short_circuit_decorator.py took 0.118 seconds
[2022-10-20T22:32:00.629+0000] {processor.py:156} INFO - Started process (PID=426) to work on /home/airflow/.local/lib/python3.7/site-packages/airflow/example_dags/example_short_circuit_decorator.py
[2022-10-20T22:32:00.632+0000] {processor.py:758} INFO - Processing file /home/airflow/.local/lib/python3.7/site-packages/airflow/example_dags/example_short_circuit_decorator.py for tasks to queue
[2022-10-20T22:32:00.633+0000] {logging_mixin.py:117} INFO - [2022-10-20T22:32:00.633+0000] {dagbag.py:525} INFO - Filling up the DagBag from /home/airflow/.local/lib/python3.7/site-packages/airflow/example_dags/example_short_circuit_decorator.py
[2022-10-20T22:32:00.658+0000] {processor.py:768} INFO - DAG(s) dict_keys(['example_short_circuit_decorator']) retrieved from /home/airflow/.local/lib/python3.7/site-packages/airflow/example_dags/example_short_circuit_decorator.py
[2022-10-20T22:32:00.694+0000] {logging_mixin.py:117} INFO - [2022-10-20T22:32:00.694+0000] {dag.py:2573} INFO - Sync 1 DAGs
[2022-10-20T22:32:00.715+0000] {logging_mixin.py:117} INFO - [2022-10-20T22:32:00.715+0000] {dag.py:3328} INFO - Setting next_dagrun for example_short_circuit_decorator to 2022-10-19T22:32:00.715288+00:00, run_after=2022-10-20T22:32:00.715288+00:00
[2022-10-20T22:32:00.737+0000] {processor.py:178} INFO - Processing /home/airflow/.local/lib/python3.7/site-packages/airflow/example_dags/example_short_circuit_decorator.py took 0.112 seconds
[2022-10-20T22:32:31.595+0000] {processor.py:156} INFO - Started process (PID=489) to work on /home/airflow/.local/lib/python3.7/site-packages/airflow/example_dags/example_short_circuit_decorator.py
[2022-10-20T22:32:31.597+0000] {processor.py:758} INFO - Processing file /home/airflow/.local/lib/python3.7/site-packages/airflow/example_dags/example_short_circuit_decorator.py for tasks to queue
[2022-10-20T22:32:31.598+0000] {logging_mixin.py:117} INFO - [2022-10-20T22:32:31.598+0000] {dagbag.py:525} INFO - Filling up the DagBag from /home/airflow/.local/lib/python3.7/site-packages/airflow/example_dags/example_short_circuit_decorator.py
[2022-10-20T22:32:31.627+0000] {processor.py:768} INFO - DAG(s) dict_keys(['example_short_circuit_decorator']) retrieved from /home/airflow/.local/lib/python3.7/site-packages/airflow/example_dags/example_short_circuit_decorator.py
[2022-10-20T22:32:31.670+0000] {logging_mixin.py:117} INFO - [2022-10-20T22:32:31.670+0000] {dag.py:2573} INFO - Sync 1 DAGs
[2022-10-20T22:32:31.690+0000] {logging_mixin.py:117} INFO - [2022-10-20T22:32:31.690+0000] {dag.py:3328} INFO - Setting next_dagrun for example_short_circuit_decorator to 2022-10-19T22:32:31.690454+00:00, run_after=2022-10-20T22:32:31.690454+00:00
[2022-10-20T22:32:31.708+0000] {processor.py:178} INFO - Processing /home/airflow/.local/lib/python3.7/site-packages/airflow/example_dags/example_short_circuit_decorator.py took 0.117 seconds
[2022-10-20T22:33:01.998+0000] {processor.py:156} INFO - Started process (PID=544) to work on /home/airflow/.local/lib/python3.7/site-packages/airflow/example_dags/example_short_circuit_decorator.py
[2022-10-20T22:33:02.001+0000] {processor.py:758} INFO - Processing file /home/airflow/.local/lib/python3.7/site-packages/airflow/example_dags/example_short_circuit_decorator.py for tasks to queue
[2022-10-20T22:33:02.002+0000] {logging_mixin.py:117} INFO - [2022-10-20T22:33:02.002+0000] {dagbag.py:525} INFO - Filling up the DagBag from /home/airflow/.local/lib/python3.7/site-packages/airflow/example_dags/example_short_circuit_decorator.py
[2022-10-20T22:33:02.029+0000] {processor.py:768} INFO - DAG(s) dict_keys(['example_short_circuit_decorator']) retrieved from /home/airflow/.local/lib/python3.7/site-packages/airflow/example_dags/example_short_circuit_decorator.py
[2022-10-20T22:33:02.074+0000] {logging_mixin.py:117} INFO - [2022-10-20T22:33:02.074+0000] {dag.py:2573} INFO - Sync 1 DAGs
[2022-10-20T22:33:02.103+0000] {logging_mixin.py:117} INFO - [2022-10-20T22:33:02.103+0000] {dag.py:3328} INFO - Setting next_dagrun for example_short_circuit_decorator to 2022-10-19T22:33:02.102724+00:00, run_after=2022-10-20T22:33:02.102724+00:00
[2022-10-20T22:33:02.125+0000] {processor.py:178} INFO - Processing /home/airflow/.local/lib/python3.7/site-packages/airflow/example_dags/example_short_circuit_decorator.py took 0.130 seconds
[2022-10-20T22:33:32.771+0000] {processor.py:156} INFO - Started process (PID=608) to work on /home/airflow/.local/lib/python3.7/site-packages/airflow/example_dags/example_short_circuit_decorator.py
[2022-10-20T22:33:32.773+0000] {processor.py:758} INFO - Processing file /home/airflow/.local/lib/python3.7/site-packages/airflow/example_dags/example_short_circuit_decorator.py for tasks to queue
[2022-10-20T22:33:32.775+0000] {logging_mixin.py:117} INFO - [2022-10-20T22:33:32.775+0000] {dagbag.py:525} INFO - Filling up the DagBag from /home/airflow/.local/lib/python3.7/site-packages/airflow/example_dags/example_short_circuit_decorator.py
[2022-10-20T22:33:32.799+0000] {processor.py:768} INFO - DAG(s) dict_keys(['example_short_circuit_decorator']) retrieved from /home/airflow/.local/lib/python3.7/site-packages/airflow/example_dags/example_short_circuit_decorator.py
[2022-10-20T22:33:32.845+0000] {logging_mixin.py:117} INFO - [2022-10-20T22:33:32.845+0000] {dag.py:2573} INFO - Sync 1 DAGs
[2022-10-20T22:33:32.871+0000] {logging_mixin.py:117} INFO - [2022-10-20T22:33:32.870+0000] {dag.py:3328} INFO - Setting next_dagrun for example_short_circuit_decorator to 2022-10-19T22:33:32.870388+00:00, run_after=2022-10-20T22:33:32.870388+00:00
[2022-10-20T22:33:32.892+0000] {processor.py:178} INFO - Processing /home/airflow/.local/lib/python3.7/site-packages/airflow/example_dags/example_short_circuit_decorator.py took 0.125 seconds
