[2022-10-20T22:28:56.612+0000] {processor.py:156} INFO - Started process (PID=57) to work on /home/airflow/.local/lib/python3.7/site-packages/airflow/example_dags/example_datasets.py
[2022-10-20T22:28:56.615+0000] {processor.py:758} INFO - Processing file /home/airflow/.local/lib/python3.7/site-packages/airflow/example_dags/example_datasets.py for tasks to queue
[2022-10-20T22:28:56.617+0000] {logging_mixin.py:117} INFO - [2022-10-20T22:28:56.616+0000] {dagbag.py:525} INFO - Filling up the DagBag from /home/airflow/.local/lib/python3.7/site-packages/airflow/example_dags/example_datasets.py
[2022-10-20T22:28:56.648+0000] {processor.py:768} INFO - DAG(s) dict_keys(['dataset_produces_2', 'dataset_consumes_1_and_2', 'dataset_consumes_1_never_scheduled', 'dataset_consumes_1', 'dataset_produces_1', 'dataset_consumes_unknown_never_scheduled']) retrieved from /home/airflow/.local/lib/python3.7/site-packages/airflow/example_dags/example_datasets.py
[2022-10-20T22:28:56.823+0000] {logging_mixin.py:117} INFO - [2022-10-20T22:28:56.822+0000] {dag.py:2573} INFO - Sync 6 DAGs
[2022-10-20T22:28:56.877+0000] {logging_mixin.py:117} INFO - [2022-10-20T22:28:56.876+0000] {dag.py:3328} INFO - Setting next_dagrun for dataset_consumes_1 to None, run_after=None
[2022-10-20T22:28:56.883+0000] {logging_mixin.py:117} INFO - [2022-10-20T22:28:56.882+0000] {dag.py:3328} INFO - Setting next_dagrun for dataset_consumes_1_and_2 to None, run_after=None
[2022-10-20T22:28:56.886+0000] {logging_mixin.py:117} INFO - [2022-10-20T22:28:56.886+0000] {dag.py:3328} INFO - Setting next_dagrun for dataset_consumes_1_never_scheduled to None, run_after=None
[2022-10-20T22:28:56.889+0000] {logging_mixin.py:117} INFO - [2022-10-20T22:28:56.889+0000] {dag.py:3328} INFO - Setting next_dagrun for dataset_consumes_unknown_never_scheduled to None, run_after=None
[2022-10-20T22:28:56.895+0000] {logging_mixin.py:117} INFO - [2022-10-20T22:28:56.894+0000] {dag.py:3328} INFO - Setting next_dagrun for dataset_produces_1 to 2022-10-19T00:00:00+00:00, run_after=2022-10-20T00:00:00+00:00
[2022-10-20T22:28:56.898+0000] {logging_mixin.py:117} INFO - [2022-10-20T22:28:56.897+0000] {dag.py:3328} INFO - Setting next_dagrun for dataset_produces_2 to None, run_after=None
[2022-10-20T22:28:56.957+0000] {processor.py:178} INFO - Processing /home/airflow/.local/lib/python3.7/site-packages/airflow/example_dags/example_datasets.py took 0.348 seconds
[2022-10-20T22:29:27.013+0000] {processor.py:156} INFO - Started process (PID=113) to work on /home/airflow/.local/lib/python3.7/site-packages/airflow/example_dags/example_datasets.py
[2022-10-20T22:29:27.015+0000] {processor.py:758} INFO - Processing file /home/airflow/.local/lib/python3.7/site-packages/airflow/example_dags/example_datasets.py for tasks to queue
[2022-10-20T22:29:27.017+0000] {logging_mixin.py:117} INFO - [2022-10-20T22:29:27.016+0000] {dagbag.py:525} INFO - Filling up the DagBag from /home/airflow/.local/lib/python3.7/site-packages/airflow/example_dags/example_datasets.py
[2022-10-20T22:29:27.038+0000] {processor.py:768} INFO - DAG(s) dict_keys(['dataset_consumes_1_and_2', 'dataset_produces_2', 'dataset_consumes_unknown_never_scheduled', 'dataset_consumes_1_never_scheduled', 'dataset_produces_1', 'dataset_consumes_1']) retrieved from /home/airflow/.local/lib/python3.7/site-packages/airflow/example_dags/example_datasets.py
[2022-10-20T22:29:27.150+0000] {logging_mixin.py:117} INFO - [2022-10-20T22:29:27.150+0000] {dag.py:2573} INFO - Sync 6 DAGs
[2022-10-20T22:29:27.170+0000] {logging_mixin.py:117} INFO - [2022-10-20T22:29:27.170+0000] {dag.py:3328} INFO - Setting next_dagrun for dataset_consumes_1 to None, run_after=None
[2022-10-20T22:29:27.174+0000] {logging_mixin.py:117} INFO - [2022-10-20T22:29:27.174+0000] {dag.py:3328} INFO - Setting next_dagrun for dataset_consumes_1_and_2 to None, run_after=None
[2022-10-20T22:29:27.176+0000] {logging_mixin.py:117} INFO - [2022-10-20T22:29:27.176+0000] {dag.py:3328} INFO - Setting next_dagrun for dataset_consumes_1_never_scheduled to None, run_after=None
[2022-10-20T22:29:27.178+0000] {logging_mixin.py:117} INFO - [2022-10-20T22:29:27.178+0000] {dag.py:3328} INFO - Setting next_dagrun for dataset_consumes_unknown_never_scheduled to None, run_after=None
[2022-10-20T22:29:27.181+0000] {logging_mixin.py:117} INFO - [2022-10-20T22:29:27.181+0000] {dag.py:3328} INFO - Setting next_dagrun for dataset_produces_1 to 2022-10-19T00:00:00+00:00, run_after=2022-10-20T00:00:00+00:00
[2022-10-20T22:29:27.183+0000] {logging_mixin.py:117} INFO - [2022-10-20T22:29:27.183+0000] {dag.py:3328} INFO - Setting next_dagrun for dataset_produces_2 to None, run_after=None
[2022-10-20T22:29:27.225+0000] {processor.py:178} INFO - Processing /home/airflow/.local/lib/python3.7/site-packages/airflow/example_dags/example_datasets.py took 0.215 seconds
[2022-10-20T22:29:57.743+0000] {processor.py:156} INFO - Started process (PID=177) to work on /home/airflow/.local/lib/python3.7/site-packages/airflow/example_dags/example_datasets.py
[2022-10-20T22:29:57.746+0000] {processor.py:758} INFO - Processing file /home/airflow/.local/lib/python3.7/site-packages/airflow/example_dags/example_datasets.py for tasks to queue
[2022-10-20T22:29:57.747+0000] {logging_mixin.py:117} INFO - [2022-10-20T22:29:57.746+0000] {dagbag.py:525} INFO - Filling up the DagBag from /home/airflow/.local/lib/python3.7/site-packages/airflow/example_dags/example_datasets.py
[2022-10-20T22:29:57.763+0000] {processor.py:768} INFO - DAG(s) dict_keys(['dataset_consumes_unknown_never_scheduled', 'dataset_produces_1', 'dataset_consumes_1', 'dataset_consumes_1_never_scheduled', 'dataset_produces_2', 'dataset_consumes_1_and_2']) retrieved from /home/airflow/.local/lib/python3.7/site-packages/airflow/example_dags/example_datasets.py
[2022-10-20T22:29:57.813+0000] {logging_mixin.py:117} INFO - [2022-10-20T22:29:57.812+0000] {dag.py:2573} INFO - Sync 6 DAGs
[2022-10-20T22:29:57.852+0000] {logging_mixin.py:117} INFO - [2022-10-20T22:29:57.852+0000] {dag.py:3328} INFO - Setting next_dagrun for dataset_consumes_1 to None, run_after=None
[2022-10-20T22:29:57.857+0000] {logging_mixin.py:117} INFO - [2022-10-20T22:29:57.857+0000] {dag.py:3328} INFO - Setting next_dagrun for dataset_consumes_1_and_2 to None, run_after=None
[2022-10-20T22:29:57.860+0000] {logging_mixin.py:117} INFO - [2022-10-20T22:29:57.860+0000] {dag.py:3328} INFO - Setting next_dagrun for dataset_consumes_1_never_scheduled to None, run_after=None
[2022-10-20T22:29:57.861+0000] {logging_mixin.py:117} INFO - [2022-10-20T22:29:57.861+0000] {dag.py:3328} INFO - Setting next_dagrun for dataset_consumes_unknown_never_scheduled to None, run_after=None
[2022-10-20T22:29:57.865+0000] {logging_mixin.py:117} INFO - [2022-10-20T22:29:57.865+0000] {dag.py:3328} INFO - Setting next_dagrun for dataset_produces_1 to 2022-10-19T00:00:00+00:00, run_after=2022-10-20T00:00:00+00:00
[2022-10-20T22:29:57.868+0000] {logging_mixin.py:117} INFO - [2022-10-20T22:29:57.867+0000] {dag.py:3328} INFO - Setting next_dagrun for dataset_produces_2 to None, run_after=None
[2022-10-20T22:29:57.897+0000] {processor.py:178} INFO - Processing /home/airflow/.local/lib/python3.7/site-packages/airflow/example_dags/example_datasets.py took 0.156 seconds
[2022-10-20T22:30:28.640+0000] {processor.py:156} INFO - Started process (PID=241) to work on /home/airflow/.local/lib/python3.7/site-packages/airflow/example_dags/example_datasets.py
[2022-10-20T22:30:28.642+0000] {processor.py:758} INFO - Processing file /home/airflow/.local/lib/python3.7/site-packages/airflow/example_dags/example_datasets.py for tasks to queue
[2022-10-20T22:30:28.643+0000] {logging_mixin.py:117} INFO - [2022-10-20T22:30:28.643+0000] {dagbag.py:525} INFO - Filling up the DagBag from /home/airflow/.local/lib/python3.7/site-packages/airflow/example_dags/example_datasets.py
[2022-10-20T22:30:28.658+0000] {processor.py:768} INFO - DAG(s) dict_keys(['dataset_consumes_1_never_scheduled', 'dataset_produces_1', 'dataset_consumes_1_and_2', 'dataset_consumes_unknown_never_scheduled', 'dataset_consumes_1', 'dataset_produces_2']) retrieved from /home/airflow/.local/lib/python3.7/site-packages/airflow/example_dags/example_datasets.py
[2022-10-20T22:30:28.706+0000] {logging_mixin.py:117} INFO - [2022-10-20T22:30:28.706+0000] {dag.py:2573} INFO - Sync 6 DAGs
[2022-10-20T22:30:28.729+0000] {logging_mixin.py:117} INFO - [2022-10-20T22:30:28.729+0000] {dag.py:3328} INFO - Setting next_dagrun for dataset_consumes_1 to None, run_after=None
[2022-10-20T22:30:28.733+0000] {logging_mixin.py:117} INFO - [2022-10-20T22:30:28.733+0000] {dag.py:3328} INFO - Setting next_dagrun for dataset_consumes_1_and_2 to None, run_after=None
[2022-10-20T22:30:28.735+0000] {logging_mixin.py:117} INFO - [2022-10-20T22:30:28.735+0000] {dag.py:3328} INFO - Setting next_dagrun for dataset_consumes_1_never_scheduled to None, run_after=None
[2022-10-20T22:30:28.739+0000] {logging_mixin.py:117} INFO - [2022-10-20T22:30:28.739+0000] {dag.py:3328} INFO - Setting next_dagrun for dataset_consumes_unknown_never_scheduled to None, run_after=None
[2022-10-20T22:30:28.742+0000] {logging_mixin.py:117} INFO - [2022-10-20T22:30:28.742+0000] {dag.py:3328} INFO - Setting next_dagrun for dataset_produces_1 to 2022-10-19T00:00:00+00:00, run_after=2022-10-20T00:00:00+00:00
[2022-10-20T22:30:28.744+0000] {logging_mixin.py:117} INFO - [2022-10-20T22:30:28.744+0000] {dag.py:3328} INFO - Setting next_dagrun for dataset_produces_2 to None, run_after=None
[2022-10-20T22:30:28.769+0000] {processor.py:178} INFO - Processing /home/airflow/.local/lib/python3.7/site-packages/airflow/example_dags/example_datasets.py took 0.132 seconds
[2022-10-20T22:30:59.069+0000] {processor.py:156} INFO - Started process (PID=295) to work on /home/airflow/.local/lib/python3.7/site-packages/airflow/example_dags/example_datasets.py
[2022-10-20T22:30:59.072+0000] {processor.py:758} INFO - Processing file /home/airflow/.local/lib/python3.7/site-packages/airflow/example_dags/example_datasets.py for tasks to queue
[2022-10-20T22:30:59.073+0000] {logging_mixin.py:117} INFO - [2022-10-20T22:30:59.073+0000] {dagbag.py:525} INFO - Filling up the DagBag from /home/airflow/.local/lib/python3.7/site-packages/airflow/example_dags/example_datasets.py
[2022-10-20T22:30:59.090+0000] {processor.py:768} INFO - DAG(s) dict_keys(['dataset_produces_2', 'dataset_produces_1', 'dataset_consumes_1', 'dataset_consumes_1_and_2', 'dataset_consumes_unknown_never_scheduled', 'dataset_consumes_1_never_scheduled']) retrieved from /home/airflow/.local/lib/python3.7/site-packages/airflow/example_dags/example_datasets.py
[2022-10-20T22:30:59.149+0000] {logging_mixin.py:117} INFO - [2022-10-20T22:30:59.149+0000] {dag.py:2573} INFO - Sync 6 DAGs
[2022-10-20T22:30:59.176+0000] {logging_mixin.py:117} INFO - [2022-10-20T22:30:59.176+0000] {dag.py:3328} INFO - Setting next_dagrun for dataset_consumes_1 to None, run_after=None
[2022-10-20T22:30:59.181+0000] {logging_mixin.py:117} INFO - [2022-10-20T22:30:59.180+0000] {dag.py:3328} INFO - Setting next_dagrun for dataset_consumes_1_and_2 to None, run_after=None
[2022-10-20T22:30:59.183+0000] {logging_mixin.py:117} INFO - [2022-10-20T22:30:59.183+0000] {dag.py:3328} INFO - Setting next_dagrun for dataset_consumes_1_never_scheduled to None, run_after=None
[2022-10-20T22:30:59.185+0000] {logging_mixin.py:117} INFO - [2022-10-20T22:30:59.185+0000] {dag.py:3328} INFO - Setting next_dagrun for dataset_consumes_unknown_never_scheduled to None, run_after=None
[2022-10-20T22:30:59.188+0000] {logging_mixin.py:117} INFO - [2022-10-20T22:30:59.188+0000] {dag.py:3328} INFO - Setting next_dagrun for dataset_produces_1 to 2022-10-19T00:00:00+00:00, run_after=2022-10-20T00:00:00+00:00
[2022-10-20T22:30:59.190+0000] {logging_mixin.py:117} INFO - [2022-10-20T22:30:59.189+0000] {dag.py:3328} INFO - Setting next_dagrun for dataset_produces_2 to None, run_after=None
[2022-10-20T22:30:59.221+0000] {processor.py:178} INFO - Processing /home/airflow/.local/lib/python3.7/site-packages/airflow/example_dags/example_datasets.py took 0.156 seconds
[2022-10-20T22:31:29.731+0000] {processor.py:156} INFO - Started process (PID=358) to work on /home/airflow/.local/lib/python3.7/site-packages/airflow/example_dags/example_datasets.py
[2022-10-20T22:31:29.734+0000] {processor.py:758} INFO - Processing file /home/airflow/.local/lib/python3.7/site-packages/airflow/example_dags/example_datasets.py for tasks to queue
[2022-10-20T22:31:29.735+0000] {logging_mixin.py:117} INFO - [2022-10-20T22:31:29.734+0000] {dagbag.py:525} INFO - Filling up the DagBag from /home/airflow/.local/lib/python3.7/site-packages/airflow/example_dags/example_datasets.py
[2022-10-20T22:31:29.751+0000] {processor.py:768} INFO - DAG(s) dict_keys(['dataset_consumes_1_never_scheduled', 'dataset_produces_2', 'dataset_consumes_1_and_2', 'dataset_consumes_1', 'dataset_produces_1', 'dataset_consumes_unknown_never_scheduled']) retrieved from /home/airflow/.local/lib/python3.7/site-packages/airflow/example_dags/example_datasets.py
[2022-10-20T22:31:29.804+0000] {logging_mixin.py:117} INFO - [2022-10-20T22:31:29.804+0000] {dag.py:2573} INFO - Sync 6 DAGs
[2022-10-20T22:31:29.827+0000] {logging_mixin.py:117} INFO - [2022-10-20T22:31:29.827+0000] {dag.py:3328} INFO - Setting next_dagrun for dataset_consumes_1 to None, run_after=None
[2022-10-20T22:31:29.831+0000] {logging_mixin.py:117} INFO - [2022-10-20T22:31:29.831+0000] {dag.py:3328} INFO - Setting next_dagrun for dataset_consumes_1_and_2 to None, run_after=None
[2022-10-20T22:31:29.835+0000] {logging_mixin.py:117} INFO - [2022-10-20T22:31:29.834+0000] {dag.py:3328} INFO - Setting next_dagrun for dataset_consumes_1_never_scheduled to None, run_after=None
[2022-10-20T22:31:29.838+0000] {logging_mixin.py:117} INFO - [2022-10-20T22:31:29.838+0000] {dag.py:3328} INFO - Setting next_dagrun for dataset_consumes_unknown_never_scheduled to None, run_after=None
[2022-10-20T22:31:29.841+0000] {logging_mixin.py:117} INFO - [2022-10-20T22:31:29.841+0000] {dag.py:3328} INFO - Setting next_dagrun for dataset_produces_1 to 2022-10-19T00:00:00+00:00, run_after=2022-10-20T00:00:00+00:00
[2022-10-20T22:31:29.842+0000] {logging_mixin.py:117} INFO - [2022-10-20T22:31:29.842+0000] {dag.py:3328} INFO - Setting next_dagrun for dataset_produces_2 to None, run_after=None
[2022-10-20T22:31:29.870+0000] {processor.py:178} INFO - Processing /home/airflow/.local/lib/python3.7/site-packages/airflow/example_dags/example_datasets.py took 0.142 seconds
[2022-10-20T22:32:00.218+0000] {processor.py:156} INFO - Started process (PID=421) to work on /home/airflow/.local/lib/python3.7/site-packages/airflow/example_dags/example_datasets.py
[2022-10-20T22:32:00.221+0000] {processor.py:758} INFO - Processing file /home/airflow/.local/lib/python3.7/site-packages/airflow/example_dags/example_datasets.py for tasks to queue
[2022-10-20T22:32:00.222+0000] {logging_mixin.py:117} INFO - [2022-10-20T22:32:00.222+0000] {dagbag.py:525} INFO - Filling up the DagBag from /home/airflow/.local/lib/python3.7/site-packages/airflow/example_dags/example_datasets.py
[2022-10-20T22:32:00.237+0000] {processor.py:768} INFO - DAG(s) dict_keys(['dataset_consumes_unknown_never_scheduled', 'dataset_produces_2', 'dataset_consumes_1_never_scheduled', 'dataset_produces_1', 'dataset_consumes_1', 'dataset_consumes_1_and_2']) retrieved from /home/airflow/.local/lib/python3.7/site-packages/airflow/example_dags/example_datasets.py
[2022-10-20T22:32:00.294+0000] {logging_mixin.py:117} INFO - [2022-10-20T22:32:00.294+0000] {dag.py:2573} INFO - Sync 6 DAGs
[2022-10-20T22:32:00.322+0000] {logging_mixin.py:117} INFO - [2022-10-20T22:32:00.322+0000] {dag.py:3328} INFO - Setting next_dagrun for dataset_consumes_1 to None, run_after=None
[2022-10-20T22:32:00.326+0000] {logging_mixin.py:117} INFO - [2022-10-20T22:32:00.326+0000] {dag.py:3328} INFO - Setting next_dagrun for dataset_consumes_1_and_2 to None, run_after=None
[2022-10-20T22:32:00.329+0000] {logging_mixin.py:117} INFO - [2022-10-20T22:32:00.328+0000] {dag.py:3328} INFO - Setting next_dagrun for dataset_consumes_1_never_scheduled to None, run_after=None
[2022-10-20T22:32:00.331+0000] {logging_mixin.py:117} INFO - [2022-10-20T22:32:00.330+0000] {dag.py:3328} INFO - Setting next_dagrun for dataset_consumes_unknown_never_scheduled to None, run_after=None
[2022-10-20T22:32:00.334+0000] {logging_mixin.py:117} INFO - [2022-10-20T22:32:00.334+0000] {dag.py:3328} INFO - Setting next_dagrun for dataset_produces_1 to 2022-10-19T00:00:00+00:00, run_after=2022-10-20T00:00:00+00:00
[2022-10-20T22:32:00.336+0000] {logging_mixin.py:117} INFO - [2022-10-20T22:32:00.336+0000] {dag.py:3328} INFO - Setting next_dagrun for dataset_produces_2 to None, run_after=None
[2022-10-20T22:32:00.365+0000] {processor.py:178} INFO - Processing /home/airflow/.local/lib/python3.7/site-packages/airflow/example_dags/example_datasets.py took 0.150 seconds
[2022-10-20T22:32:31.027+0000] {processor.py:156} INFO - Started process (PID=484) to work on /home/airflow/.local/lib/python3.7/site-packages/airflow/example_dags/example_datasets.py
[2022-10-20T22:32:31.030+0000] {processor.py:758} INFO - Processing file /home/airflow/.local/lib/python3.7/site-packages/airflow/example_dags/example_datasets.py for tasks to queue
[2022-10-20T22:32:31.031+0000] {logging_mixin.py:117} INFO - [2022-10-20T22:32:31.031+0000] {dagbag.py:525} INFO - Filling up the DagBag from /home/airflow/.local/lib/python3.7/site-packages/airflow/example_dags/example_datasets.py
[2022-10-20T22:32:31.053+0000] {processor.py:768} INFO - DAG(s) dict_keys(['dataset_consumes_1_and_2', 'dataset_consumes_unknown_never_scheduled', 'dataset_produces_2', 'dataset_consumes_1', 'dataset_consumes_1_never_scheduled', 'dataset_produces_1']) retrieved from /home/airflow/.local/lib/python3.7/site-packages/airflow/example_dags/example_datasets.py
[2022-10-20T22:32:31.112+0000] {logging_mixin.py:117} INFO - [2022-10-20T22:32:31.112+0000] {dag.py:2573} INFO - Sync 6 DAGs
[2022-10-20T22:32:31.142+0000] {logging_mixin.py:117} INFO - [2022-10-20T22:32:31.142+0000] {dag.py:3328} INFO - Setting next_dagrun for dataset_consumes_1 to None, run_after=None
[2022-10-20T22:32:31.147+0000] {logging_mixin.py:117} INFO - [2022-10-20T22:32:31.147+0000] {dag.py:3328} INFO - Setting next_dagrun for dataset_consumes_1_and_2 to None, run_after=None
[2022-10-20T22:32:31.150+0000] {logging_mixin.py:117} INFO - [2022-10-20T22:32:31.150+0000] {dag.py:3328} INFO - Setting next_dagrun for dataset_consumes_1_never_scheduled to None, run_after=None
[2022-10-20T22:32:31.151+0000] {logging_mixin.py:117} INFO - [2022-10-20T22:32:31.151+0000] {dag.py:3328} INFO - Setting next_dagrun for dataset_consumes_unknown_never_scheduled to None, run_after=None
[2022-10-20T22:32:31.155+0000] {logging_mixin.py:117} INFO - [2022-10-20T22:32:31.154+0000] {dag.py:3328} INFO - Setting next_dagrun for dataset_produces_1 to 2022-10-19T00:00:00+00:00, run_after=2022-10-20T00:00:00+00:00
[2022-10-20T22:32:31.156+0000] {logging_mixin.py:117} INFO - [2022-10-20T22:32:31.156+0000] {dag.py:3328} INFO - Setting next_dagrun for dataset_produces_2 to None, run_after=None
[2022-10-20T22:32:31.190+0000] {processor.py:178} INFO - Processing /home/airflow/.local/lib/python3.7/site-packages/airflow/example_dags/example_datasets.py took 0.167 seconds
[2022-10-20T22:33:01.593+0000] {processor.py:156} INFO - Started process (PID=539) to work on /home/airflow/.local/lib/python3.7/site-packages/airflow/example_dags/example_datasets.py
[2022-10-20T22:33:01.595+0000] {processor.py:758} INFO - Processing file /home/airflow/.local/lib/python3.7/site-packages/airflow/example_dags/example_datasets.py for tasks to queue
[2022-10-20T22:33:01.597+0000] {logging_mixin.py:117} INFO - [2022-10-20T22:33:01.596+0000] {dagbag.py:525} INFO - Filling up the DagBag from /home/airflow/.local/lib/python3.7/site-packages/airflow/example_dags/example_datasets.py
[2022-10-20T22:33:01.614+0000] {processor.py:768} INFO - DAG(s) dict_keys(['dataset_consumes_1', 'dataset_produces_1', 'dataset_consumes_1_never_scheduled', 'dataset_consumes_unknown_never_scheduled', 'dataset_produces_2', 'dataset_consumes_1_and_2']) retrieved from /home/airflow/.local/lib/python3.7/site-packages/airflow/example_dags/example_datasets.py
[2022-10-20T22:33:01.664+0000] {logging_mixin.py:117} INFO - [2022-10-20T22:33:01.664+0000] {dag.py:2573} INFO - Sync 6 DAGs
[2022-10-20T22:33:01.689+0000] {logging_mixin.py:117} INFO - [2022-10-20T22:33:01.688+0000] {dag.py:3328} INFO - Setting next_dagrun for dataset_consumes_1 to None, run_after=None
[2022-10-20T22:33:01.693+0000] {logging_mixin.py:117} INFO - [2022-10-20T22:33:01.693+0000] {dag.py:3328} INFO - Setting next_dagrun for dataset_consumes_1_and_2 to None, run_after=None
[2022-10-20T22:33:01.695+0000] {logging_mixin.py:117} INFO - [2022-10-20T22:33:01.695+0000] {dag.py:3328} INFO - Setting next_dagrun for dataset_consumes_1_never_scheduled to None, run_after=None
[2022-10-20T22:33:01.696+0000] {logging_mixin.py:117} INFO - [2022-10-20T22:33:01.696+0000] {dag.py:3328} INFO - Setting next_dagrun for dataset_consumes_unknown_never_scheduled to None, run_after=None
[2022-10-20T22:33:01.699+0000] {logging_mixin.py:117} INFO - [2022-10-20T22:33:01.699+0000] {dag.py:3328} INFO - Setting next_dagrun for dataset_produces_1 to 2022-10-19T00:00:00+00:00, run_after=2022-10-20T00:00:00+00:00
[2022-10-20T22:33:01.702+0000] {logging_mixin.py:117} INFO - [2022-10-20T22:33:01.701+0000] {dag.py:3328} INFO - Setting next_dagrun for dataset_produces_2 to None, run_after=None
[2022-10-20T22:33:01.730+0000] {processor.py:178} INFO - Processing /home/airflow/.local/lib/python3.7/site-packages/airflow/example_dags/example_datasets.py took 0.140 seconds
[2022-10-20T22:33:32.376+0000] {processor.py:156} INFO - Started process (PID=603) to work on /home/airflow/.local/lib/python3.7/site-packages/airflow/example_dags/example_datasets.py
[2022-10-20T22:33:32.378+0000] {processor.py:758} INFO - Processing file /home/airflow/.local/lib/python3.7/site-packages/airflow/example_dags/example_datasets.py for tasks to queue
[2022-10-20T22:33:32.379+0000] {logging_mixin.py:117} INFO - [2022-10-20T22:33:32.379+0000] {dagbag.py:525} INFO - Filling up the DagBag from /home/airflow/.local/lib/python3.7/site-packages/airflow/example_dags/example_datasets.py
[2022-10-20T22:33:32.396+0000] {processor.py:768} INFO - DAG(s) dict_keys(['dataset_consumes_unknown_never_scheduled', 'dataset_consumes_1', 'dataset_produces_2', 'dataset_consumes_1_never_scheduled', 'dataset_produces_1', 'dataset_consumes_1_and_2']) retrieved from /home/airflow/.local/lib/python3.7/site-packages/airflow/example_dags/example_datasets.py
[2022-10-20T22:33:32.448+0000] {logging_mixin.py:117} INFO - [2022-10-20T22:33:32.448+0000] {dag.py:2573} INFO - Sync 6 DAGs
[2022-10-20T22:33:32.470+0000] {logging_mixin.py:117} INFO - [2022-10-20T22:33:32.470+0000] {dag.py:3328} INFO - Setting next_dagrun for dataset_consumes_1 to None, run_after=None
[2022-10-20T22:33:32.474+0000] {logging_mixin.py:117} INFO - [2022-10-20T22:33:32.474+0000] {dag.py:3328} INFO - Setting next_dagrun for dataset_consumes_1_and_2 to None, run_after=None
[2022-10-20T22:33:32.475+0000] {logging_mixin.py:117} INFO - [2022-10-20T22:33:32.475+0000] {dag.py:3328} INFO - Setting next_dagrun for dataset_consumes_1_never_scheduled to None, run_after=None
[2022-10-20T22:33:32.479+0000] {logging_mixin.py:117} INFO - [2022-10-20T22:33:32.479+0000] {dag.py:3328} INFO - Setting next_dagrun for dataset_consumes_unknown_never_scheduled to None, run_after=None
[2022-10-20T22:33:32.482+0000] {logging_mixin.py:117} INFO - [2022-10-20T22:33:32.482+0000] {dag.py:3328} INFO - Setting next_dagrun for dataset_produces_1 to 2022-10-19T00:00:00+00:00, run_after=2022-10-20T00:00:00+00:00
[2022-10-20T22:33:32.483+0000] {logging_mixin.py:117} INFO - [2022-10-20T22:33:32.483+0000] {dag.py:3328} INFO - Setting next_dagrun for dataset_produces_2 to None, run_after=None
[2022-10-20T22:33:32.513+0000] {processor.py:178} INFO - Processing /home/airflow/.local/lib/python3.7/site-packages/airflow/example_dags/example_datasets.py took 0.139 seconds
