[2022-10-20T22:28:57.889+0000] {processor.py:156} INFO - Started process (PID=68) to work on /home/airflow/.local/lib/python3.7/site-packages/airflow/example_dags/example_python_operator.py
[2022-10-20T22:28:57.893+0000] {processor.py:758} INFO - Processing file /home/airflow/.local/lib/python3.7/site-packages/airflow/example_dags/example_python_operator.py for tasks to queue
[2022-10-20T22:28:57.895+0000] {logging_mixin.py:117} INFO - [2022-10-20T22:28:57.894+0000] {dagbag.py:525} INFO - Filling up the DagBag from /home/airflow/.local/lib/python3.7/site-packages/airflow/example_dags/example_python_operator.py
[2022-10-20T22:28:57.939+0000] {processor.py:768} INFO - DAG(s) dict_keys(['example_python_operator']) retrieved from /home/airflow/.local/lib/python3.7/site-packages/airflow/example_dags/example_python_operator.py
[2022-10-20T22:28:58.023+0000] {logging_mixin.py:117} INFO - [2022-10-20T22:28:58.022+0000] {dag.py:2573} INFO - Sync 1 DAGs
[2022-10-20T22:28:58.080+0000] {logging_mixin.py:117} INFO - [2022-10-20T22:28:58.080+0000] {dag.py:3328} INFO - Setting next_dagrun for example_python_operator to None, run_after=None
[2022-10-20T22:28:58.119+0000] {processor.py:178} INFO - Processing /home/airflow/.local/lib/python3.7/site-packages/airflow/example_dags/example_python_operator.py took 0.234 seconds
[2022-10-20T22:29:28.210+0000] {processor.py:156} INFO - Started process (PID=122) to work on /home/airflow/.local/lib/python3.7/site-packages/airflow/example_dags/example_python_operator.py
[2022-10-20T22:29:28.212+0000] {processor.py:758} INFO - Processing file /home/airflow/.local/lib/python3.7/site-packages/airflow/example_dags/example_python_operator.py for tasks to queue
[2022-10-20T22:29:28.214+0000] {logging_mixin.py:117} INFO - [2022-10-20T22:29:28.213+0000] {dagbag.py:525} INFO - Filling up the DagBag from /home/airflow/.local/lib/python3.7/site-packages/airflow/example_dags/example_python_operator.py
[2022-10-20T22:29:28.237+0000] {processor.py:768} INFO - DAG(s) dict_keys(['example_python_operator']) retrieved from /home/airflow/.local/lib/python3.7/site-packages/airflow/example_dags/example_python_operator.py
[2022-10-20T22:29:28.270+0000] {logging_mixin.py:117} INFO - [2022-10-20T22:29:28.270+0000] {dag.py:2573} INFO - Sync 1 DAGs
[2022-10-20T22:29:28.290+0000] {logging_mixin.py:117} INFO - [2022-10-20T22:29:28.290+0000] {dag.py:3328} INFO - Setting next_dagrun for example_python_operator to None, run_after=None
[2022-10-20T22:29:28.310+0000] {processor.py:178} INFO - Processing /home/airflow/.local/lib/python3.7/site-packages/airflow/example_dags/example_python_operator.py took 0.103 seconds
[2022-10-20T22:29:58.586+0000] {processor.py:156} INFO - Started process (PID=186) to work on /home/airflow/.local/lib/python3.7/site-packages/airflow/example_dags/example_python_operator.py
[2022-10-20T22:29:58.589+0000] {processor.py:758} INFO - Processing file /home/airflow/.local/lib/python3.7/site-packages/airflow/example_dags/example_python_operator.py for tasks to queue
[2022-10-20T22:29:58.591+0000] {logging_mixin.py:117} INFO - [2022-10-20T22:29:58.590+0000] {dagbag.py:525} INFO - Filling up the DagBag from /home/airflow/.local/lib/python3.7/site-packages/airflow/example_dags/example_python_operator.py
[2022-10-20T22:29:58.626+0000] {processor.py:768} INFO - DAG(s) dict_keys(['example_python_operator']) retrieved from /home/airflow/.local/lib/python3.7/site-packages/airflow/example_dags/example_python_operator.py
[2022-10-20T22:29:58.677+0000] {logging_mixin.py:117} INFO - [2022-10-20T22:29:58.677+0000] {dag.py:2573} INFO - Sync 1 DAGs
[2022-10-20T22:29:58.706+0000] {logging_mixin.py:117} INFO - [2022-10-20T22:29:58.706+0000] {dag.py:3328} INFO - Setting next_dagrun for example_python_operator to None, run_after=None
[2022-10-20T22:29:58.734+0000] {processor.py:178} INFO - Processing /home/airflow/.local/lib/python3.7/site-packages/airflow/example_dags/example_python_operator.py took 0.151 seconds
[2022-10-20T22:30:29.330+0000] {processor.py:156} INFO - Started process (PID=250) to work on /home/airflow/.local/lib/python3.7/site-packages/airflow/example_dags/example_python_operator.py
[2022-10-20T22:30:29.332+0000] {processor.py:758} INFO - Processing file /home/airflow/.local/lib/python3.7/site-packages/airflow/example_dags/example_python_operator.py for tasks to queue
[2022-10-20T22:30:29.334+0000] {logging_mixin.py:117} INFO - [2022-10-20T22:30:29.333+0000] {dagbag.py:525} INFO - Filling up the DagBag from /home/airflow/.local/lib/python3.7/site-packages/airflow/example_dags/example_python_operator.py
[2022-10-20T22:30:29.360+0000] {processor.py:768} INFO - DAG(s) dict_keys(['example_python_operator']) retrieved from /home/airflow/.local/lib/python3.7/site-packages/airflow/example_dags/example_python_operator.py
[2022-10-20T22:30:29.402+0000] {logging_mixin.py:117} INFO - [2022-10-20T22:30:29.402+0000] {dag.py:2573} INFO - Sync 1 DAGs
[2022-10-20T22:30:29.429+0000] {logging_mixin.py:117} INFO - [2022-10-20T22:30:29.429+0000] {dag.py:3328} INFO - Setting next_dagrun for example_python_operator to None, run_after=None
[2022-10-20T22:30:29.449+0000] {processor.py:178} INFO - Processing /home/airflow/.local/lib/python3.7/site-packages/airflow/example_dags/example_python_operator.py took 0.122 seconds
[2022-10-20T22:30:59.778+0000] {processor.py:156} INFO - Started process (PID=304) to work on /home/airflow/.local/lib/python3.7/site-packages/airflow/example_dags/example_python_operator.py
[2022-10-20T22:30:59.781+0000] {processor.py:758} INFO - Processing file /home/airflow/.local/lib/python3.7/site-packages/airflow/example_dags/example_python_operator.py for tasks to queue
[2022-10-20T22:30:59.782+0000] {logging_mixin.py:117} INFO - [2022-10-20T22:30:59.782+0000] {dagbag.py:525} INFO - Filling up the DagBag from /home/airflow/.local/lib/python3.7/site-packages/airflow/example_dags/example_python_operator.py
[2022-10-20T22:30:59.806+0000] {processor.py:768} INFO - DAG(s) dict_keys(['example_python_operator']) retrieved from /home/airflow/.local/lib/python3.7/site-packages/airflow/example_dags/example_python_operator.py
[2022-10-20T22:30:59.849+0000] {logging_mixin.py:117} INFO - [2022-10-20T22:30:59.848+0000] {dag.py:2573} INFO - Sync 1 DAGs
[2022-10-20T22:30:59.871+0000] {logging_mixin.py:117} INFO - [2022-10-20T22:30:59.871+0000] {dag.py:3328} INFO - Setting next_dagrun for example_python_operator to None, run_after=None
[2022-10-20T22:30:59.889+0000] {processor.py:178} INFO - Processing /home/airflow/.local/lib/python3.7/site-packages/airflow/example_dags/example_python_operator.py took 0.114 seconds
[2022-10-20T22:31:30.447+0000] {processor.py:156} INFO - Started process (PID=367) to work on /home/airflow/.local/lib/python3.7/site-packages/airflow/example_dags/example_python_operator.py
[2022-10-20T22:31:30.449+0000] {processor.py:758} INFO - Processing file /home/airflow/.local/lib/python3.7/site-packages/airflow/example_dags/example_python_operator.py for tasks to queue
[2022-10-20T22:31:30.450+0000] {logging_mixin.py:117} INFO - [2022-10-20T22:31:30.450+0000] {dagbag.py:525} INFO - Filling up the DagBag from /home/airflow/.local/lib/python3.7/site-packages/airflow/example_dags/example_python_operator.py
[2022-10-20T22:31:30.474+0000] {processor.py:768} INFO - DAG(s) dict_keys(['example_python_operator']) retrieved from /home/airflow/.local/lib/python3.7/site-packages/airflow/example_dags/example_python_operator.py
[2022-10-20T22:31:30.510+0000] {logging_mixin.py:117} INFO - [2022-10-20T22:31:30.510+0000] {dag.py:2573} INFO - Sync 1 DAGs
[2022-10-20T22:31:30.538+0000] {logging_mixin.py:117} INFO - [2022-10-20T22:31:30.538+0000] {dag.py:3328} INFO - Setting next_dagrun for example_python_operator to None, run_after=None
[2022-10-20T22:31:30.564+0000] {processor.py:178} INFO - Processing /home/airflow/.local/lib/python3.7/site-packages/airflow/example_dags/example_python_operator.py took 0.120 seconds
[2022-10-20T22:32:00.947+0000] {processor.py:156} INFO - Started process (PID=430) to work on /home/airflow/.local/lib/python3.7/site-packages/airflow/example_dags/example_python_operator.py
[2022-10-20T22:32:00.949+0000] {processor.py:758} INFO - Processing file /home/airflow/.local/lib/python3.7/site-packages/airflow/example_dags/example_python_operator.py for tasks to queue
[2022-10-20T22:32:00.950+0000] {logging_mixin.py:117} INFO - [2022-10-20T22:32:00.950+0000] {dagbag.py:525} INFO - Filling up the DagBag from /home/airflow/.local/lib/python3.7/site-packages/airflow/example_dags/example_python_operator.py
[2022-10-20T22:32:00.971+0000] {processor.py:768} INFO - DAG(s) dict_keys(['example_python_operator']) retrieved from /home/airflow/.local/lib/python3.7/site-packages/airflow/example_dags/example_python_operator.py
[2022-10-20T22:32:01.004+0000] {logging_mixin.py:117} INFO - [2022-10-20T22:32:01.004+0000] {dag.py:2573} INFO - Sync 1 DAGs
[2022-10-20T22:32:01.023+0000] {logging_mixin.py:117} INFO - [2022-10-20T22:32:01.023+0000] {dag.py:3328} INFO - Setting next_dagrun for example_python_operator to None, run_after=None
[2022-10-20T22:32:01.049+0000] {processor.py:178} INFO - Processing /home/airflow/.local/lib/python3.7/site-packages/airflow/example_dags/example_python_operator.py took 0.106 seconds
[2022-10-20T22:32:31.913+0000] {processor.py:156} INFO - Started process (PID=493) to work on /home/airflow/.local/lib/python3.7/site-packages/airflow/example_dags/example_python_operator.py
[2022-10-20T22:32:31.916+0000] {processor.py:758} INFO - Processing file /home/airflow/.local/lib/python3.7/site-packages/airflow/example_dags/example_python_operator.py for tasks to queue
[2022-10-20T22:32:31.917+0000] {logging_mixin.py:117} INFO - [2022-10-20T22:32:31.917+0000] {dagbag.py:525} INFO - Filling up the DagBag from /home/airflow/.local/lib/python3.7/site-packages/airflow/example_dags/example_python_operator.py
[2022-10-20T22:32:31.941+0000] {processor.py:768} INFO - DAG(s) dict_keys(['example_python_operator']) retrieved from /home/airflow/.local/lib/python3.7/site-packages/airflow/example_dags/example_python_operator.py
[2022-10-20T22:32:31.985+0000] {logging_mixin.py:117} INFO - [2022-10-20T22:32:31.985+0000] {dag.py:2573} INFO - Sync 1 DAGs
[2022-10-20T22:32:32.012+0000] {logging_mixin.py:117} INFO - [2022-10-20T22:32:32.012+0000] {dag.py:3328} INFO - Setting next_dagrun for example_python_operator to None, run_after=None
[2022-10-20T22:32:32.038+0000] {processor.py:178} INFO - Processing /home/airflow/.local/lib/python3.7/site-packages/airflow/example_dags/example_python_operator.py took 0.128 seconds
[2022-10-20T22:33:02.314+0000] {processor.py:156} INFO - Started process (PID=548) to work on /home/airflow/.local/lib/python3.7/site-packages/airflow/example_dags/example_python_operator.py
[2022-10-20T22:33:02.317+0000] {processor.py:758} INFO - Processing file /home/airflow/.local/lib/python3.7/site-packages/airflow/example_dags/example_python_operator.py for tasks to queue
[2022-10-20T22:33:02.318+0000] {logging_mixin.py:117} INFO - [2022-10-20T22:33:02.318+0000] {dagbag.py:525} INFO - Filling up the DagBag from /home/airflow/.local/lib/python3.7/site-packages/airflow/example_dags/example_python_operator.py
[2022-10-20T22:33:02.343+0000] {processor.py:768} INFO - DAG(s) dict_keys(['example_python_operator']) retrieved from /home/airflow/.local/lib/python3.7/site-packages/airflow/example_dags/example_python_operator.py
[2022-10-20T22:33:02.382+0000] {logging_mixin.py:117} INFO - [2022-10-20T22:33:02.381+0000] {dag.py:2573} INFO - Sync 1 DAGs
[2022-10-20T22:33:02.404+0000] {logging_mixin.py:117} INFO - [2022-10-20T22:33:02.403+0000] {dag.py:3328} INFO - Setting next_dagrun for example_python_operator to None, run_after=None
[2022-10-20T22:33:02.422+0000] {processor.py:178} INFO - Processing /home/airflow/.local/lib/python3.7/site-packages/airflow/example_dags/example_python_operator.py took 0.110 seconds
[2022-10-20T22:33:33.093+0000] {processor.py:156} INFO - Started process (PID=612) to work on /home/airflow/.local/lib/python3.7/site-packages/airflow/example_dags/example_python_operator.py
[2022-10-20T22:33:33.096+0000] {processor.py:758} INFO - Processing file /home/airflow/.local/lib/python3.7/site-packages/airflow/example_dags/example_python_operator.py for tasks to queue
[2022-10-20T22:33:33.097+0000] {logging_mixin.py:117} INFO - [2022-10-20T22:33:33.097+0000] {dagbag.py:525} INFO - Filling up the DagBag from /home/airflow/.local/lib/python3.7/site-packages/airflow/example_dags/example_python_operator.py
[2022-10-20T22:33:33.123+0000] {processor.py:768} INFO - DAG(s) dict_keys(['example_python_operator']) retrieved from /home/airflow/.local/lib/python3.7/site-packages/airflow/example_dags/example_python_operator.py
[2022-10-20T22:33:33.163+0000] {logging_mixin.py:117} INFO - [2022-10-20T22:33:33.162+0000] {dag.py:2573} INFO - Sync 1 DAGs
[2022-10-20T22:33:33.187+0000] {logging_mixin.py:117} INFO - [2022-10-20T22:33:33.186+0000] {dag.py:3328} INFO - Setting next_dagrun for example_python_operator to None, run_after=None
[2022-10-20T22:33:33.211+0000] {processor.py:178} INFO - Processing /home/airflow/.local/lib/python3.7/site-packages/airflow/example_dags/example_python_operator.py took 0.121 seconds
