[2022-10-20T22:28:58.945+0000] {processor.py:156} INFO - Started process (PID=76) to work on /home/airflow/.local/lib/python3.7/site-packages/airflow/example_dags/example_branch_python_dop_operator_3.py
[2022-10-20T22:28:58.951+0000] {processor.py:758} INFO - Processing file /home/airflow/.local/lib/python3.7/site-packages/airflow/example_dags/example_branch_python_dop_operator_3.py for tasks to queue
[2022-10-20T22:28:58.952+0000] {logging_mixin.py:117} INFO - [2022-10-20T22:28:58.952+0000] {dagbag.py:525} INFO - Filling up the DagBag from /home/airflow/.local/lib/python3.7/site-packages/airflow/example_dags/example_branch_python_dop_operator_3.py
[2022-10-20T22:28:58.981+0000] {processor.py:768} INFO - DAG(s) dict_keys(['example_branch_dop_operator_v3']) retrieved from /home/airflow/.local/lib/python3.7/site-packages/airflow/example_dags/example_branch_python_dop_operator_3.py
[2022-10-20T22:28:59.007+0000] {logging_mixin.py:117} INFO - [2022-10-20T22:28:59.007+0000] {dag.py:2573} INFO - Sync 1 DAGs
[2022-10-20T22:28:59.036+0000] {logging_mixin.py:117} INFO - [2022-10-20T22:28:59.036+0000] {dag.py:3328} INFO - Setting next_dagrun for example_branch_dop_operator_v3 to 2022-10-20T22:27:00+00:00, run_after=2022-10-20T22:28:00+00:00
[2022-10-20T22:28:59.056+0000] {processor.py:178} INFO - Processing /home/airflow/.local/lib/python3.7/site-packages/airflow/example_dags/example_branch_python_dop_operator_3.py took 0.115 seconds
[2022-10-20T22:29:29.817+0000] {processor.py:156} INFO - Started process (PID=130) to work on /home/airflow/.local/lib/python3.7/site-packages/airflow/example_dags/example_branch_python_dop_operator_3.py
[2022-10-20T22:29:29.819+0000] {processor.py:758} INFO - Processing file /home/airflow/.local/lib/python3.7/site-packages/airflow/example_dags/example_branch_python_dop_operator_3.py for tasks to queue
[2022-10-20T22:29:29.820+0000] {logging_mixin.py:117} INFO - [2022-10-20T22:29:29.820+0000] {dagbag.py:525} INFO - Filling up the DagBag from /home/airflow/.local/lib/python3.7/site-packages/airflow/example_dags/example_branch_python_dop_operator_3.py
[2022-10-20T22:29:29.842+0000] {processor.py:768} INFO - DAG(s) dict_keys(['example_branch_dop_operator_v3']) retrieved from /home/airflow/.local/lib/python3.7/site-packages/airflow/example_dags/example_branch_python_dop_operator_3.py
[2022-10-20T22:29:29.877+0000] {logging_mixin.py:117} INFO - [2022-10-20T22:29:29.876+0000] {dag.py:2573} INFO - Sync 1 DAGs
[2022-10-20T22:29:29.907+0000] {logging_mixin.py:117} INFO - [2022-10-20T22:29:29.907+0000] {dag.py:3328} INFO - Setting next_dagrun for example_branch_dop_operator_v3 to 2022-10-20T22:28:00+00:00, run_after=2022-10-20T22:29:00+00:00
[2022-10-20T22:29:29.929+0000] {processor.py:178} INFO - Processing /home/airflow/.local/lib/python3.7/site-packages/airflow/example_dags/example_branch_python_dop_operator_3.py took 0.115 seconds
[2022-10-20T22:30:00.631+0000] {processor.py:156} INFO - Started process (PID=194) to work on /home/airflow/.local/lib/python3.7/site-packages/airflow/example_dags/example_branch_python_dop_operator_3.py
[2022-10-20T22:30:00.634+0000] {processor.py:758} INFO - Processing file /home/airflow/.local/lib/python3.7/site-packages/airflow/example_dags/example_branch_python_dop_operator_3.py for tasks to queue
[2022-10-20T22:30:00.635+0000] {logging_mixin.py:117} INFO - [2022-10-20T22:30:00.635+0000] {dagbag.py:525} INFO - Filling up the DagBag from /home/airflow/.local/lib/python3.7/site-packages/airflow/example_dags/example_branch_python_dop_operator_3.py
[2022-10-20T22:30:00.657+0000] {processor.py:768} INFO - DAG(s) dict_keys(['example_branch_dop_operator_v3']) retrieved from /home/airflow/.local/lib/python3.7/site-packages/airflow/example_dags/example_branch_python_dop_operator_3.py
[2022-10-20T22:30:00.700+0000] {logging_mixin.py:117} INFO - [2022-10-20T22:30:00.700+0000] {dag.py:2573} INFO - Sync 1 DAGs
[2022-10-20T22:30:00.729+0000] {logging_mixin.py:117} INFO - [2022-10-20T22:30:00.728+0000] {dag.py:3328} INFO - Setting next_dagrun for example_branch_dop_operator_v3 to 2022-10-20T22:29:00+00:00, run_after=2022-10-20T22:30:00+00:00
[2022-10-20T22:30:00.753+0000] {processor.py:178} INFO - Processing /home/airflow/.local/lib/python3.7/site-packages/airflow/example_dags/example_branch_python_dop_operator_3.py took 0.125 seconds
[2022-10-20T22:30:31.256+0000] {processor.py:156} INFO - Started process (PID=258) to work on /home/airflow/.local/lib/python3.7/site-packages/airflow/example_dags/example_branch_python_dop_operator_3.py
[2022-10-20T22:30:31.258+0000] {processor.py:758} INFO - Processing file /home/airflow/.local/lib/python3.7/site-packages/airflow/example_dags/example_branch_python_dop_operator_3.py for tasks to queue
[2022-10-20T22:30:31.259+0000] {logging_mixin.py:117} INFO - [2022-10-20T22:30:31.259+0000] {dagbag.py:525} INFO - Filling up the DagBag from /home/airflow/.local/lib/python3.7/site-packages/airflow/example_dags/example_branch_python_dop_operator_3.py
[2022-10-20T22:30:31.281+0000] {processor.py:768} INFO - DAG(s) dict_keys(['example_branch_dop_operator_v3']) retrieved from /home/airflow/.local/lib/python3.7/site-packages/airflow/example_dags/example_branch_python_dop_operator_3.py
[2022-10-20T22:30:31.315+0000] {logging_mixin.py:117} INFO - [2022-10-20T22:30:31.314+0000] {dag.py:2573} INFO - Sync 1 DAGs
[2022-10-20T22:30:31.339+0000] {logging_mixin.py:117} INFO - [2022-10-20T22:30:31.339+0000] {dag.py:3328} INFO - Setting next_dagrun for example_branch_dop_operator_v3 to 2022-10-20T22:29:00+00:00, run_after=2022-10-20T22:30:00+00:00
[2022-10-20T22:30:31.359+0000] {processor.py:178} INFO - Processing /home/airflow/.local/lib/python3.7/site-packages/airflow/example_dags/example_branch_python_dop_operator_3.py took 0.107 seconds
[2022-10-20T22:31:01.762+0000] {processor.py:156} INFO - Started process (PID=321) to work on /home/airflow/.local/lib/python3.7/site-packages/airflow/example_dags/example_branch_python_dop_operator_3.py
[2022-10-20T22:31:01.764+0000] {processor.py:758} INFO - Processing file /home/airflow/.local/lib/python3.7/site-packages/airflow/example_dags/example_branch_python_dop_operator_3.py for tasks to queue
[2022-10-20T22:31:01.765+0000] {logging_mixin.py:117} INFO - [2022-10-20T22:31:01.765+0000] {dagbag.py:525} INFO - Filling up the DagBag from /home/airflow/.local/lib/python3.7/site-packages/airflow/example_dags/example_branch_python_dop_operator_3.py
[2022-10-20T22:31:01.783+0000] {processor.py:768} INFO - DAG(s) dict_keys(['example_branch_dop_operator_v3']) retrieved from /home/airflow/.local/lib/python3.7/site-packages/airflow/example_dags/example_branch_python_dop_operator_3.py
[2022-10-20T22:31:01.814+0000] {logging_mixin.py:117} INFO - [2022-10-20T22:31:01.814+0000] {dag.py:2573} INFO - Sync 1 DAGs
[2022-10-20T22:31:01.838+0000] {logging_mixin.py:117} INFO - [2022-10-20T22:31:01.838+0000] {dag.py:3328} INFO - Setting next_dagrun for example_branch_dop_operator_v3 to 2022-10-20T22:30:00+00:00, run_after=2022-10-20T22:31:00+00:00
[2022-10-20T22:31:01.858+0000] {processor.py:178} INFO - Processing /home/airflow/.local/lib/python3.7/site-packages/airflow/example_dags/example_branch_python_dop_operator_3.py took 0.099 seconds
[2022-10-20T22:31:32.347+0000] {processor.py:156} INFO - Started process (PID=375) to work on /home/airflow/.local/lib/python3.7/site-packages/airflow/example_dags/example_branch_python_dop_operator_3.py
[2022-10-20T22:31:32.349+0000] {processor.py:758} INFO - Processing file /home/airflow/.local/lib/python3.7/site-packages/airflow/example_dags/example_branch_python_dop_operator_3.py for tasks to queue
[2022-10-20T22:31:32.350+0000] {logging_mixin.py:117} INFO - [2022-10-20T22:31:32.350+0000] {dagbag.py:525} INFO - Filling up the DagBag from /home/airflow/.local/lib/python3.7/site-packages/airflow/example_dags/example_branch_python_dop_operator_3.py
[2022-10-20T22:31:32.369+0000] {processor.py:768} INFO - DAG(s) dict_keys(['example_branch_dop_operator_v3']) retrieved from /home/airflow/.local/lib/python3.7/site-packages/airflow/example_dags/example_branch_python_dop_operator_3.py
[2022-10-20T22:31:32.401+0000] {logging_mixin.py:117} INFO - [2022-10-20T22:31:32.400+0000] {dag.py:2573} INFO - Sync 1 DAGs
[2022-10-20T22:31:32.423+0000] {logging_mixin.py:117} INFO - [2022-10-20T22:31:32.423+0000] {dag.py:3328} INFO - Setting next_dagrun for example_branch_dop_operator_v3 to 2022-10-20T22:30:00+00:00, run_after=2022-10-20T22:31:00+00:00
[2022-10-20T22:31:32.439+0000] {processor.py:178} INFO - Processing /home/airflow/.local/lib/python3.7/site-packages/airflow/example_dags/example_branch_python_dop_operator_3.py took 0.095 seconds
[2022-10-20T22:32:02.800+0000] {processor.py:156} INFO - Started process (PID=438) to work on /home/airflow/.local/lib/python3.7/site-packages/airflow/example_dags/example_branch_python_dop_operator_3.py
[2022-10-20T22:32:02.803+0000] {processor.py:758} INFO - Processing file /home/airflow/.local/lib/python3.7/site-packages/airflow/example_dags/example_branch_python_dop_operator_3.py for tasks to queue
[2022-10-20T22:32:02.804+0000] {logging_mixin.py:117} INFO - [2022-10-20T22:32:02.803+0000] {dagbag.py:525} INFO - Filling up the DagBag from /home/airflow/.local/lib/python3.7/site-packages/airflow/example_dags/example_branch_python_dop_operator_3.py
[2022-10-20T22:32:02.823+0000] {processor.py:768} INFO - DAG(s) dict_keys(['example_branch_dop_operator_v3']) retrieved from /home/airflow/.local/lib/python3.7/site-packages/airflow/example_dags/example_branch_python_dop_operator_3.py
[2022-10-20T22:32:02.856+0000] {logging_mixin.py:117} INFO - [2022-10-20T22:32:02.856+0000] {dag.py:2573} INFO - Sync 1 DAGs
[2022-10-20T22:32:02.880+0000] {logging_mixin.py:117} INFO - [2022-10-20T22:32:02.880+0000] {dag.py:3328} INFO - Setting next_dagrun for example_branch_dop_operator_v3 to 2022-10-20T22:31:00+00:00, run_after=2022-10-20T22:32:00+00:00
[2022-10-20T22:32:02.897+0000] {processor.py:178} INFO - Processing /home/airflow/.local/lib/python3.7/site-packages/airflow/example_dags/example_branch_python_dop_operator_3.py took 0.100 seconds
[2022-10-20T22:32:33.752+0000] {processor.py:156} INFO - Started process (PID=501) to work on /home/airflow/.local/lib/python3.7/site-packages/airflow/example_dags/example_branch_python_dop_operator_3.py
[2022-10-20T22:32:33.754+0000] {processor.py:758} INFO - Processing file /home/airflow/.local/lib/python3.7/site-packages/airflow/example_dags/example_branch_python_dop_operator_3.py for tasks to queue
[2022-10-20T22:32:33.755+0000] {logging_mixin.py:117} INFO - [2022-10-20T22:32:33.755+0000] {dagbag.py:525} INFO - Filling up the DagBag from /home/airflow/.local/lib/python3.7/site-packages/airflow/example_dags/example_branch_python_dop_operator_3.py
[2022-10-20T22:32:33.782+0000] {processor.py:768} INFO - DAG(s) dict_keys(['example_branch_dop_operator_v3']) retrieved from /home/airflow/.local/lib/python3.7/site-packages/airflow/example_dags/example_branch_python_dop_operator_3.py
[2022-10-20T22:32:33.828+0000] {logging_mixin.py:117} INFO - [2022-10-20T22:32:33.828+0000] {dag.py:2573} INFO - Sync 1 DAGs
[2022-10-20T22:32:33.863+0000] {logging_mixin.py:117} INFO - [2022-10-20T22:32:33.863+0000] {dag.py:3328} INFO - Setting next_dagrun for example_branch_dop_operator_v3 to 2022-10-20T22:31:00+00:00, run_after=2022-10-20T22:32:00+00:00
[2022-10-20T22:32:33.889+0000] {processor.py:178} INFO - Processing /home/airflow/.local/lib/python3.7/site-packages/airflow/example_dags/example_branch_python_dop_operator_3.py took 0.142 seconds
[2022-10-20T22:33:04.101+0000] {processor.py:156} INFO - Started process (PID=556) to work on /home/airflow/.local/lib/python3.7/site-packages/airflow/example_dags/example_branch_python_dop_operator_3.py
[2022-10-20T22:33:04.104+0000] {processor.py:758} INFO - Processing file /home/airflow/.local/lib/python3.7/site-packages/airflow/example_dags/example_branch_python_dop_operator_3.py for tasks to queue
[2022-10-20T22:33:04.106+0000] {logging_mixin.py:117} INFO - [2022-10-20T22:33:04.106+0000] {dagbag.py:525} INFO - Filling up the DagBag from /home/airflow/.local/lib/python3.7/site-packages/airflow/example_dags/example_branch_python_dop_operator_3.py
[2022-10-20T22:33:04.129+0000] {processor.py:768} INFO - DAG(s) dict_keys(['example_branch_dop_operator_v3']) retrieved from /home/airflow/.local/lib/python3.7/site-packages/airflow/example_dags/example_branch_python_dop_operator_3.py
[2022-10-20T22:33:04.165+0000] {logging_mixin.py:117} INFO - [2022-10-20T22:33:04.165+0000] {dag.py:2573} INFO - Sync 1 DAGs
[2022-10-20T22:33:04.192+0000] {logging_mixin.py:117} INFO - [2022-10-20T22:33:04.192+0000] {dag.py:3328} INFO - Setting next_dagrun for example_branch_dop_operator_v3 to 2022-10-20T22:32:00+00:00, run_after=2022-10-20T22:33:00+00:00
[2022-10-20T22:33:04.210+0000] {processor.py:178} INFO - Processing /home/airflow/.local/lib/python3.7/site-packages/airflow/example_dags/example_branch_python_dop_operator_3.py took 0.113 seconds
[2022-10-20T22:33:34.839+0000] {processor.py:156} INFO - Started process (PID=620) to work on /home/airflow/.local/lib/python3.7/site-packages/airflow/example_dags/example_branch_python_dop_operator_3.py
[2022-10-20T22:33:34.842+0000] {processor.py:758} INFO - Processing file /home/airflow/.local/lib/python3.7/site-packages/airflow/example_dags/example_branch_python_dop_operator_3.py for tasks to queue
[2022-10-20T22:33:34.843+0000] {logging_mixin.py:117} INFO - [2022-10-20T22:33:34.843+0000] {dagbag.py:525} INFO - Filling up the DagBag from /home/airflow/.local/lib/python3.7/site-packages/airflow/example_dags/example_branch_python_dop_operator_3.py
[2022-10-20T22:33:34.867+0000] {processor.py:768} INFO - DAG(s) dict_keys(['example_branch_dop_operator_v3']) retrieved from /home/airflow/.local/lib/python3.7/site-packages/airflow/example_dags/example_branch_python_dop_operator_3.py
[2022-10-20T22:33:34.906+0000] {logging_mixin.py:117} INFO - [2022-10-20T22:33:34.906+0000] {dag.py:2573} INFO - Sync 1 DAGs
[2022-10-20T22:33:34.935+0000] {logging_mixin.py:117} INFO - [2022-10-20T22:33:34.934+0000] {dag.py:3328} INFO - Setting next_dagrun for example_branch_dop_operator_v3 to 2022-10-20T22:32:00+00:00, run_after=2022-10-20T22:33:00+00:00
[2022-10-20T22:33:34.957+0000] {processor.py:178} INFO - Processing /home/airflow/.local/lib/python3.7/site-packages/airflow/example_dags/example_branch_python_dop_operator_3.py took 0.121 seconds
