[2022-10-20T22:28:58.749+0000] {processor.py:156} INFO - Started process (PID=74) to work on /home/airflow/.local/lib/python3.7/site-packages/airflow/example_dags/example_branch_datetime_operator.py
[2022-10-20T22:28:58.751+0000] {processor.py:758} INFO - Processing file /home/airflow/.local/lib/python3.7/site-packages/airflow/example_dags/example_branch_datetime_operator.py for tasks to queue
[2022-10-20T22:28:58.753+0000] {logging_mixin.py:117} INFO - [2022-10-20T22:28:58.753+0000] {dagbag.py:525} INFO - Filling up the DagBag from /home/airflow/.local/lib/python3.7/site-packages/airflow/example_dags/example_branch_datetime_operator.py
[2022-10-20T22:28:58.775+0000] {processor.py:768} INFO - DAG(s) dict_keys(['example_branch_datetime_operator_2', 'example_branch_datetime_operator_3', 'example_branch_datetime_operator']) retrieved from /home/airflow/.local/lib/python3.7/site-packages/airflow/example_dags/example_branch_datetime_operator.py
[2022-10-20T22:28:58.812+0000] {logging_mixin.py:117} INFO - [2022-10-20T22:28:58.812+0000] {dag.py:2573} INFO - Sync 3 DAGs
[2022-10-20T22:28:58.838+0000] {logging_mixin.py:117} INFO - [2022-10-20T22:28:58.838+0000] {dag.py:3328} INFO - Setting next_dagrun for example_branch_datetime_operator to 2022-10-19T00:00:00+00:00, run_after=2022-10-20T00:00:00+00:00
[2022-10-20T22:28:58.844+0000] {logging_mixin.py:117} INFO - [2022-10-20T22:28:58.844+0000] {dag.py:3328} INFO - Setting next_dagrun for example_branch_datetime_operator_2 to 2022-10-19T00:00:00+00:00, run_after=2022-10-20T00:00:00+00:00
[2022-10-20T22:28:58.847+0000] {logging_mixin.py:117} INFO - [2022-10-20T22:28:58.847+0000] {dag.py:3328} INFO - Setting next_dagrun for example_branch_datetime_operator_3 to 2022-10-19T00:00:00+00:00, run_after=2022-10-20T00:00:00+00:00
[2022-10-20T22:28:58.870+0000] {processor.py:178} INFO - Processing /home/airflow/.local/lib/python3.7/site-packages/airflow/example_dags/example_branch_datetime_operator.py took 0.125 seconds
[2022-10-20T22:29:29.670+0000] {processor.py:156} INFO - Started process (PID=128) to work on /home/airflow/.local/lib/python3.7/site-packages/airflow/example_dags/example_branch_datetime_operator.py
[2022-10-20T22:29:29.672+0000] {processor.py:758} INFO - Processing file /home/airflow/.local/lib/python3.7/site-packages/airflow/example_dags/example_branch_datetime_operator.py for tasks to queue
[2022-10-20T22:29:29.674+0000] {logging_mixin.py:117} INFO - [2022-10-20T22:29:29.673+0000] {dagbag.py:525} INFO - Filling up the DagBag from /home/airflow/.local/lib/python3.7/site-packages/airflow/example_dags/example_branch_datetime_operator.py
[2022-10-20T22:29:29.690+0000] {processor.py:768} INFO - DAG(s) dict_keys(['example_branch_datetime_operator', 'example_branch_datetime_operator_3', 'example_branch_datetime_operator_2']) retrieved from /home/airflow/.local/lib/python3.7/site-packages/airflow/example_dags/example_branch_datetime_operator.py
[2022-10-20T22:29:29.728+0000] {logging_mixin.py:117} INFO - [2022-10-20T22:29:29.728+0000] {dag.py:2573} INFO - Sync 3 DAGs
[2022-10-20T22:29:29.748+0000] {logging_mixin.py:117} INFO - [2022-10-20T22:29:29.748+0000] {dag.py:3328} INFO - Setting next_dagrun for example_branch_datetime_operator to 2022-10-19T00:00:00+00:00, run_after=2022-10-20T00:00:00+00:00
[2022-10-20T22:29:29.754+0000] {logging_mixin.py:117} INFO - [2022-10-20T22:29:29.754+0000] {dag.py:3328} INFO - Setting next_dagrun for example_branch_datetime_operator_2 to 2022-10-19T00:00:00+00:00, run_after=2022-10-20T00:00:00+00:00
[2022-10-20T22:29:29.758+0000] {logging_mixin.py:117} INFO - [2022-10-20T22:29:29.758+0000] {dag.py:3328} INFO - Setting next_dagrun for example_branch_datetime_operator_3 to 2022-10-19T00:00:00+00:00, run_after=2022-10-20T00:00:00+00:00
[2022-10-20T22:29:29.777+0000] {processor.py:178} INFO - Processing /home/airflow/.local/lib/python3.7/site-packages/airflow/example_dags/example_branch_datetime_operator.py took 0.110 seconds
[2022-10-20T22:30:00.292+0000] {processor.py:156} INFO - Started process (PID=192) to work on /home/airflow/.local/lib/python3.7/site-packages/airflow/example_dags/example_branch_datetime_operator.py
[2022-10-20T22:30:00.294+0000] {processor.py:758} INFO - Processing file /home/airflow/.local/lib/python3.7/site-packages/airflow/example_dags/example_branch_datetime_operator.py for tasks to queue
[2022-10-20T22:30:00.295+0000] {logging_mixin.py:117} INFO - [2022-10-20T22:30:00.295+0000] {dagbag.py:525} INFO - Filling up the DagBag from /home/airflow/.local/lib/python3.7/site-packages/airflow/example_dags/example_branch_datetime_operator.py
[2022-10-20T22:30:00.311+0000] {processor.py:768} INFO - DAG(s) dict_keys(['example_branch_datetime_operator_2', 'example_branch_datetime_operator', 'example_branch_datetime_operator_3']) retrieved from /home/airflow/.local/lib/python3.7/site-packages/airflow/example_dags/example_branch_datetime_operator.py
[2022-10-20T22:30:00.352+0000] {logging_mixin.py:117} INFO - [2022-10-20T22:30:00.351+0000] {dag.py:2573} INFO - Sync 3 DAGs
[2022-10-20T22:30:00.375+0000] {logging_mixin.py:117} INFO - [2022-10-20T22:30:00.375+0000] {dag.py:3328} INFO - Setting next_dagrun for example_branch_datetime_operator to 2022-10-19T00:00:00+00:00, run_after=2022-10-20T00:00:00+00:00
[2022-10-20T22:30:00.379+0000] {logging_mixin.py:117} INFO - [2022-10-20T22:30:00.379+0000] {dag.py:3328} INFO - Setting next_dagrun for example_branch_datetime_operator_2 to 2022-10-19T00:00:00+00:00, run_after=2022-10-20T00:00:00+00:00
[2022-10-20T22:30:00.382+0000] {logging_mixin.py:117} INFO - [2022-10-20T22:30:00.382+0000] {dag.py:3328} INFO - Setting next_dagrun for example_branch_datetime_operator_3 to 2022-10-19T00:00:00+00:00, run_after=2022-10-20T00:00:00+00:00
[2022-10-20T22:30:00.399+0000] {processor.py:178} INFO - Processing /home/airflow/.local/lib/python3.7/site-packages/airflow/example_dags/example_branch_datetime_operator.py took 0.111 seconds
[2022-10-20T22:30:30.964+0000] {processor.py:156} INFO - Started process (PID=256) to work on /home/airflow/.local/lib/python3.7/site-packages/airflow/example_dags/example_branch_datetime_operator.py
[2022-10-20T22:30:30.967+0000] {processor.py:758} INFO - Processing file /home/airflow/.local/lib/python3.7/site-packages/airflow/example_dags/example_branch_datetime_operator.py for tasks to queue
[2022-10-20T22:30:30.969+0000] {logging_mixin.py:117} INFO - [2022-10-20T22:30:30.969+0000] {dagbag.py:525} INFO - Filling up the DagBag from /home/airflow/.local/lib/python3.7/site-packages/airflow/example_dags/example_branch_datetime_operator.py
[2022-10-20T22:30:30.987+0000] {processor.py:768} INFO - DAG(s) dict_keys(['example_branch_datetime_operator_3', 'example_branch_datetime_operator', 'example_branch_datetime_operator_2']) retrieved from /home/airflow/.local/lib/python3.7/site-packages/airflow/example_dags/example_branch_datetime_operator.py
[2022-10-20T22:30:31.031+0000] {logging_mixin.py:117} INFO - [2022-10-20T22:30:31.031+0000] {dag.py:2573} INFO - Sync 3 DAGs
[2022-10-20T22:30:31.053+0000] {logging_mixin.py:117} INFO - [2022-10-20T22:30:31.052+0000] {dag.py:3328} INFO - Setting next_dagrun for example_branch_datetime_operator to 2022-10-19T00:00:00+00:00, run_after=2022-10-20T00:00:00+00:00
[2022-10-20T22:30:31.057+0000] {logging_mixin.py:117} INFO - [2022-10-20T22:30:31.057+0000] {dag.py:3328} INFO - Setting next_dagrun for example_branch_datetime_operator_2 to 2022-10-19T00:00:00+00:00, run_after=2022-10-20T00:00:00+00:00
[2022-10-20T22:30:31.060+0000] {logging_mixin.py:117} INFO - [2022-10-20T22:30:31.060+0000] {dag.py:3328} INFO - Setting next_dagrun for example_branch_datetime_operator_3 to 2022-10-19T00:00:00+00:00, run_after=2022-10-20T00:00:00+00:00
[2022-10-20T22:30:31.077+0000] {processor.py:178} INFO - Processing /home/airflow/.local/lib/python3.7/site-packages/airflow/example_dags/example_branch_datetime_operator.py took 0.116 seconds
[2022-10-20T22:31:01.455+0000] {processor.py:156} INFO - Started process (PID=319) to work on /home/airflow/.local/lib/python3.7/site-packages/airflow/example_dags/example_branch_datetime_operator.py
[2022-10-20T22:31:01.458+0000] {processor.py:758} INFO - Processing file /home/airflow/.local/lib/python3.7/site-packages/airflow/example_dags/example_branch_datetime_operator.py for tasks to queue
[2022-10-20T22:31:01.459+0000] {logging_mixin.py:117} INFO - [2022-10-20T22:31:01.459+0000] {dagbag.py:525} INFO - Filling up the DagBag from /home/airflow/.local/lib/python3.7/site-packages/airflow/example_dags/example_branch_datetime_operator.py
[2022-10-20T22:31:01.476+0000] {processor.py:768} INFO - DAG(s) dict_keys(['example_branch_datetime_operator', 'example_branch_datetime_operator_3', 'example_branch_datetime_operator_2']) retrieved from /home/airflow/.local/lib/python3.7/site-packages/airflow/example_dags/example_branch_datetime_operator.py
[2022-10-20T22:31:01.527+0000] {logging_mixin.py:117} INFO - [2022-10-20T22:31:01.527+0000] {dag.py:2573} INFO - Sync 3 DAGs
[2022-10-20T22:31:01.555+0000] {logging_mixin.py:117} INFO - [2022-10-20T22:31:01.555+0000] {dag.py:3328} INFO - Setting next_dagrun for example_branch_datetime_operator to 2022-10-19T00:00:00+00:00, run_after=2022-10-20T00:00:00+00:00
[2022-10-20T22:31:01.562+0000] {logging_mixin.py:117} INFO - [2022-10-20T22:31:01.562+0000] {dag.py:3328} INFO - Setting next_dagrun for example_branch_datetime_operator_2 to 2022-10-19T00:00:00+00:00, run_after=2022-10-20T00:00:00+00:00
[2022-10-20T22:31:01.566+0000] {logging_mixin.py:117} INFO - [2022-10-20T22:31:01.566+0000] {dag.py:3328} INFO - Setting next_dagrun for example_branch_datetime_operator_3 to 2022-10-19T00:00:00+00:00, run_after=2022-10-20T00:00:00+00:00
[2022-10-20T22:31:01.593+0000] {processor.py:178} INFO - Processing /home/airflow/.local/lib/python3.7/site-packages/airflow/example_dags/example_branch_datetime_operator.py took 0.141 seconds
[2022-10-20T22:31:32.035+0000] {processor.py:156} INFO - Started process (PID=373) to work on /home/airflow/.local/lib/python3.7/site-packages/airflow/example_dags/example_branch_datetime_operator.py
[2022-10-20T22:31:32.038+0000] {processor.py:758} INFO - Processing file /home/airflow/.local/lib/python3.7/site-packages/airflow/example_dags/example_branch_datetime_operator.py for tasks to queue
[2022-10-20T22:31:32.040+0000] {logging_mixin.py:117} INFO - [2022-10-20T22:31:32.039+0000] {dagbag.py:525} INFO - Filling up the DagBag from /home/airflow/.local/lib/python3.7/site-packages/airflow/example_dags/example_branch_datetime_operator.py
[2022-10-20T22:31:32.064+0000] {processor.py:768} INFO - DAG(s) dict_keys(['example_branch_datetime_operator_3', 'example_branch_datetime_operator', 'example_branch_datetime_operator_2']) retrieved from /home/airflow/.local/lib/python3.7/site-packages/airflow/example_dags/example_branch_datetime_operator.py
[2022-10-20T22:31:32.112+0000] {logging_mixin.py:117} INFO - [2022-10-20T22:31:32.112+0000] {dag.py:2573} INFO - Sync 3 DAGs
[2022-10-20T22:31:32.137+0000] {logging_mixin.py:117} INFO - [2022-10-20T22:31:32.137+0000] {dag.py:3328} INFO - Setting next_dagrun for example_branch_datetime_operator to 2022-10-19T00:00:00+00:00, run_after=2022-10-20T00:00:00+00:00
[2022-10-20T22:31:32.142+0000] {logging_mixin.py:117} INFO - [2022-10-20T22:31:32.142+0000] {dag.py:3328} INFO - Setting next_dagrun for example_branch_datetime_operator_2 to 2022-10-19T00:00:00+00:00, run_after=2022-10-20T00:00:00+00:00
[2022-10-20T22:31:32.145+0000] {logging_mixin.py:117} INFO - [2022-10-20T22:31:32.145+0000] {dag.py:3328} INFO - Setting next_dagrun for example_branch_datetime_operator_3 to 2022-10-19T00:00:00+00:00, run_after=2022-10-20T00:00:00+00:00
[2022-10-20T22:31:32.169+0000] {processor.py:178} INFO - Processing /home/airflow/.local/lib/python3.7/site-packages/airflow/example_dags/example_branch_datetime_operator.py took 0.137 seconds
[2022-10-20T22:32:02.484+0000] {processor.py:156} INFO - Started process (PID=436) to work on /home/airflow/.local/lib/python3.7/site-packages/airflow/example_dags/example_branch_datetime_operator.py
[2022-10-20T22:32:02.488+0000] {processor.py:758} INFO - Processing file /home/airflow/.local/lib/python3.7/site-packages/airflow/example_dags/example_branch_datetime_operator.py for tasks to queue
[2022-10-20T22:32:02.489+0000] {logging_mixin.py:117} INFO - [2022-10-20T22:32:02.489+0000] {dagbag.py:525} INFO - Filling up the DagBag from /home/airflow/.local/lib/python3.7/site-packages/airflow/example_dags/example_branch_datetime_operator.py
[2022-10-20T22:32:02.513+0000] {processor.py:768} INFO - DAG(s) dict_keys(['example_branch_datetime_operator_2', 'example_branch_datetime_operator', 'example_branch_datetime_operator_3']) retrieved from /home/airflow/.local/lib/python3.7/site-packages/airflow/example_dags/example_branch_datetime_operator.py
[2022-10-20T22:32:02.553+0000] {logging_mixin.py:117} INFO - [2022-10-20T22:32:02.553+0000] {dag.py:2573} INFO - Sync 3 DAGs
[2022-10-20T22:32:02.577+0000] {logging_mixin.py:117} INFO - [2022-10-20T22:32:02.577+0000] {dag.py:3328} INFO - Setting next_dagrun for example_branch_datetime_operator to 2022-10-19T00:00:00+00:00, run_after=2022-10-20T00:00:00+00:00
[2022-10-20T22:32:02.583+0000] {logging_mixin.py:117} INFO - [2022-10-20T22:32:02.582+0000] {dag.py:3328} INFO - Setting next_dagrun for example_branch_datetime_operator_2 to 2022-10-19T00:00:00+00:00, run_after=2022-10-20T00:00:00+00:00
[2022-10-20T22:32:02.586+0000] {logging_mixin.py:117} INFO - [2022-10-20T22:32:02.586+0000] {dag.py:3328} INFO - Setting next_dagrun for example_branch_datetime_operator_3 to 2022-10-19T00:00:00+00:00, run_after=2022-10-20T00:00:00+00:00
[2022-10-20T22:32:02.605+0000] {processor.py:178} INFO - Processing /home/airflow/.local/lib/python3.7/site-packages/airflow/example_dags/example_branch_datetime_operator.py took 0.123 seconds
[2022-10-20T22:32:33.547+0000] {processor.py:156} INFO - Started process (PID=499) to work on /home/airflow/.local/lib/python3.7/site-packages/airflow/example_dags/example_branch_datetime_operator.py
[2022-10-20T22:32:33.549+0000] {processor.py:758} INFO - Processing file /home/airflow/.local/lib/python3.7/site-packages/airflow/example_dags/example_branch_datetime_operator.py for tasks to queue
[2022-10-20T22:32:33.552+0000] {logging_mixin.py:117} INFO - [2022-10-20T22:32:33.551+0000] {dagbag.py:525} INFO - Filling up the DagBag from /home/airflow/.local/lib/python3.7/site-packages/airflow/example_dags/example_branch_datetime_operator.py
[2022-10-20T22:32:33.575+0000] {processor.py:768} INFO - DAG(s) dict_keys(['example_branch_datetime_operator_3', 'example_branch_datetime_operator', 'example_branch_datetime_operator_2']) retrieved from /home/airflow/.local/lib/python3.7/site-packages/airflow/example_dags/example_branch_datetime_operator.py
[2022-10-20T22:32:33.628+0000] {logging_mixin.py:117} INFO - [2022-10-20T22:32:33.627+0000] {dag.py:2573} INFO - Sync 3 DAGs
[2022-10-20T22:32:33.660+0000] {logging_mixin.py:117} INFO - [2022-10-20T22:32:33.659+0000] {dag.py:3328} INFO - Setting next_dagrun for example_branch_datetime_operator to 2022-10-19T00:00:00+00:00, run_after=2022-10-20T00:00:00+00:00
[2022-10-20T22:32:33.667+0000] {logging_mixin.py:117} INFO - [2022-10-20T22:32:33.667+0000] {dag.py:3328} INFO - Setting next_dagrun for example_branch_datetime_operator_2 to 2022-10-19T00:00:00+00:00, run_after=2022-10-20T00:00:00+00:00
[2022-10-20T22:32:33.672+0000] {logging_mixin.py:117} INFO - [2022-10-20T22:32:33.672+0000] {dag.py:3328} INFO - Setting next_dagrun for example_branch_datetime_operator_3 to 2022-10-19T00:00:00+00:00, run_after=2022-10-20T00:00:00+00:00
[2022-10-20T22:32:33.704+0000] {processor.py:178} INFO - Processing /home/airflow/.local/lib/python3.7/site-packages/airflow/example_dags/example_branch_datetime_operator.py took 0.160 seconds
[2022-10-20T22:33:03.825+0000] {processor.py:156} INFO - Started process (PID=554) to work on /home/airflow/.local/lib/python3.7/site-packages/airflow/example_dags/example_branch_datetime_operator.py
[2022-10-20T22:33:03.827+0000] {processor.py:758} INFO - Processing file /home/airflow/.local/lib/python3.7/site-packages/airflow/example_dags/example_branch_datetime_operator.py for tasks to queue
[2022-10-20T22:33:03.828+0000] {logging_mixin.py:117} INFO - [2022-10-20T22:33:03.828+0000] {dagbag.py:525} INFO - Filling up the DagBag from /home/airflow/.local/lib/python3.7/site-packages/airflow/example_dags/example_branch_datetime_operator.py
[2022-10-20T22:33:03.845+0000] {processor.py:768} INFO - DAG(s) dict_keys(['example_branch_datetime_operator_3', 'example_branch_datetime_operator', 'example_branch_datetime_operator_2']) retrieved from /home/airflow/.local/lib/python3.7/site-packages/airflow/example_dags/example_branch_datetime_operator.py
[2022-10-20T22:33:03.883+0000] {logging_mixin.py:117} INFO - [2022-10-20T22:33:03.883+0000] {dag.py:2573} INFO - Sync 3 DAGs
[2022-10-20T22:33:03.903+0000] {logging_mixin.py:117} INFO - [2022-10-20T22:33:03.903+0000] {dag.py:3328} INFO - Setting next_dagrun for example_branch_datetime_operator to 2022-10-19T00:00:00+00:00, run_after=2022-10-20T00:00:00+00:00
[2022-10-20T22:33:03.908+0000] {logging_mixin.py:117} INFO - [2022-10-20T22:33:03.908+0000] {dag.py:3328} INFO - Setting next_dagrun for example_branch_datetime_operator_2 to 2022-10-19T00:00:00+00:00, run_after=2022-10-20T00:00:00+00:00
[2022-10-20T22:33:03.910+0000] {logging_mixin.py:117} INFO - [2022-10-20T22:33:03.910+0000] {dag.py:3328} INFO - Setting next_dagrun for example_branch_datetime_operator_3 to 2022-10-19T00:00:00+00:00, run_after=2022-10-20T00:00:00+00:00
[2022-10-20T22:33:03.927+0000] {processor.py:178} INFO - Processing /home/airflow/.local/lib/python3.7/site-packages/airflow/example_dags/example_branch_datetime_operator.py took 0.106 seconds
[2022-10-20T22:33:34.644+0000] {processor.py:156} INFO - Started process (PID=618) to work on /home/airflow/.local/lib/python3.7/site-packages/airflow/example_dags/example_branch_datetime_operator.py
[2022-10-20T22:33:34.646+0000] {processor.py:758} INFO - Processing file /home/airflow/.local/lib/python3.7/site-packages/airflow/example_dags/example_branch_datetime_operator.py for tasks to queue
[2022-10-20T22:33:34.647+0000] {logging_mixin.py:117} INFO - [2022-10-20T22:33:34.647+0000] {dagbag.py:525} INFO - Filling up the DagBag from /home/airflow/.local/lib/python3.7/site-packages/airflow/example_dags/example_branch_datetime_operator.py
[2022-10-20T22:33:34.662+0000] {processor.py:768} INFO - DAG(s) dict_keys(['example_branch_datetime_operator', 'example_branch_datetime_operator_3', 'example_branch_datetime_operator_2']) retrieved from /home/airflow/.local/lib/python3.7/site-packages/airflow/example_dags/example_branch_datetime_operator.py
[2022-10-20T22:33:34.723+0000] {logging_mixin.py:117} INFO - [2022-10-20T22:33:34.723+0000] {dag.py:2573} INFO - Sync 3 DAGs
[2022-10-20T22:33:34.757+0000] {logging_mixin.py:117} INFO - [2022-10-20T22:33:34.757+0000] {dag.py:3328} INFO - Setting next_dagrun for example_branch_datetime_operator to 2022-10-19T00:00:00+00:00, run_after=2022-10-20T00:00:00+00:00
[2022-10-20T22:33:34.763+0000] {logging_mixin.py:117} INFO - [2022-10-20T22:33:34.763+0000] {dag.py:3328} INFO - Setting next_dagrun for example_branch_datetime_operator_2 to 2022-10-19T00:00:00+00:00, run_after=2022-10-20T00:00:00+00:00
[2022-10-20T22:33:34.766+0000] {logging_mixin.py:117} INFO - [2022-10-20T22:33:34.766+0000] {dag.py:3328} INFO - Setting next_dagrun for example_branch_datetime_operator_3 to 2022-10-19T00:00:00+00:00, run_after=2022-10-20T00:00:00+00:00
[2022-10-20T22:33:34.794+0000] {processor.py:178} INFO - Processing /home/airflow/.local/lib/python3.7/site-packages/airflow/example_dags/example_branch_datetime_operator.py took 0.153 seconds
