[2022-10-20T22:28:58.583+0000] {processor.py:156} INFO - Started process (PID=73) to work on /home/airflow/.local/lib/python3.7/site-packages/airflow/example_dags/example_bash_operator.py
[2022-10-20T22:28:58.585+0000] {processor.py:758} INFO - Processing file /home/airflow/.local/lib/python3.7/site-packages/airflow/example_dags/example_bash_operator.py for tasks to queue
[2022-10-20T22:28:58.586+0000] {logging_mixin.py:117} INFO - [2022-10-20T22:28:58.586+0000] {dagbag.py:525} INFO - Filling up the DagBag from /home/airflow/.local/lib/python3.7/site-packages/airflow/example_dags/example_bash_operator.py
[2022-10-20T22:28:58.609+0000] {processor.py:768} INFO - DAG(s) dict_keys(['example_bash_operator']) retrieved from /home/airflow/.local/lib/python3.7/site-packages/airflow/example_dags/example_bash_operator.py
[2022-10-20T22:28:58.641+0000] {logging_mixin.py:117} INFO - [2022-10-20T22:28:58.641+0000] {dag.py:2573} INFO - Sync 1 DAGs
[2022-10-20T22:28:58.665+0000] {logging_mixin.py:117} INFO - [2022-10-20T22:28:58.665+0000] {dag.py:3328} INFO - Setting next_dagrun for example_bash_operator to 2022-10-19T00:00:00+00:00, run_after=2022-10-20T00:00:00+00:00
[2022-10-20T22:28:58.687+0000] {processor.py:178} INFO - Processing /home/airflow/.local/lib/python3.7/site-packages/airflow/example_dags/example_bash_operator.py took 0.107 seconds
[2022-10-20T22:29:29.668+0000] {processor.py:156} INFO - Started process (PID=127) to work on /home/airflow/.local/lib/python3.7/site-packages/airflow/example_dags/example_bash_operator.py
[2022-10-20T22:29:29.673+0000] {processor.py:758} INFO - Processing file /home/airflow/.local/lib/python3.7/site-packages/airflow/example_dags/example_bash_operator.py for tasks to queue
[2022-10-20T22:29:29.674+0000] {logging_mixin.py:117} INFO - [2022-10-20T22:29:29.674+0000] {dagbag.py:525} INFO - Filling up the DagBag from /home/airflow/.local/lib/python3.7/site-packages/airflow/example_dags/example_bash_operator.py
[2022-10-20T22:29:29.695+0000] {processor.py:768} INFO - DAG(s) dict_keys(['example_bash_operator']) retrieved from /home/airflow/.local/lib/python3.7/site-packages/airflow/example_dags/example_bash_operator.py
[2022-10-20T22:29:29.735+0000] {logging_mixin.py:117} INFO - [2022-10-20T22:29:29.735+0000] {dag.py:2573} INFO - Sync 1 DAGs
[2022-10-20T22:29:29.758+0000] {logging_mixin.py:117} INFO - [2022-10-20T22:29:29.757+0000] {dag.py:3328} INFO - Setting next_dagrun for example_bash_operator to 2022-10-19T00:00:00+00:00, run_after=2022-10-20T00:00:00+00:00
[2022-10-20T22:29:29.777+0000] {processor.py:178} INFO - Processing /home/airflow/.local/lib/python3.7/site-packages/airflow/example_dags/example_bash_operator.py took 0.112 seconds
[2022-10-20T22:30:00.289+0000] {processor.py:156} INFO - Started process (PID=191) to work on /home/airflow/.local/lib/python3.7/site-packages/airflow/example_dags/example_bash_operator.py
[2022-10-20T22:30:00.292+0000] {processor.py:758} INFO - Processing file /home/airflow/.local/lib/python3.7/site-packages/airflow/example_dags/example_bash_operator.py for tasks to queue
[2022-10-20T22:30:00.293+0000] {logging_mixin.py:117} INFO - [2022-10-20T22:30:00.293+0000] {dagbag.py:525} INFO - Filling up the DagBag from /home/airflow/.local/lib/python3.7/site-packages/airflow/example_dags/example_bash_operator.py
[2022-10-20T22:30:00.311+0000] {processor.py:768} INFO - DAG(s) dict_keys(['example_bash_operator']) retrieved from /home/airflow/.local/lib/python3.7/site-packages/airflow/example_dags/example_bash_operator.py
[2022-10-20T22:30:00.352+0000] {logging_mixin.py:117} INFO - [2022-10-20T22:30:00.351+0000] {dag.py:2573} INFO - Sync 1 DAGs
[2022-10-20T22:30:00.375+0000] {logging_mixin.py:117} INFO - [2022-10-20T22:30:00.375+0000] {dag.py:3328} INFO - Setting next_dagrun for example_bash_operator to 2022-10-19T00:00:00+00:00, run_after=2022-10-20T00:00:00+00:00
[2022-10-20T22:30:00.394+0000] {processor.py:178} INFO - Processing /home/airflow/.local/lib/python3.7/site-packages/airflow/example_dags/example_bash_operator.py took 0.108 seconds
[2022-10-20T22:30:30.963+0000] {processor.py:156} INFO - Started process (PID=255) to work on /home/airflow/.local/lib/python3.7/site-packages/airflow/example_dags/example_bash_operator.py
[2022-10-20T22:30:30.965+0000] {processor.py:758} INFO - Processing file /home/airflow/.local/lib/python3.7/site-packages/airflow/example_dags/example_bash_operator.py for tasks to queue
[2022-10-20T22:30:30.967+0000] {logging_mixin.py:117} INFO - [2022-10-20T22:30:30.967+0000] {dagbag.py:525} INFO - Filling up the DagBag from /home/airflow/.local/lib/python3.7/site-packages/airflow/example_dags/example_bash_operator.py
[2022-10-20T22:30:30.989+0000] {processor.py:768} INFO - DAG(s) dict_keys(['example_bash_operator']) retrieved from /home/airflow/.local/lib/python3.7/site-packages/airflow/example_dags/example_bash_operator.py
[2022-10-20T22:30:31.030+0000] {logging_mixin.py:117} INFO - [2022-10-20T22:30:31.030+0000] {dag.py:2573} INFO - Sync 1 DAGs
[2022-10-20T22:30:31.053+0000] {logging_mixin.py:117} INFO - [2022-10-20T22:30:31.053+0000] {dag.py:3328} INFO - Setting next_dagrun for example_bash_operator to 2022-10-19T00:00:00+00:00, run_after=2022-10-20T00:00:00+00:00
[2022-10-20T22:30:31.070+0000] {processor.py:178} INFO - Processing /home/airflow/.local/lib/python3.7/site-packages/airflow/example_dags/example_bash_operator.py took 0.110 seconds
[2022-10-20T22:31:01.454+0000] {processor.py:156} INFO - Started process (PID=318) to work on /home/airflow/.local/lib/python3.7/site-packages/airflow/example_dags/example_bash_operator.py
[2022-10-20T22:31:01.456+0000] {processor.py:758} INFO - Processing file /home/airflow/.local/lib/python3.7/site-packages/airflow/example_dags/example_bash_operator.py for tasks to queue
[2022-10-20T22:31:01.458+0000] {logging_mixin.py:117} INFO - [2022-10-20T22:31:01.457+0000] {dagbag.py:525} INFO - Filling up the DagBag from /home/airflow/.local/lib/python3.7/site-packages/airflow/example_dags/example_bash_operator.py
[2022-10-20T22:31:01.478+0000] {processor.py:768} INFO - DAG(s) dict_keys(['example_bash_operator']) retrieved from /home/airflow/.local/lib/python3.7/site-packages/airflow/example_dags/example_bash_operator.py
[2022-10-20T22:31:01.525+0000] {logging_mixin.py:117} INFO - [2022-10-20T22:31:01.525+0000] {dag.py:2573} INFO - Sync 1 DAGs
[2022-10-20T22:31:01.553+0000] {logging_mixin.py:117} INFO - [2022-10-20T22:31:01.553+0000] {dag.py:3328} INFO - Setting next_dagrun for example_bash_operator to 2022-10-19T00:00:00+00:00, run_after=2022-10-20T00:00:00+00:00
[2022-10-20T22:31:01.580+0000] {processor.py:178} INFO - Processing /home/airflow/.local/lib/python3.7/site-packages/airflow/example_dags/example_bash_operator.py took 0.129 seconds
[2022-10-20T22:31:32.038+0000] {processor.py:156} INFO - Started process (PID=372) to work on /home/airflow/.local/lib/python3.7/site-packages/airflow/example_dags/example_bash_operator.py
[2022-10-20T22:31:32.041+0000] {processor.py:758} INFO - Processing file /home/airflow/.local/lib/python3.7/site-packages/airflow/example_dags/example_bash_operator.py for tasks to queue
[2022-10-20T22:31:32.042+0000] {logging_mixin.py:117} INFO - [2022-10-20T22:31:32.042+0000] {dagbag.py:525} INFO - Filling up the DagBag from /home/airflow/.local/lib/python3.7/site-packages/airflow/example_dags/example_bash_operator.py
[2022-10-20T22:31:32.069+0000] {processor.py:768} INFO - DAG(s) dict_keys(['example_bash_operator']) retrieved from /home/airflow/.local/lib/python3.7/site-packages/airflow/example_dags/example_bash_operator.py
[2022-10-20T22:31:32.113+0000] {logging_mixin.py:117} INFO - [2022-10-20T22:31:32.113+0000] {dag.py:2573} INFO - Sync 1 DAGs
[2022-10-20T22:31:32.139+0000] {logging_mixin.py:117} INFO - [2022-10-20T22:31:32.139+0000] {dag.py:3328} INFO - Setting next_dagrun for example_bash_operator to 2022-10-19T00:00:00+00:00, run_after=2022-10-20T00:00:00+00:00
[2022-10-20T22:31:32.162+0000] {processor.py:178} INFO - Processing /home/airflow/.local/lib/python3.7/site-packages/airflow/example_dags/example_bash_operator.py took 0.127 seconds
[2022-10-20T22:32:02.485+0000] {processor.py:156} INFO - Started process (PID=435) to work on /home/airflow/.local/lib/python3.7/site-packages/airflow/example_dags/example_bash_operator.py
[2022-10-20T22:32:02.488+0000] {processor.py:758} INFO - Processing file /home/airflow/.local/lib/python3.7/site-packages/airflow/example_dags/example_bash_operator.py for tasks to queue
[2022-10-20T22:32:02.489+0000] {logging_mixin.py:117} INFO - [2022-10-20T22:32:02.489+0000] {dagbag.py:525} INFO - Filling up the DagBag from /home/airflow/.local/lib/python3.7/site-packages/airflow/example_dags/example_bash_operator.py
[2022-10-20T22:32:02.507+0000] {processor.py:768} INFO - DAG(s) dict_keys(['example_bash_operator']) retrieved from /home/airflow/.local/lib/python3.7/site-packages/airflow/example_dags/example_bash_operator.py
[2022-10-20T22:32:02.544+0000] {logging_mixin.py:117} INFO - [2022-10-20T22:32:02.544+0000] {dag.py:2573} INFO - Sync 1 DAGs
[2022-10-20T22:32:02.569+0000] {logging_mixin.py:117} INFO - [2022-10-20T22:32:02.569+0000] {dag.py:3328} INFO - Setting next_dagrun for example_bash_operator to 2022-10-19T00:00:00+00:00, run_after=2022-10-20T00:00:00+00:00
[2022-10-20T22:32:02.592+0000] {processor.py:178} INFO - Processing /home/airflow/.local/lib/python3.7/site-packages/airflow/example_dags/example_bash_operator.py took 0.109 seconds
[2022-10-20T22:32:33.326+0000] {processor.py:156} INFO - Started process (PID=498) to work on /home/airflow/.local/lib/python3.7/site-packages/airflow/example_dags/example_bash_operator.py
[2022-10-20T22:32:33.330+0000] {processor.py:758} INFO - Processing file /home/airflow/.local/lib/python3.7/site-packages/airflow/example_dags/example_bash_operator.py for tasks to queue
[2022-10-20T22:32:33.331+0000] {logging_mixin.py:117} INFO - [2022-10-20T22:32:33.331+0000] {dagbag.py:525} INFO - Filling up the DagBag from /home/airflow/.local/lib/python3.7/site-packages/airflow/example_dags/example_bash_operator.py
[2022-10-20T22:32:33.384+0000] {processor.py:768} INFO - DAG(s) dict_keys(['example_bash_operator']) retrieved from /home/airflow/.local/lib/python3.7/site-packages/airflow/example_dags/example_bash_operator.py
[2022-10-20T22:32:33.455+0000] {logging_mixin.py:117} INFO - [2022-10-20T22:32:33.454+0000] {dag.py:2573} INFO - Sync 1 DAGs
[2022-10-20T22:32:33.480+0000] {logging_mixin.py:117} INFO - [2022-10-20T22:32:33.480+0000] {dag.py:3328} INFO - Setting next_dagrun for example_bash_operator to 2022-10-19T00:00:00+00:00, run_after=2022-10-20T00:00:00+00:00
[2022-10-20T22:32:33.504+0000] {processor.py:178} INFO - Processing /home/airflow/.local/lib/python3.7/site-packages/airflow/example_dags/example_bash_operator.py took 0.183 seconds
[2022-10-20T22:33:03.656+0000] {processor.py:156} INFO - Started process (PID=552) to work on /home/airflow/.local/lib/python3.7/site-packages/airflow/example_dags/example_bash_operator.py
[2022-10-20T22:33:03.658+0000] {processor.py:758} INFO - Processing file /home/airflow/.local/lib/python3.7/site-packages/airflow/example_dags/example_bash_operator.py for tasks to queue
[2022-10-20T22:33:03.659+0000] {logging_mixin.py:117} INFO - [2022-10-20T22:33:03.659+0000] {dagbag.py:525} INFO - Filling up the DagBag from /home/airflow/.local/lib/python3.7/site-packages/airflow/example_dags/example_bash_operator.py
[2022-10-20T22:33:03.677+0000] {processor.py:768} INFO - DAG(s) dict_keys(['example_bash_operator']) retrieved from /home/airflow/.local/lib/python3.7/site-packages/airflow/example_dags/example_bash_operator.py
[2022-10-20T22:33:03.715+0000] {logging_mixin.py:117} INFO - [2022-10-20T22:33:03.715+0000] {dag.py:2573} INFO - Sync 1 DAGs
[2022-10-20T22:33:03.754+0000] {logging_mixin.py:117} INFO - [2022-10-20T22:33:03.754+0000] {dag.py:3328} INFO - Setting next_dagrun for example_bash_operator to 2022-10-19T00:00:00+00:00, run_after=2022-10-20T00:00:00+00:00
[2022-10-20T22:33:03.772+0000] {processor.py:178} INFO - Processing /home/airflow/.local/lib/python3.7/site-packages/airflow/example_dags/example_bash_operator.py took 0.119 seconds
[2022-10-20T22:33:34.475+0000] {processor.py:156} INFO - Started process (PID=617) to work on /home/airflow/.local/lib/python3.7/site-packages/airflow/example_dags/example_bash_operator.py
[2022-10-20T22:33:34.481+0000] {processor.py:758} INFO - Processing file /home/airflow/.local/lib/python3.7/site-packages/airflow/example_dags/example_bash_operator.py for tasks to queue
[2022-10-20T22:33:34.482+0000] {logging_mixin.py:117} INFO - [2022-10-20T22:33:34.482+0000] {dagbag.py:525} INFO - Filling up the DagBag from /home/airflow/.local/lib/python3.7/site-packages/airflow/example_dags/example_bash_operator.py
[2022-10-20T22:33:34.501+0000] {processor.py:768} INFO - DAG(s) dict_keys(['example_bash_operator']) retrieved from /home/airflow/.local/lib/python3.7/site-packages/airflow/example_dags/example_bash_operator.py
[2022-10-20T22:33:34.547+0000] {logging_mixin.py:117} INFO - [2022-10-20T22:33:34.547+0000] {dag.py:2573} INFO - Sync 1 DAGs
[2022-10-20T22:33:34.575+0000] {logging_mixin.py:117} INFO - [2022-10-20T22:33:34.575+0000] {dag.py:3328} INFO - Setting next_dagrun for example_bash_operator to 2022-10-19T00:00:00+00:00, run_after=2022-10-20T00:00:00+00:00
[2022-10-20T22:33:34.601+0000] {processor.py:178} INFO - Processing /home/airflow/.local/lib/python3.7/site-packages/airflow/example_dags/example_bash_operator.py took 0.129 seconds
