[2022-10-20T22:28:59.503+0000] {processor.py:156} INFO - Started process (PID=81) to work on /home/airflow/.local/lib/python3.7/site-packages/airflow/example_dags/example_subdag_operator.py
[2022-10-20T22:28:59.505+0000] {processor.py:758} INFO - Processing file /home/airflow/.local/lib/python3.7/site-packages/airflow/example_dags/example_subdag_operator.py for tasks to queue
[2022-10-20T22:28:59.506+0000] {logging_mixin.py:117} INFO - [2022-10-20T22:28:59.506+0000] {dagbag.py:525} INFO - Filling up the DagBag from /home/airflow/.local/lib/python3.7/site-packages/airflow/example_dags/example_subdag_operator.py
[2022-10-20T22:28:59.563+0000] {processor.py:768} INFO - DAG(s) dict_keys(['example_subdag_operator.section-1', 'example_subdag_operator.section-2', 'example_subdag_operator']) retrieved from /home/airflow/.local/lib/python3.7/site-packages/airflow/example_dags/example_subdag_operator.py
[2022-10-20T22:28:59.599+0000] {logging_mixin.py:117} INFO - [2022-10-20T22:28:59.599+0000] {dag.py:2573} INFO - Sync 3 DAGs
[2022-10-20T22:28:59.643+0000] {logging_mixin.py:117} INFO - [2022-10-20T22:28:59.642+0000] {dag.py:3328} INFO - Setting next_dagrun for example_subdag_operator to 2022-01-01T00:00:00+00:00, run_after=2022-01-01T00:00:00+00:00
[2022-10-20T22:28:59.650+0000] {logging_mixin.py:117} INFO - [2022-10-20T22:28:59.649+0000] {dag.py:3328} INFO - Setting next_dagrun for example_subdag_operator.section-1 to None, run_after=None
[2022-10-20T22:28:59.653+0000] {logging_mixin.py:117} INFO - [2022-10-20T22:28:59.652+0000] {dag.py:3328} INFO - Setting next_dagrun for example_subdag_operator.section-2 to None, run_after=None
[2022-10-20T22:28:59.666+0000] {logging_mixin.py:117} INFO - [2022-10-20T22:28:59.665+0000] {dag.py:2573} INFO - Sync 2 DAGs
[2022-10-20T22:28:59.674+0000] {logging_mixin.py:117} INFO - [2022-10-20T22:28:59.674+0000] {dag.py:3328} INFO - Setting next_dagrun for example_subdag_operator.section-1 to None, run_after=None
[2022-10-20T22:28:59.676+0000] {logging_mixin.py:117} INFO - [2022-10-20T22:28:59.676+0000] {dag.py:3328} INFO - Setting next_dagrun for example_subdag_operator.section-2 to None, run_after=None
[2022-10-20T22:28:59.700+0000] {processor.py:178} INFO - Processing /home/airflow/.local/lib/python3.7/site-packages/airflow/example_dags/example_subdag_operator.py took 0.202 seconds
[2022-10-20T22:29:30.283+0000] {processor.py:156} INFO - Started process (PID=135) to work on /home/airflow/.local/lib/python3.7/site-packages/airflow/example_dags/example_subdag_operator.py
[2022-10-20T22:29:30.286+0000] {processor.py:758} INFO - Processing file /home/airflow/.local/lib/python3.7/site-packages/airflow/example_dags/example_subdag_operator.py for tasks to queue
[2022-10-20T22:29:30.287+0000] {logging_mixin.py:117} INFO - [2022-10-20T22:29:30.287+0000] {dagbag.py:525} INFO - Filling up the DagBag from /home/airflow/.local/lib/python3.7/site-packages/airflow/example_dags/example_subdag_operator.py
[2022-10-20T22:29:30.322+0000] {processor.py:768} INFO - DAG(s) dict_keys(['example_subdag_operator.section-1', 'example_subdag_operator.section-2', 'example_subdag_operator']) retrieved from /home/airflow/.local/lib/python3.7/site-packages/airflow/example_dags/example_subdag_operator.py
[2022-10-20T22:29:30.486+0000] {logging_mixin.py:117} INFO - [2022-10-20T22:29:30.485+0000] {dag.py:2573} INFO - Sync 3 DAGs
[2022-10-20T22:29:30.508+0000] {logging_mixin.py:117} INFO - [2022-10-20T22:29:30.508+0000] {dag.py:3328} INFO - Setting next_dagrun for example_subdag_operator to 2022-01-01T00:00:00+00:00, run_after=2022-01-01T00:00:00+00:00
[2022-10-20T22:29:30.511+0000] {logging_mixin.py:117} INFO - [2022-10-20T22:29:30.511+0000] {dag.py:3328} INFO - Setting next_dagrun for example_subdag_operator.section-1 to None, run_after=None
[2022-10-20T22:29:30.513+0000] {logging_mixin.py:117} INFO - [2022-10-20T22:29:30.513+0000] {dag.py:3328} INFO - Setting next_dagrun for example_subdag_operator.section-2 to None, run_after=None
[2022-10-20T22:29:30.521+0000] {logging_mixin.py:117} INFO - [2022-10-20T22:29:30.521+0000] {dag.py:2573} INFO - Sync 2 DAGs
[2022-10-20T22:29:30.527+0000] {logging_mixin.py:117} INFO - [2022-10-20T22:29:30.527+0000] {dag.py:3328} INFO - Setting next_dagrun for example_subdag_operator.section-1 to None, run_after=None
[2022-10-20T22:29:30.528+0000] {logging_mixin.py:117} INFO - [2022-10-20T22:29:30.528+0000] {dag.py:3328} INFO - Setting next_dagrun for example_subdag_operator.section-2 to None, run_after=None
[2022-10-20T22:29:30.543+0000] {processor.py:178} INFO - Processing /home/airflow/.local/lib/python3.7/site-packages/airflow/example_dags/example_subdag_operator.py took 0.263 seconds
[2022-10-20T22:30:01.135+0000] {processor.py:156} INFO - Started process (PID=199) to work on /home/airflow/.local/lib/python3.7/site-packages/airflow/example_dags/example_subdag_operator.py
[2022-10-20T22:30:01.137+0000] {processor.py:758} INFO - Processing file /home/airflow/.local/lib/python3.7/site-packages/airflow/example_dags/example_subdag_operator.py for tasks to queue
[2022-10-20T22:30:01.138+0000] {logging_mixin.py:117} INFO - [2022-10-20T22:30:01.138+0000] {dagbag.py:525} INFO - Filling up the DagBag from /home/airflow/.local/lib/python3.7/site-packages/airflow/example_dags/example_subdag_operator.py
[2022-10-20T22:30:01.167+0000] {processor.py:768} INFO - DAG(s) dict_keys(['example_subdag_operator.section-1', 'example_subdag_operator.section-2', 'example_subdag_operator']) retrieved from /home/airflow/.local/lib/python3.7/site-packages/airflow/example_dags/example_subdag_operator.py
[2022-10-20T22:30:01.325+0000] {logging_mixin.py:117} INFO - [2022-10-20T22:30:01.324+0000] {dag.py:2573} INFO - Sync 3 DAGs
[2022-10-20T22:30:01.344+0000] {logging_mixin.py:117} INFO - [2022-10-20T22:30:01.344+0000] {dag.py:3328} INFO - Setting next_dagrun for example_subdag_operator to 2022-01-01T00:00:00+00:00, run_after=2022-01-01T00:00:00+00:00
[2022-10-20T22:30:01.349+0000] {logging_mixin.py:117} INFO - [2022-10-20T22:30:01.349+0000] {dag.py:3328} INFO - Setting next_dagrun for example_subdag_operator.section-1 to None, run_after=None
[2022-10-20T22:30:01.351+0000] {logging_mixin.py:117} INFO - [2022-10-20T22:30:01.351+0000] {dag.py:3328} INFO - Setting next_dagrun for example_subdag_operator.section-2 to None, run_after=None
[2022-10-20T22:30:01.359+0000] {logging_mixin.py:117} INFO - [2022-10-20T22:30:01.359+0000] {dag.py:2573} INFO - Sync 2 DAGs
[2022-10-20T22:30:01.365+0000] {logging_mixin.py:117} INFO - [2022-10-20T22:30:01.365+0000] {dag.py:3328} INFO - Setting next_dagrun for example_subdag_operator.section-1 to None, run_after=None
[2022-10-20T22:30:01.366+0000] {logging_mixin.py:117} INFO - [2022-10-20T22:30:01.366+0000] {dag.py:3328} INFO - Setting next_dagrun for example_subdag_operator.section-2 to None, run_after=None
[2022-10-20T22:30:01.381+0000] {processor.py:178} INFO - Processing /home/airflow/.local/lib/python3.7/site-packages/airflow/example_dags/example_subdag_operator.py took 0.249 seconds
[2022-10-20T22:30:31.657+0000] {processor.py:156} INFO - Started process (PID=263) to work on /home/airflow/.local/lib/python3.7/site-packages/airflow/example_dags/example_subdag_operator.py
[2022-10-20T22:30:31.659+0000] {processor.py:758} INFO - Processing file /home/airflow/.local/lib/python3.7/site-packages/airflow/example_dags/example_subdag_operator.py for tasks to queue
[2022-10-20T22:30:31.660+0000] {logging_mixin.py:117} INFO - [2022-10-20T22:30:31.660+0000] {dagbag.py:525} INFO - Filling up the DagBag from /home/airflow/.local/lib/python3.7/site-packages/airflow/example_dags/example_subdag_operator.py
[2022-10-20T22:30:31.691+0000] {processor.py:768} INFO - DAG(s) dict_keys(['example_subdag_operator.section-1', 'example_subdag_operator.section-2', 'example_subdag_operator']) retrieved from /home/airflow/.local/lib/python3.7/site-packages/airflow/example_dags/example_subdag_operator.py
[2022-10-20T22:30:31.847+0000] {logging_mixin.py:117} INFO - [2022-10-20T22:30:31.847+0000] {dag.py:2573} INFO - Sync 3 DAGs
[2022-10-20T22:30:31.867+0000] {logging_mixin.py:117} INFO - [2022-10-20T22:30:31.867+0000] {dag.py:3328} INFO - Setting next_dagrun for example_subdag_operator to 2022-01-01T00:00:00+00:00, run_after=2022-01-01T00:00:00+00:00
[2022-10-20T22:30:31.871+0000] {logging_mixin.py:117} INFO - [2022-10-20T22:30:31.871+0000] {dag.py:3328} INFO - Setting next_dagrun for example_subdag_operator.section-1 to None, run_after=None
[2022-10-20T22:30:31.873+0000] {logging_mixin.py:117} INFO - [2022-10-20T22:30:31.873+0000] {dag.py:3328} INFO - Setting next_dagrun for example_subdag_operator.section-2 to None, run_after=None
[2022-10-20T22:30:31.880+0000] {logging_mixin.py:117} INFO - [2022-10-20T22:30:31.880+0000] {dag.py:2573} INFO - Sync 2 DAGs
[2022-10-20T22:30:31.885+0000] {logging_mixin.py:117} INFO - [2022-10-20T22:30:31.885+0000] {dag.py:3328} INFO - Setting next_dagrun for example_subdag_operator.section-1 to None, run_after=None
[2022-10-20T22:30:31.886+0000] {logging_mixin.py:117} INFO - [2022-10-20T22:30:31.886+0000] {dag.py:3328} INFO - Setting next_dagrun for example_subdag_operator.section-2 to None, run_after=None
[2022-10-20T22:30:31.899+0000] {processor.py:178} INFO - Processing /home/airflow/.local/lib/python3.7/site-packages/airflow/example_dags/example_subdag_operator.py took 0.244 seconds
[2022-10-20T22:31:02.258+0000] {processor.py:156} INFO - Started process (PID=326) to work on /home/airflow/.local/lib/python3.7/site-packages/airflow/example_dags/example_subdag_operator.py
[2022-10-20T22:31:02.262+0000] {processor.py:758} INFO - Processing file /home/airflow/.local/lib/python3.7/site-packages/airflow/example_dags/example_subdag_operator.py for tasks to queue
[2022-10-20T22:31:02.264+0000] {logging_mixin.py:117} INFO - [2022-10-20T22:31:02.263+0000] {dagbag.py:525} INFO - Filling up the DagBag from /home/airflow/.local/lib/python3.7/site-packages/airflow/example_dags/example_subdag_operator.py
[2022-10-20T22:31:02.291+0000] {processor.py:768} INFO - DAG(s) dict_keys(['example_subdag_operator.section-1', 'example_subdag_operator.section-2', 'example_subdag_operator']) retrieved from /home/airflow/.local/lib/python3.7/site-packages/airflow/example_dags/example_subdag_operator.py
[2022-10-20T22:31:02.433+0000] {logging_mixin.py:117} INFO - [2022-10-20T22:31:02.432+0000] {dag.py:2573} INFO - Sync 3 DAGs
[2022-10-20T22:31:02.453+0000] {logging_mixin.py:117} INFO - [2022-10-20T22:31:02.453+0000] {dag.py:3328} INFO - Setting next_dagrun for example_subdag_operator to 2022-01-01T00:00:00+00:00, run_after=2022-01-01T00:00:00+00:00
[2022-10-20T22:31:02.457+0000] {logging_mixin.py:117} INFO - [2022-10-20T22:31:02.457+0000] {dag.py:3328} INFO - Setting next_dagrun for example_subdag_operator.section-1 to None, run_after=None
[2022-10-20T22:31:02.459+0000] {logging_mixin.py:117} INFO - [2022-10-20T22:31:02.459+0000] {dag.py:3328} INFO - Setting next_dagrun for example_subdag_operator.section-2 to None, run_after=None
[2022-10-20T22:31:02.466+0000] {logging_mixin.py:117} INFO - [2022-10-20T22:31:02.466+0000] {dag.py:2573} INFO - Sync 2 DAGs
[2022-10-20T22:31:02.472+0000] {logging_mixin.py:117} INFO - [2022-10-20T22:31:02.472+0000] {dag.py:3328} INFO - Setting next_dagrun for example_subdag_operator.section-1 to None, run_after=None
[2022-10-20T22:31:02.478+0000] {logging_mixin.py:117} INFO - [2022-10-20T22:31:02.478+0000] {dag.py:3328} INFO - Setting next_dagrun for example_subdag_operator.section-2 to None, run_after=None
[2022-10-20T22:31:02.492+0000] {processor.py:178} INFO - Processing /home/airflow/.local/lib/python3.7/site-packages/airflow/example_dags/example_subdag_operator.py took 0.237 seconds
[2022-10-20T22:31:32.783+0000] {processor.py:156} INFO - Started process (PID=380) to work on /home/airflow/.local/lib/python3.7/site-packages/airflow/example_dags/example_subdag_operator.py
[2022-10-20T22:31:32.785+0000] {processor.py:758} INFO - Processing file /home/airflow/.local/lib/python3.7/site-packages/airflow/example_dags/example_subdag_operator.py for tasks to queue
[2022-10-20T22:31:32.786+0000] {logging_mixin.py:117} INFO - [2022-10-20T22:31:32.786+0000] {dagbag.py:525} INFO - Filling up the DagBag from /home/airflow/.local/lib/python3.7/site-packages/airflow/example_dags/example_subdag_operator.py
[2022-10-20T22:31:32.814+0000] {processor.py:768} INFO - DAG(s) dict_keys(['example_subdag_operator.section-1', 'example_subdag_operator.section-2', 'example_subdag_operator']) retrieved from /home/airflow/.local/lib/python3.7/site-packages/airflow/example_dags/example_subdag_operator.py
[2022-10-20T22:31:32.981+0000] {logging_mixin.py:117} INFO - [2022-10-20T22:31:32.981+0000] {dag.py:2573} INFO - Sync 3 DAGs
[2022-10-20T22:31:33.005+0000] {logging_mixin.py:117} INFO - [2022-10-20T22:31:33.004+0000] {dag.py:3328} INFO - Setting next_dagrun for example_subdag_operator to 2022-01-01T00:00:00+00:00, run_after=2022-01-01T00:00:00+00:00
[2022-10-20T22:31:33.008+0000] {logging_mixin.py:117} INFO - [2022-10-20T22:31:33.008+0000] {dag.py:3328} INFO - Setting next_dagrun for example_subdag_operator.section-1 to None, run_after=None
[2022-10-20T22:31:33.009+0000] {logging_mixin.py:117} INFO - [2022-10-20T22:31:33.009+0000] {dag.py:3328} INFO - Setting next_dagrun for example_subdag_operator.section-2 to None, run_after=None
[2022-10-20T22:31:33.017+0000] {logging_mixin.py:117} INFO - [2022-10-20T22:31:33.017+0000] {dag.py:2573} INFO - Sync 2 DAGs
[2022-10-20T22:31:33.024+0000] {logging_mixin.py:117} INFO - [2022-10-20T22:31:33.024+0000] {dag.py:3328} INFO - Setting next_dagrun for example_subdag_operator.section-1 to None, run_after=None
[2022-10-20T22:31:33.026+0000] {logging_mixin.py:117} INFO - [2022-10-20T22:31:33.026+0000] {dag.py:3328} INFO - Setting next_dagrun for example_subdag_operator.section-2 to None, run_after=None
[2022-10-20T22:31:33.037+0000] {processor.py:178} INFO - Processing /home/airflow/.local/lib/python3.7/site-packages/airflow/example_dags/example_subdag_operator.py took 0.257 seconds
[2022-10-20T22:32:03.217+0000] {processor.py:156} INFO - Started process (PID=443) to work on /home/airflow/.local/lib/python3.7/site-packages/airflow/example_dags/example_subdag_operator.py
[2022-10-20T22:32:03.220+0000] {processor.py:758} INFO - Processing file /home/airflow/.local/lib/python3.7/site-packages/airflow/example_dags/example_subdag_operator.py for tasks to queue
[2022-10-20T22:32:03.221+0000] {logging_mixin.py:117} INFO - [2022-10-20T22:32:03.221+0000] {dagbag.py:525} INFO - Filling up the DagBag from /home/airflow/.local/lib/python3.7/site-packages/airflow/example_dags/example_subdag_operator.py
[2022-10-20T22:32:03.248+0000] {processor.py:768} INFO - DAG(s) dict_keys(['example_subdag_operator.section-1', 'example_subdag_operator.section-2', 'example_subdag_operator']) retrieved from /home/airflow/.local/lib/python3.7/site-packages/airflow/example_dags/example_subdag_operator.py
[2022-10-20T22:32:03.391+0000] {logging_mixin.py:117} INFO - [2022-10-20T22:32:03.391+0000] {dag.py:2573} INFO - Sync 3 DAGs
[2022-10-20T22:32:03.409+0000] {logging_mixin.py:117} INFO - [2022-10-20T22:32:03.409+0000] {dag.py:3328} INFO - Setting next_dagrun for example_subdag_operator to 2022-01-01T00:00:00+00:00, run_after=2022-01-01T00:00:00+00:00
[2022-10-20T22:32:03.413+0000] {logging_mixin.py:117} INFO - [2022-10-20T22:32:03.413+0000] {dag.py:3328} INFO - Setting next_dagrun for example_subdag_operator.section-1 to None, run_after=None
[2022-10-20T22:32:03.414+0000] {logging_mixin.py:117} INFO - [2022-10-20T22:32:03.414+0000] {dag.py:3328} INFO - Setting next_dagrun for example_subdag_operator.section-2 to None, run_after=None
[2022-10-20T22:32:03.421+0000] {logging_mixin.py:117} INFO - [2022-10-20T22:32:03.421+0000] {dag.py:2573} INFO - Sync 2 DAGs
[2022-10-20T22:32:03.427+0000] {logging_mixin.py:117} INFO - [2022-10-20T22:32:03.427+0000] {dag.py:3328} INFO - Setting next_dagrun for example_subdag_operator.section-1 to None, run_after=None
[2022-10-20T22:32:03.428+0000] {logging_mixin.py:117} INFO - [2022-10-20T22:32:03.428+0000] {dag.py:3328} INFO - Setting next_dagrun for example_subdag_operator.section-2 to None, run_after=None
[2022-10-20T22:32:03.440+0000] {processor.py:178} INFO - Processing /home/airflow/.local/lib/python3.7/site-packages/airflow/example_dags/example_subdag_operator.py took 0.225 seconds
[2022-10-20T22:32:34.216+0000] {processor.py:156} INFO - Started process (PID=506) to work on /home/airflow/.local/lib/python3.7/site-packages/airflow/example_dags/example_subdag_operator.py
[2022-10-20T22:32:34.218+0000] {processor.py:758} INFO - Processing file /home/airflow/.local/lib/python3.7/site-packages/airflow/example_dags/example_subdag_operator.py for tasks to queue
[2022-10-20T22:32:34.219+0000] {logging_mixin.py:117} INFO - [2022-10-20T22:32:34.219+0000] {dagbag.py:525} INFO - Filling up the DagBag from /home/airflow/.local/lib/python3.7/site-packages/airflow/example_dags/example_subdag_operator.py
[2022-10-20T22:32:34.247+0000] {processor.py:768} INFO - DAG(s) dict_keys(['example_subdag_operator.section-1', 'example_subdag_operator.section-2', 'example_subdag_operator']) retrieved from /home/airflow/.local/lib/python3.7/site-packages/airflow/example_dags/example_subdag_operator.py
[2022-10-20T22:32:34.392+0000] {logging_mixin.py:117} INFO - [2022-10-20T22:32:34.392+0000] {dag.py:2573} INFO - Sync 3 DAGs
[2022-10-20T22:32:34.412+0000] {logging_mixin.py:117} INFO - [2022-10-20T22:32:34.411+0000] {dag.py:3328} INFO - Setting next_dagrun for example_subdag_operator to 2022-01-01T00:00:00+00:00, run_after=2022-01-01T00:00:00+00:00
[2022-10-20T22:32:34.414+0000] {logging_mixin.py:117} INFO - [2022-10-20T22:32:34.414+0000] {dag.py:3328} INFO - Setting next_dagrun for example_subdag_operator.section-1 to None, run_after=None
[2022-10-20T22:32:34.416+0000] {logging_mixin.py:117} INFO - [2022-10-20T22:32:34.416+0000] {dag.py:3328} INFO - Setting next_dagrun for example_subdag_operator.section-2 to None, run_after=None
[2022-10-20T22:32:34.422+0000] {logging_mixin.py:117} INFO - [2022-10-20T22:32:34.422+0000] {dag.py:2573} INFO - Sync 2 DAGs
[2022-10-20T22:32:34.427+0000] {logging_mixin.py:117} INFO - [2022-10-20T22:32:34.426+0000] {dag.py:3328} INFO - Setting next_dagrun for example_subdag_operator.section-1 to None, run_after=None
[2022-10-20T22:32:34.427+0000] {logging_mixin.py:117} INFO - [2022-10-20T22:32:34.427+0000] {dag.py:3328} INFO - Setting next_dagrun for example_subdag_operator.section-2 to None, run_after=None
[2022-10-20T22:32:34.436+0000] {processor.py:178} INFO - Processing /home/airflow/.local/lib/python3.7/site-packages/airflow/example_dags/example_subdag_operator.py took 0.222 seconds
[2022-10-20T22:33:04.595+0000] {processor.py:156} INFO - Started process (PID=568) to work on /home/airflow/.local/lib/python3.7/site-packages/airflow/example_dags/example_subdag_operator.py
[2022-10-20T22:33:04.597+0000] {processor.py:758} INFO - Processing file /home/airflow/.local/lib/python3.7/site-packages/airflow/example_dags/example_subdag_operator.py for tasks to queue
[2022-10-20T22:33:04.598+0000] {logging_mixin.py:117} INFO - [2022-10-20T22:33:04.598+0000] {dagbag.py:525} INFO - Filling up the DagBag from /home/airflow/.local/lib/python3.7/site-packages/airflow/example_dags/example_subdag_operator.py
[2022-10-20T22:33:04.633+0000] {processor.py:768} INFO - DAG(s) dict_keys(['example_subdag_operator.section-1', 'example_subdag_operator.section-2', 'example_subdag_operator']) retrieved from /home/airflow/.local/lib/python3.7/site-packages/airflow/example_dags/example_subdag_operator.py
[2022-10-20T22:33:04.786+0000] {logging_mixin.py:117} INFO - [2022-10-20T22:33:04.786+0000] {dag.py:2573} INFO - Sync 3 DAGs
[2022-10-20T22:33:04.807+0000] {logging_mixin.py:117} INFO - [2022-10-20T22:33:04.807+0000] {dag.py:3328} INFO - Setting next_dagrun for example_subdag_operator to 2022-01-01T00:00:00+00:00, run_after=2022-01-01T00:00:00+00:00
[2022-10-20T22:33:04.811+0000] {logging_mixin.py:117} INFO - [2022-10-20T22:33:04.810+0000] {dag.py:3328} INFO - Setting next_dagrun for example_subdag_operator.section-1 to None, run_after=None
[2022-10-20T22:33:04.812+0000] {logging_mixin.py:117} INFO - [2022-10-20T22:33:04.812+0000] {dag.py:3328} INFO - Setting next_dagrun for example_subdag_operator.section-2 to None, run_after=None
[2022-10-20T22:33:04.819+0000] {logging_mixin.py:117} INFO - [2022-10-20T22:33:04.819+0000] {dag.py:2573} INFO - Sync 2 DAGs
[2022-10-20T22:33:04.825+0000] {logging_mixin.py:117} INFO - [2022-10-20T22:33:04.825+0000] {dag.py:3328} INFO - Setting next_dagrun for example_subdag_operator.section-1 to None, run_after=None
[2022-10-20T22:33:04.826+0000] {logging_mixin.py:117} INFO - [2022-10-20T22:33:04.826+0000] {dag.py:3328} INFO - Setting next_dagrun for example_subdag_operator.section-2 to None, run_after=None
[2022-10-20T22:33:04.839+0000] {processor.py:178} INFO - Processing /home/airflow/.local/lib/python3.7/site-packages/airflow/example_dags/example_subdag_operator.py took 0.247 seconds
[2022-10-20T22:33:35.288+0000] {processor.py:156} INFO - Started process (PID=625) to work on /home/airflow/.local/lib/python3.7/site-packages/airflow/example_dags/example_subdag_operator.py
[2022-10-20T22:33:35.291+0000] {processor.py:758} INFO - Processing file /home/airflow/.local/lib/python3.7/site-packages/airflow/example_dags/example_subdag_operator.py for tasks to queue
[2022-10-20T22:33:35.291+0000] {logging_mixin.py:117} INFO - [2022-10-20T22:33:35.291+0000] {dagbag.py:525} INFO - Filling up the DagBag from /home/airflow/.local/lib/python3.7/site-packages/airflow/example_dags/example_subdag_operator.py
[2022-10-20T22:33:35.322+0000] {processor.py:768} INFO - DAG(s) dict_keys(['example_subdag_operator.section-1', 'example_subdag_operator.section-2', 'example_subdag_operator']) retrieved from /home/airflow/.local/lib/python3.7/site-packages/airflow/example_dags/example_subdag_operator.py
[2022-10-20T22:33:35.484+0000] {logging_mixin.py:117} INFO - [2022-10-20T22:33:35.484+0000] {dag.py:2573} INFO - Sync 3 DAGs
[2022-10-20T22:33:35.521+0000] {logging_mixin.py:117} INFO - [2022-10-20T22:33:35.521+0000] {dag.py:3328} INFO - Setting next_dagrun for example_subdag_operator to 2022-01-01T00:00:00+00:00, run_after=2022-01-01T00:00:00+00:00
[2022-10-20T22:33:35.527+0000] {logging_mixin.py:117} INFO - [2022-10-20T22:33:35.527+0000] {dag.py:3328} INFO - Setting next_dagrun for example_subdag_operator.section-1 to None, run_after=None
[2022-10-20T22:33:35.529+0000] {logging_mixin.py:117} INFO - [2022-10-20T22:33:35.529+0000] {dag.py:3328} INFO - Setting next_dagrun for example_subdag_operator.section-2 to None, run_after=None
[2022-10-20T22:33:35.536+0000] {logging_mixin.py:117} INFO - [2022-10-20T22:33:35.536+0000] {dag.py:2573} INFO - Sync 2 DAGs
[2022-10-20T22:33:35.544+0000] {logging_mixin.py:117} INFO - [2022-10-20T22:33:35.544+0000] {dag.py:3328} INFO - Setting next_dagrun for example_subdag_operator.section-1 to None, run_after=None
[2022-10-20T22:33:35.550+0000] {logging_mixin.py:117} INFO - [2022-10-20T22:33:35.550+0000] {dag.py:3328} INFO - Setting next_dagrun for example_subdag_operator.section-2 to None, run_after=None
[2022-10-20T22:33:35.562+0000] {processor.py:178} INFO - Processing /home/airflow/.local/lib/python3.7/site-packages/airflow/example_dags/example_subdag_operator.py took 0.277 seconds
