[2022-10-20T22:28:55.295+0000] {processor.py:156} INFO - Started process (PID=42) to work on /home/airflow/.local/lib/python3.7/site-packages/airflow/example_dags/example_short_circuit_operator.py
[2022-10-20T22:28:55.299+0000] {processor.py:758} INFO - Processing file /home/airflow/.local/lib/python3.7/site-packages/airflow/example_dags/example_short_circuit_operator.py for tasks to queue
[2022-10-20T22:28:55.301+0000] {logging_mixin.py:117} INFO - [2022-10-20T22:28:55.301+0000] {dagbag.py:525} INFO - Filling up the DagBag from /home/airflow/.local/lib/python3.7/site-packages/airflow/example_dags/example_short_circuit_operator.py
[2022-10-20T22:28:55.348+0000] {processor.py:768} INFO - DAG(s) dict_keys(['example_short_circuit_operator']) retrieved from /home/airflow/.local/lib/python3.7/site-packages/airflow/example_dags/example_short_circuit_operator.py
[2022-10-20T22:28:55.396+0000] {logging_mixin.py:117} INFO - [2022-10-20T22:28:55.394+0000] {dag.py:2573} INFO - Sync 1 DAGs
[2022-10-20T22:28:55.446+0000] {logging_mixin.py:117} INFO - [2022-10-20T22:28:55.446+0000] {dag.py:3328} INFO - Setting next_dagrun for example_short_circuit_operator to 2022-10-19T22:28:55.446013+00:00, run_after=2022-10-20T22:28:55.446013+00:00
[2022-10-20T22:28:55.485+0000] {processor.py:178} INFO - Processing /home/airflow/.local/lib/python3.7/site-packages/airflow/example_dags/example_short_circuit_operator.py took 0.193 seconds
[2022-10-20T22:29:26.204+0000] {processor.py:156} INFO - Started process (PID=105) to work on /home/airflow/.local/lib/python3.7/site-packages/airflow/example_dags/example_short_circuit_operator.py
[2022-10-20T22:29:26.207+0000] {processor.py:758} INFO - Processing file /home/airflow/.local/lib/python3.7/site-packages/airflow/example_dags/example_short_circuit_operator.py for tasks to queue
[2022-10-20T22:29:26.209+0000] {logging_mixin.py:117} INFO - [2022-10-20T22:29:26.209+0000] {dagbag.py:525} INFO - Filling up the DagBag from /home/airflow/.local/lib/python3.7/site-packages/airflow/example_dags/example_short_circuit_operator.py
[2022-10-20T22:29:26.227+0000] {processor.py:768} INFO - DAG(s) dict_keys(['example_short_circuit_operator']) retrieved from /home/airflow/.local/lib/python3.7/site-packages/airflow/example_dags/example_short_circuit_operator.py
[2022-10-20T22:29:26.270+0000] {logging_mixin.py:117} INFO - [2022-10-20T22:29:26.270+0000] {dag.py:2573} INFO - Sync 1 DAGs
[2022-10-20T22:29:26.295+0000] {logging_mixin.py:117} INFO - [2022-10-20T22:29:26.295+0000] {dag.py:3328} INFO - Setting next_dagrun for example_short_circuit_operator to 2022-10-19T22:29:26.295011+00:00, run_after=2022-10-20T22:29:26.295011+00:00
[2022-10-20T22:29:26.315+0000] {processor.py:178} INFO - Processing /home/airflow/.local/lib/python3.7/site-packages/airflow/example_dags/example_short_circuit_operator.py took 0.113 seconds
[2022-10-20T22:29:56.902+0000] {processor.py:156} INFO - Started process (PID=169) to work on /home/airflow/.local/lib/python3.7/site-packages/airflow/example_dags/example_short_circuit_operator.py
[2022-10-20T22:29:56.905+0000] {processor.py:758} INFO - Processing file /home/airflow/.local/lib/python3.7/site-packages/airflow/example_dags/example_short_circuit_operator.py for tasks to queue
[2022-10-20T22:29:56.906+0000] {logging_mixin.py:117} INFO - [2022-10-20T22:29:56.906+0000] {dagbag.py:525} INFO - Filling up the DagBag from /home/airflow/.local/lib/python3.7/site-packages/airflow/example_dags/example_short_circuit_operator.py
[2022-10-20T22:29:56.931+0000] {processor.py:768} INFO - DAG(s) dict_keys(['example_short_circuit_operator']) retrieved from /home/airflow/.local/lib/python3.7/site-packages/airflow/example_dags/example_short_circuit_operator.py
[2022-10-20T22:29:56.983+0000] {logging_mixin.py:117} INFO - [2022-10-20T22:29:56.983+0000] {dag.py:2573} INFO - Sync 1 DAGs
[2022-10-20T22:29:57.015+0000] {logging_mixin.py:117} INFO - [2022-10-20T22:29:57.015+0000] {dag.py:3328} INFO - Setting next_dagrun for example_short_circuit_operator to 2022-10-19T22:29:57.014954+00:00, run_after=2022-10-20T22:29:57.014954+00:00
[2022-10-20T22:29:57.038+0000] {processor.py:178} INFO - Processing /home/airflow/.local/lib/python3.7/site-packages/airflow/example_dags/example_short_circuit_operator.py took 0.142 seconds
[2022-10-20T22:30:27.794+0000] {processor.py:156} INFO - Started process (PID=233) to work on /home/airflow/.local/lib/python3.7/site-packages/airflow/example_dags/example_short_circuit_operator.py
[2022-10-20T22:30:27.797+0000] {processor.py:758} INFO - Processing file /home/airflow/.local/lib/python3.7/site-packages/airflow/example_dags/example_short_circuit_operator.py for tasks to queue
[2022-10-20T22:30:27.798+0000] {logging_mixin.py:117} INFO - [2022-10-20T22:30:27.798+0000] {dagbag.py:525} INFO - Filling up the DagBag from /home/airflow/.local/lib/python3.7/site-packages/airflow/example_dags/example_short_circuit_operator.py
[2022-10-20T22:30:27.818+0000] {processor.py:768} INFO - DAG(s) dict_keys(['example_short_circuit_operator']) retrieved from /home/airflow/.local/lib/python3.7/site-packages/airflow/example_dags/example_short_circuit_operator.py
[2022-10-20T22:30:27.881+0000] {logging_mixin.py:117} INFO - [2022-10-20T22:30:27.880+0000] {dag.py:2573} INFO - Sync 1 DAGs
[2022-10-20T22:30:27.910+0000] {logging_mixin.py:117} INFO - [2022-10-20T22:30:27.909+0000] {dag.py:3328} INFO - Setting next_dagrun for example_short_circuit_operator to 2022-10-19T22:30:27.909457+00:00, run_after=2022-10-20T22:30:27.909457+00:00
[2022-10-20T22:30:27.934+0000] {processor.py:178} INFO - Processing /home/airflow/.local/lib/python3.7/site-packages/airflow/example_dags/example_short_circuit_operator.py took 0.144 seconds
[2022-10-20T22:30:58.294+0000] {processor.py:156} INFO - Started process (PID=287) to work on /home/airflow/.local/lib/python3.7/site-packages/airflow/example_dags/example_short_circuit_operator.py
[2022-10-20T22:30:58.296+0000] {processor.py:758} INFO - Processing file /home/airflow/.local/lib/python3.7/site-packages/airflow/example_dags/example_short_circuit_operator.py for tasks to queue
[2022-10-20T22:30:58.297+0000] {logging_mixin.py:117} INFO - [2022-10-20T22:30:58.297+0000] {dagbag.py:525} INFO - Filling up the DagBag from /home/airflow/.local/lib/python3.7/site-packages/airflow/example_dags/example_short_circuit_operator.py
[2022-10-20T22:30:58.313+0000] {processor.py:768} INFO - DAG(s) dict_keys(['example_short_circuit_operator']) retrieved from /home/airflow/.local/lib/python3.7/site-packages/airflow/example_dags/example_short_circuit_operator.py
[2022-10-20T22:30:58.353+0000] {logging_mixin.py:117} INFO - [2022-10-20T22:30:58.353+0000] {dag.py:2573} INFO - Sync 1 DAGs
[2022-10-20T22:30:58.375+0000] {logging_mixin.py:117} INFO - [2022-10-20T22:30:58.374+0000] {dag.py:3328} INFO - Setting next_dagrun for example_short_circuit_operator to 2022-10-19T22:30:58.374734+00:00, run_after=2022-10-20T22:30:58.374734+00:00
[2022-10-20T22:30:58.396+0000] {processor.py:178} INFO - Processing /home/airflow/.local/lib/python3.7/site-packages/airflow/example_dags/example_short_circuit_operator.py took 0.104 seconds
[2022-10-20T22:31:28.899+0000] {processor.py:156} INFO - Started process (PID=350) to work on /home/airflow/.local/lib/python3.7/site-packages/airflow/example_dags/example_short_circuit_operator.py
[2022-10-20T22:31:28.901+0000] {processor.py:758} INFO - Processing file /home/airflow/.local/lib/python3.7/site-packages/airflow/example_dags/example_short_circuit_operator.py for tasks to queue
[2022-10-20T22:31:28.902+0000] {logging_mixin.py:117} INFO - [2022-10-20T22:31:28.902+0000] {dagbag.py:525} INFO - Filling up the DagBag from /home/airflow/.local/lib/python3.7/site-packages/airflow/example_dags/example_short_circuit_operator.py
[2022-10-20T22:31:28.916+0000] {processor.py:768} INFO - DAG(s) dict_keys(['example_short_circuit_operator']) retrieved from /home/airflow/.local/lib/python3.7/site-packages/airflow/example_dags/example_short_circuit_operator.py
[2022-10-20T22:31:28.953+0000] {logging_mixin.py:117} INFO - [2022-10-20T22:31:28.953+0000] {dag.py:2573} INFO - Sync 1 DAGs
[2022-10-20T22:31:28.972+0000] {logging_mixin.py:117} INFO - [2022-10-20T22:31:28.972+0000] {dag.py:3328} INFO - Setting next_dagrun for example_short_circuit_operator to 2022-10-19T22:31:28.971895+00:00, run_after=2022-10-20T22:31:28.971895+00:00
[2022-10-20T22:31:28.996+0000] {processor.py:178} INFO - Processing /home/airflow/.local/lib/python3.7/site-packages/airflow/example_dags/example_short_circuit_operator.py took 0.099 seconds
[2022-10-20T22:31:59.445+0000] {processor.py:156} INFO - Started process (PID=413) to work on /home/airflow/.local/lib/python3.7/site-packages/airflow/example_dags/example_short_circuit_operator.py
[2022-10-20T22:31:59.448+0000] {processor.py:758} INFO - Processing file /home/airflow/.local/lib/python3.7/site-packages/airflow/example_dags/example_short_circuit_operator.py for tasks to queue
[2022-10-20T22:31:59.449+0000] {logging_mixin.py:117} INFO - [2022-10-20T22:31:59.449+0000] {dagbag.py:525} INFO - Filling up the DagBag from /home/airflow/.local/lib/python3.7/site-packages/airflow/example_dags/example_short_circuit_operator.py
[2022-10-20T22:31:59.464+0000] {processor.py:768} INFO - DAG(s) dict_keys(['example_short_circuit_operator']) retrieved from /home/airflow/.local/lib/python3.7/site-packages/airflow/example_dags/example_short_circuit_operator.py
[2022-10-20T22:31:59.503+0000] {logging_mixin.py:117} INFO - [2022-10-20T22:31:59.503+0000] {dag.py:2573} INFO - Sync 1 DAGs
[2022-10-20T22:31:59.525+0000] {logging_mixin.py:117} INFO - [2022-10-20T22:31:59.525+0000] {dag.py:3328} INFO - Setting next_dagrun for example_short_circuit_operator to 2022-10-19T22:31:59.525292+00:00, run_after=2022-10-20T22:31:59.525292+00:00
[2022-10-20T22:31:59.546+0000] {processor.py:178} INFO - Processing /home/airflow/.local/lib/python3.7/site-packages/airflow/example_dags/example_short_circuit_operator.py took 0.104 seconds
[2022-10-20T22:32:29.889+0000] {processor.py:156} INFO - Started process (PID=467) to work on /home/airflow/.local/lib/python3.7/site-packages/airflow/example_dags/example_short_circuit_operator.py
[2022-10-20T22:32:29.892+0000] {processor.py:758} INFO - Processing file /home/airflow/.local/lib/python3.7/site-packages/airflow/example_dags/example_short_circuit_operator.py for tasks to queue
[2022-10-20T22:32:29.893+0000] {logging_mixin.py:117} INFO - [2022-10-20T22:32:29.893+0000] {dagbag.py:525} INFO - Filling up the DagBag from /home/airflow/.local/lib/python3.7/site-packages/airflow/example_dags/example_short_circuit_operator.py
[2022-10-20T22:32:29.912+0000] {processor.py:768} INFO - DAG(s) dict_keys(['example_short_circuit_operator']) retrieved from /home/airflow/.local/lib/python3.7/site-packages/airflow/example_dags/example_short_circuit_operator.py
[2022-10-20T22:32:29.950+0000] {logging_mixin.py:117} INFO - [2022-10-20T22:32:29.949+0000] {dag.py:2573} INFO - Sync 1 DAGs
[2022-10-20T22:32:29.971+0000] {logging_mixin.py:117} INFO - [2022-10-20T22:32:29.971+0000] {dag.py:3328} INFO - Setting next_dagrun for example_short_circuit_operator to 2022-10-19T22:32:29.971403+00:00, run_after=2022-10-20T22:32:29.971403+00:00
[2022-10-20T22:32:29.998+0000] {processor.py:178} INFO - Processing /home/airflow/.local/lib/python3.7/site-packages/airflow/example_dags/example_short_circuit_operator.py took 0.112 seconds
[2022-10-20T22:33:00.782+0000] {processor.py:156} INFO - Started process (PID=531) to work on /home/airflow/.local/lib/python3.7/site-packages/airflow/example_dags/example_short_circuit_operator.py
[2022-10-20T22:33:00.784+0000] {processor.py:758} INFO - Processing file /home/airflow/.local/lib/python3.7/site-packages/airflow/example_dags/example_short_circuit_operator.py for tasks to queue
[2022-10-20T22:33:00.785+0000] {logging_mixin.py:117} INFO - [2022-10-20T22:33:00.785+0000] {dagbag.py:525} INFO - Filling up the DagBag from /home/airflow/.local/lib/python3.7/site-packages/airflow/example_dags/example_short_circuit_operator.py
[2022-10-20T22:33:00.803+0000] {processor.py:768} INFO - DAG(s) dict_keys(['example_short_circuit_operator']) retrieved from /home/airflow/.local/lib/python3.7/site-packages/airflow/example_dags/example_short_circuit_operator.py
[2022-10-20T22:33:00.849+0000] {logging_mixin.py:117} INFO - [2022-10-20T22:33:00.849+0000] {dag.py:2573} INFO - Sync 1 DAGs
[2022-10-20T22:33:00.874+0000] {logging_mixin.py:117} INFO - [2022-10-20T22:33:00.873+0000] {dag.py:3328} INFO - Setting next_dagrun for example_short_circuit_operator to 2022-10-19T22:33:00.873405+00:00, run_after=2022-10-20T22:33:00.873405+00:00
[2022-10-20T22:33:00.895+0000] {processor.py:178} INFO - Processing /home/airflow/.local/lib/python3.7/site-packages/airflow/example_dags/example_short_circuit_operator.py took 0.116 seconds
[2022-10-20T22:33:31.554+0000] {processor.py:156} INFO - Started process (PID=595) to work on /home/airflow/.local/lib/python3.7/site-packages/airflow/example_dags/example_short_circuit_operator.py
[2022-10-20T22:33:31.556+0000] {processor.py:758} INFO - Processing file /home/airflow/.local/lib/python3.7/site-packages/airflow/example_dags/example_short_circuit_operator.py for tasks to queue
[2022-10-20T22:33:31.558+0000] {logging_mixin.py:117} INFO - [2022-10-20T22:33:31.557+0000] {dagbag.py:525} INFO - Filling up the DagBag from /home/airflow/.local/lib/python3.7/site-packages/airflow/example_dags/example_short_circuit_operator.py
[2022-10-20T22:33:31.572+0000] {processor.py:768} INFO - DAG(s) dict_keys(['example_short_circuit_operator']) retrieved from /home/airflow/.local/lib/python3.7/site-packages/airflow/example_dags/example_short_circuit_operator.py
[2022-10-20T22:33:31.616+0000] {logging_mixin.py:117} INFO - [2022-10-20T22:33:31.616+0000] {dag.py:2573} INFO - Sync 1 DAGs
[2022-10-20T22:33:31.639+0000] {logging_mixin.py:117} INFO - [2022-10-20T22:33:31.639+0000] {dag.py:3328} INFO - Setting next_dagrun for example_short_circuit_operator to 2022-10-19T22:33:31.639266+00:00, run_after=2022-10-20T22:33:31.639266+00:00
[2022-10-20T22:33:31.662+0000] {processor.py:178} INFO - Processing /home/airflow/.local/lib/python3.7/site-packages/airflow/example_dags/example_short_circuit_operator.py took 0.112 seconds
