[2022-10-20T22:28:57.701+0000] {processor.py:156} INFO - Started process (PID=67) to work on /home/airflow/.local/lib/python3.7/site-packages/airflow/example_dags/example_latest_only.py
[2022-10-20T22:28:57.704+0000] {processor.py:758} INFO - Processing file /home/airflow/.local/lib/python3.7/site-packages/airflow/example_dags/example_latest_only.py for tasks to queue
[2022-10-20T22:28:57.706+0000] {logging_mixin.py:117} INFO - [2022-10-20T22:28:57.705+0000] {dagbag.py:525} INFO - Filling up the DagBag from /home/airflow/.local/lib/python3.7/site-packages/airflow/example_dags/example_latest_only.py
[2022-10-20T22:28:57.728+0000] {processor.py:768} INFO - DAG(s) dict_keys(['latest_only']) retrieved from /home/airflow/.local/lib/python3.7/site-packages/airflow/example_dags/example_latest_only.py
[2022-10-20T22:28:57.782+0000] {logging_mixin.py:117} INFO - [2022-10-20T22:28:57.782+0000] {dag.py:2573} INFO - Sync 1 DAGs
[2022-10-20T22:28:57.822+0000] {logging_mixin.py:117} INFO - [2022-10-20T22:28:57.822+0000] {dag.py:3328} INFO - Setting next_dagrun for latest_only to 2022-10-20T18:28:57.821889+00:00, run_after=2022-10-20T22:28:57.821889+00:00
[2022-10-20T22:28:57.859+0000] {processor.py:178} INFO - Processing /home/airflow/.local/lib/python3.7/site-packages/airflow/example_dags/example_latest_only.py took 0.161 seconds
[2022-10-20T22:29:28.061+0000] {processor.py:156} INFO - Started process (PID=121) to work on /home/airflow/.local/lib/python3.7/site-packages/airflow/example_dags/example_latest_only.py
[2022-10-20T22:29:28.063+0000] {processor.py:758} INFO - Processing file /home/airflow/.local/lib/python3.7/site-packages/airflow/example_dags/example_latest_only.py for tasks to queue
[2022-10-20T22:29:28.065+0000] {logging_mixin.py:117} INFO - [2022-10-20T22:29:28.065+0000] {dagbag.py:525} INFO - Filling up the DagBag from /home/airflow/.local/lib/python3.7/site-packages/airflow/example_dags/example_latest_only.py
[2022-10-20T22:29:28.080+0000] {processor.py:768} INFO - DAG(s) dict_keys(['latest_only']) retrieved from /home/airflow/.local/lib/python3.7/site-packages/airflow/example_dags/example_latest_only.py
[2022-10-20T22:29:28.119+0000] {logging_mixin.py:117} INFO - [2022-10-20T22:29:28.118+0000] {dag.py:2573} INFO - Sync 1 DAGs
[2022-10-20T22:29:28.143+0000] {logging_mixin.py:117} INFO - [2022-10-20T22:29:28.143+0000] {dag.py:3328} INFO - Setting next_dagrun for latest_only to 2022-10-20T18:29:28.142755+00:00, run_after=2022-10-20T22:29:28.142755+00:00
[2022-10-20T22:29:28.164+0000] {processor.py:178} INFO - Processing /home/airflow/.local/lib/python3.7/site-packages/airflow/example_dags/example_latest_only.py took 0.106 seconds
[2022-10-20T22:29:58.487+0000] {processor.py:156} INFO - Started process (PID=185) to work on /home/airflow/.local/lib/python3.7/site-packages/airflow/example_dags/example_latest_only.py
[2022-10-20T22:29:58.490+0000] {processor.py:758} INFO - Processing file /home/airflow/.local/lib/python3.7/site-packages/airflow/example_dags/example_latest_only.py for tasks to queue
[2022-10-20T22:29:58.491+0000] {logging_mixin.py:117} INFO - [2022-10-20T22:29:58.491+0000] {dagbag.py:525} INFO - Filling up the DagBag from /home/airflow/.local/lib/python3.7/site-packages/airflow/example_dags/example_latest_only.py
[2022-10-20T22:29:58.508+0000] {processor.py:768} INFO - DAG(s) dict_keys(['latest_only']) retrieved from /home/airflow/.local/lib/python3.7/site-packages/airflow/example_dags/example_latest_only.py
[2022-10-20T22:29:58.555+0000] {logging_mixin.py:117} INFO - [2022-10-20T22:29:58.555+0000] {dag.py:2573} INFO - Sync 1 DAGs
[2022-10-20T22:29:58.586+0000] {logging_mixin.py:117} INFO - [2022-10-20T22:29:58.586+0000] {dag.py:3328} INFO - Setting next_dagrun for latest_only to 2022-10-20T18:29:58.585971+00:00, run_after=2022-10-20T22:29:58.585971+00:00
[2022-10-20T22:29:58.615+0000] {processor.py:178} INFO - Processing /home/airflow/.local/lib/python3.7/site-packages/airflow/example_dags/example_latest_only.py took 0.132 seconds
[2022-10-20T22:30:29.249+0000] {processor.py:156} INFO - Started process (PID=249) to work on /home/airflow/.local/lib/python3.7/site-packages/airflow/example_dags/example_latest_only.py
[2022-10-20T22:30:29.251+0000] {processor.py:758} INFO - Processing file /home/airflow/.local/lib/python3.7/site-packages/airflow/example_dags/example_latest_only.py for tasks to queue
[2022-10-20T22:30:29.253+0000] {logging_mixin.py:117} INFO - [2022-10-20T22:30:29.252+0000] {dagbag.py:525} INFO - Filling up the DagBag from /home/airflow/.local/lib/python3.7/site-packages/airflow/example_dags/example_latest_only.py
[2022-10-20T22:30:29.266+0000] {processor.py:768} INFO - DAG(s) dict_keys(['latest_only']) retrieved from /home/airflow/.local/lib/python3.7/site-packages/airflow/example_dags/example_latest_only.py
[2022-10-20T22:30:29.310+0000] {logging_mixin.py:117} INFO - [2022-10-20T22:30:29.310+0000] {dag.py:2573} INFO - Sync 1 DAGs
[2022-10-20T22:30:29.340+0000] {logging_mixin.py:117} INFO - [2022-10-20T22:30:29.340+0000] {dag.py:3328} INFO - Setting next_dagrun for latest_only to 2022-10-20T18:30:29.339905+00:00, run_after=2022-10-20T22:30:29.339905+00:00
[2022-10-20T22:30:29.361+0000] {processor.py:178} INFO - Processing /home/airflow/.local/lib/python3.7/site-packages/airflow/example_dags/example_latest_only.py took 0.115 seconds
[2022-10-20T22:30:59.699+0000] {processor.py:156} INFO - Started process (PID=303) to work on /home/airflow/.local/lib/python3.7/site-packages/airflow/example_dags/example_latest_only.py
[2022-10-20T22:30:59.702+0000] {processor.py:758} INFO - Processing file /home/airflow/.local/lib/python3.7/site-packages/airflow/example_dags/example_latest_only.py for tasks to queue
[2022-10-20T22:30:59.703+0000] {logging_mixin.py:117} INFO - [2022-10-20T22:30:59.703+0000] {dagbag.py:525} INFO - Filling up the DagBag from /home/airflow/.local/lib/python3.7/site-packages/airflow/example_dags/example_latest_only.py
[2022-10-20T22:30:59.717+0000] {processor.py:768} INFO - DAG(s) dict_keys(['latest_only']) retrieved from /home/airflow/.local/lib/python3.7/site-packages/airflow/example_dags/example_latest_only.py
[2022-10-20T22:30:59.755+0000] {logging_mixin.py:117} INFO - [2022-10-20T22:30:59.754+0000] {dag.py:2573} INFO - Sync 1 DAGs
[2022-10-20T22:30:59.778+0000] {logging_mixin.py:117} INFO - [2022-10-20T22:30:59.778+0000] {dag.py:3328} INFO - Setting next_dagrun for latest_only to 2022-10-20T18:30:59.778304+00:00, run_after=2022-10-20T22:30:59.778304+00:00
[2022-10-20T22:30:59.798+0000] {processor.py:178} INFO - Processing /home/airflow/.local/lib/python3.7/site-packages/airflow/example_dags/example_latest_only.py took 0.101 seconds
[2022-10-20T22:31:30.348+0000] {processor.py:156} INFO - Started process (PID=366) to work on /home/airflow/.local/lib/python3.7/site-packages/airflow/example_dags/example_latest_only.py
[2022-10-20T22:31:30.350+0000] {processor.py:758} INFO - Processing file /home/airflow/.local/lib/python3.7/site-packages/airflow/example_dags/example_latest_only.py for tasks to queue
[2022-10-20T22:31:30.351+0000] {logging_mixin.py:117} INFO - [2022-10-20T22:31:30.351+0000] {dagbag.py:525} INFO - Filling up the DagBag from /home/airflow/.local/lib/python3.7/site-packages/airflow/example_dags/example_latest_only.py
[2022-10-20T22:31:30.363+0000] {processor.py:768} INFO - DAG(s) dict_keys(['latest_only']) retrieved from /home/airflow/.local/lib/python3.7/site-packages/airflow/example_dags/example_latest_only.py
[2022-10-20T22:31:30.401+0000] {logging_mixin.py:117} INFO - [2022-10-20T22:31:30.401+0000] {dag.py:2573} INFO - Sync 1 DAGs
[2022-10-20T22:31:30.427+0000] {logging_mixin.py:117} INFO - [2022-10-20T22:31:30.427+0000] {dag.py:3328} INFO - Setting next_dagrun for latest_only to 2022-10-20T18:31:30.426971+00:00, run_after=2022-10-20T22:31:30.426971+00:00
[2022-10-20T22:31:30.449+0000] {processor.py:178} INFO - Processing /home/airflow/.local/lib/python3.7/site-packages/airflow/example_dags/example_latest_only.py took 0.104 seconds
[2022-10-20T22:32:00.817+0000] {processor.py:156} INFO - Started process (PID=429) to work on /home/airflow/.local/lib/python3.7/site-packages/airflow/example_dags/example_latest_only.py
[2022-10-20T22:32:00.819+0000] {processor.py:758} INFO - Processing file /home/airflow/.local/lib/python3.7/site-packages/airflow/example_dags/example_latest_only.py for tasks to queue
[2022-10-20T22:32:00.820+0000] {logging_mixin.py:117} INFO - [2022-10-20T22:32:00.820+0000] {dagbag.py:525} INFO - Filling up the DagBag from /home/airflow/.local/lib/python3.7/site-packages/airflow/example_dags/example_latest_only.py
[2022-10-20T22:32:00.834+0000] {processor.py:768} INFO - DAG(s) dict_keys(['latest_only']) retrieved from /home/airflow/.local/lib/python3.7/site-packages/airflow/example_dags/example_latest_only.py
[2022-10-20T22:32:00.875+0000] {logging_mixin.py:117} INFO - [2022-10-20T22:32:00.875+0000] {dag.py:2573} INFO - Sync 1 DAGs
[2022-10-20T22:32:00.901+0000] {logging_mixin.py:117} INFO - [2022-10-20T22:32:00.901+0000] {dag.py:3328} INFO - Setting next_dagrun for latest_only to 2022-10-20T18:32:00.900821+00:00, run_after=2022-10-20T22:32:00.900821+00:00
[2022-10-20T22:32:00.921+0000] {processor.py:178} INFO - Processing /home/airflow/.local/lib/python3.7/site-packages/airflow/example_dags/example_latest_only.py took 0.107 seconds
[2022-10-20T22:32:31.916+0000] {processor.py:156} INFO - Started process (PID=492) to work on /home/airflow/.local/lib/python3.7/site-packages/airflow/example_dags/example_latest_only.py
[2022-10-20T22:32:31.924+0000] {processor.py:758} INFO - Processing file /home/airflow/.local/lib/python3.7/site-packages/airflow/example_dags/example_latest_only.py for tasks to queue
[2022-10-20T22:32:31.925+0000] {logging_mixin.py:117} INFO - [2022-10-20T22:32:31.925+0000] {dagbag.py:525} INFO - Filling up the DagBag from /home/airflow/.local/lib/python3.7/site-packages/airflow/example_dags/example_latest_only.py
[2022-10-20T22:32:31.937+0000] {processor.py:768} INFO - DAG(s) dict_keys(['latest_only']) retrieved from /home/airflow/.local/lib/python3.7/site-packages/airflow/example_dags/example_latest_only.py
[2022-10-20T22:32:31.980+0000] {logging_mixin.py:117} INFO - [2022-10-20T22:32:31.980+0000] {dag.py:2573} INFO - Sync 1 DAGs
[2022-10-20T22:32:32.006+0000] {logging_mixin.py:117} INFO - [2022-10-20T22:32:32.006+0000] {dag.py:3328} INFO - Setting next_dagrun for latest_only to 2022-10-20T18:32:32.006245+00:00, run_after=2022-10-20T22:32:32.006245+00:00
[2022-10-20T22:32:32.031+0000] {processor.py:178} INFO - Processing /home/airflow/.local/lib/python3.7/site-packages/airflow/example_dags/example_latest_only.py took 0.118 seconds
[2022-10-20T22:33:02.213+0000] {processor.py:156} INFO - Started process (PID=547) to work on /home/airflow/.local/lib/python3.7/site-packages/airflow/example_dags/example_latest_only.py
[2022-10-20T22:33:02.216+0000] {processor.py:758} INFO - Processing file /home/airflow/.local/lib/python3.7/site-packages/airflow/example_dags/example_latest_only.py for tasks to queue
[2022-10-20T22:33:02.217+0000] {logging_mixin.py:117} INFO - [2022-10-20T22:33:02.217+0000] {dagbag.py:525} INFO - Filling up the DagBag from /home/airflow/.local/lib/python3.7/site-packages/airflow/example_dags/example_latest_only.py
[2022-10-20T22:33:02.229+0000] {processor.py:768} INFO - DAG(s) dict_keys(['latest_only']) retrieved from /home/airflow/.local/lib/python3.7/site-packages/airflow/example_dags/example_latest_only.py
[2022-10-20T22:33:02.266+0000] {logging_mixin.py:117} INFO - [2022-10-20T22:33:02.266+0000] {dag.py:2573} INFO - Sync 1 DAGs
[2022-10-20T22:33:02.292+0000] {logging_mixin.py:117} INFO - [2022-10-20T22:33:02.292+0000] {dag.py:3328} INFO - Setting next_dagrun for latest_only to 2022-10-20T18:33:02.291785+00:00, run_after=2022-10-20T22:33:02.291785+00:00
[2022-10-20T22:33:02.313+0000] {processor.py:178} INFO - Processing /home/airflow/.local/lib/python3.7/site-packages/airflow/example_dags/example_latest_only.py took 0.103 seconds
[2022-10-20T22:33:32.989+0000] {processor.py:156} INFO - Started process (PID=611) to work on /home/airflow/.local/lib/python3.7/site-packages/airflow/example_dags/example_latest_only.py
[2022-10-20T22:33:32.992+0000] {processor.py:758} INFO - Processing file /home/airflow/.local/lib/python3.7/site-packages/airflow/example_dags/example_latest_only.py for tasks to queue
[2022-10-20T22:33:32.993+0000] {logging_mixin.py:117} INFO - [2022-10-20T22:33:32.993+0000] {dagbag.py:525} INFO - Filling up the DagBag from /home/airflow/.local/lib/python3.7/site-packages/airflow/example_dags/example_latest_only.py
[2022-10-20T22:33:33.007+0000] {processor.py:768} INFO - DAG(s) dict_keys(['latest_only']) retrieved from /home/airflow/.local/lib/python3.7/site-packages/airflow/example_dags/example_latest_only.py
[2022-10-20T22:33:33.046+0000] {logging_mixin.py:117} INFO - [2022-10-20T22:33:33.046+0000] {dag.py:2573} INFO - Sync 1 DAGs
[2022-10-20T22:33:33.073+0000] {logging_mixin.py:117} INFO - [2022-10-20T22:33:33.073+0000] {dag.py:3328} INFO - Setting next_dagrun for latest_only to 2022-10-20T18:33:33.073461+00:00, run_after=2022-10-20T22:33:33.073461+00:00
[2022-10-20T22:33:33.101+0000] {processor.py:178} INFO - Processing /home/airflow/.local/lib/python3.7/site-packages/airflow/example_dags/example_latest_only.py took 0.115 seconds
