[2022-10-20T22:28:57.471+0000] {processor.py:156} INFO - Started process (PID=65) to work on /home/airflow/.local/lib/python3.7/site-packages/airflow/example_dags/example_branch_day_of_week_operator.py
[2022-10-20T22:28:57.474+0000] {processor.py:758} INFO - Processing file /home/airflow/.local/lib/python3.7/site-packages/airflow/example_dags/example_branch_day_of_week_operator.py for tasks to queue
[2022-10-20T22:28:57.476+0000] {logging_mixin.py:117} INFO - [2022-10-20T22:28:57.475+0000] {dagbag.py:525} INFO - Filling up the DagBag from /home/airflow/.local/lib/python3.7/site-packages/airflow/example_dags/example_branch_day_of_week_operator.py
[2022-10-20T22:28:57.502+0000] {processor.py:768} INFO - DAG(s) dict_keys(['example_weekday_branch_operator']) retrieved from /home/airflow/.local/lib/python3.7/site-packages/airflow/example_dags/example_branch_day_of_week_operator.py
[2022-10-20T22:28:57.560+0000] {logging_mixin.py:117} INFO - [2022-10-20T22:28:57.560+0000] {dag.py:2573} INFO - Sync 1 DAGs
[2022-10-20T22:28:57.609+0000] {logging_mixin.py:117} INFO - [2022-10-20T22:28:57.608+0000] {dag.py:3328} INFO - Setting next_dagrun for example_weekday_branch_operator to 2022-10-19T00:00:00+00:00, run_after=2022-10-20T00:00:00+00:00
[2022-10-20T22:28:57.643+0000] {processor.py:178} INFO - Processing /home/airflow/.local/lib/python3.7/site-packages/airflow/example_dags/example_branch_day_of_week_operator.py took 0.175 seconds
[2022-10-20T22:29:27.756+0000] {processor.py:156} INFO - Started process (PID=119) to work on /home/airflow/.local/lib/python3.7/site-packages/airflow/example_dags/example_branch_day_of_week_operator.py
[2022-10-20T22:29:27.759+0000] {processor.py:758} INFO - Processing file /home/airflow/.local/lib/python3.7/site-packages/airflow/example_dags/example_branch_day_of_week_operator.py for tasks to queue
[2022-10-20T22:29:27.760+0000] {logging_mixin.py:117} INFO - [2022-10-20T22:29:27.760+0000] {dagbag.py:525} INFO - Filling up the DagBag from /home/airflow/.local/lib/python3.7/site-packages/airflow/example_dags/example_branch_day_of_week_operator.py
[2022-10-20T22:29:27.775+0000] {processor.py:768} INFO - DAG(s) dict_keys(['example_weekday_branch_operator']) retrieved from /home/airflow/.local/lib/python3.7/site-packages/airflow/example_dags/example_branch_day_of_week_operator.py
[2022-10-20T22:29:27.813+0000] {logging_mixin.py:117} INFO - [2022-10-20T22:29:27.813+0000] {dag.py:2573} INFO - Sync 1 DAGs
[2022-10-20T22:29:27.834+0000] {logging_mixin.py:117} INFO - [2022-10-20T22:29:27.834+0000] {dag.py:3328} INFO - Setting next_dagrun for example_weekday_branch_operator to 2022-10-19T00:00:00+00:00, run_after=2022-10-20T00:00:00+00:00
[2022-10-20T22:29:27.859+0000] {processor.py:178} INFO - Processing /home/airflow/.local/lib/python3.7/site-packages/airflow/example_dags/example_branch_day_of_week_operator.py took 0.106 seconds
[2022-10-20T22:29:58.305+0000] {processor.py:156} INFO - Started process (PID=183) to work on /home/airflow/.local/lib/python3.7/site-packages/airflow/example_dags/example_branch_day_of_week_operator.py
[2022-10-20T22:29:58.307+0000] {processor.py:758} INFO - Processing file /home/airflow/.local/lib/python3.7/site-packages/airflow/example_dags/example_branch_day_of_week_operator.py for tasks to queue
[2022-10-20T22:29:58.309+0000] {logging_mixin.py:117} INFO - [2022-10-20T22:29:58.309+0000] {dagbag.py:525} INFO - Filling up the DagBag from /home/airflow/.local/lib/python3.7/site-packages/airflow/example_dags/example_branch_day_of_week_operator.py
[2022-10-20T22:29:58.326+0000] {processor.py:768} INFO - DAG(s) dict_keys(['example_weekday_branch_operator']) retrieved from /home/airflow/.local/lib/python3.7/site-packages/airflow/example_dags/example_branch_day_of_week_operator.py
[2022-10-20T22:29:58.373+0000] {logging_mixin.py:117} INFO - [2022-10-20T22:29:58.373+0000] {dag.py:2573} INFO - Sync 1 DAGs
[2022-10-20T22:29:58.403+0000] {logging_mixin.py:117} INFO - [2022-10-20T22:29:58.403+0000] {dag.py:3328} INFO - Setting next_dagrun for example_weekday_branch_operator to 2022-10-19T00:00:00+00:00, run_after=2022-10-20T00:00:00+00:00
[2022-10-20T22:29:58.435+0000] {processor.py:178} INFO - Processing /home/airflow/.local/lib/python3.7/site-packages/airflow/example_dags/example_branch_day_of_week_operator.py took 0.134 seconds
[2022-10-20T22:30:29.096+0000] {processor.py:156} INFO - Started process (PID=247) to work on /home/airflow/.local/lib/python3.7/site-packages/airflow/example_dags/example_branch_day_of_week_operator.py
[2022-10-20T22:30:29.098+0000] {processor.py:758} INFO - Processing file /home/airflow/.local/lib/python3.7/site-packages/airflow/example_dags/example_branch_day_of_week_operator.py for tasks to queue
[2022-10-20T22:30:29.099+0000] {logging_mixin.py:117} INFO - [2022-10-20T22:30:29.099+0000] {dagbag.py:525} INFO - Filling up the DagBag from /home/airflow/.local/lib/python3.7/site-packages/airflow/example_dags/example_branch_day_of_week_operator.py
[2022-10-20T22:30:29.115+0000] {processor.py:768} INFO - DAG(s) dict_keys(['example_weekday_branch_operator']) retrieved from /home/airflow/.local/lib/python3.7/site-packages/airflow/example_dags/example_branch_day_of_week_operator.py
[2022-10-20T22:30:29.155+0000] {logging_mixin.py:117} INFO - [2022-10-20T22:30:29.155+0000] {dag.py:2573} INFO - Sync 1 DAGs
[2022-10-20T22:30:29.183+0000] {logging_mixin.py:117} INFO - [2022-10-20T22:30:29.183+0000] {dag.py:3328} INFO - Setting next_dagrun for example_weekday_branch_operator to 2022-10-19T00:00:00+00:00, run_after=2022-10-20T00:00:00+00:00
[2022-10-20T22:30:29.203+0000] {processor.py:178} INFO - Processing /home/airflow/.local/lib/python3.7/site-packages/airflow/example_dags/example_branch_day_of_week_operator.py took 0.110 seconds
[2022-10-20T22:30:59.562+0000] {processor.py:156} INFO - Started process (PID=301) to work on /home/airflow/.local/lib/python3.7/site-packages/airflow/example_dags/example_branch_day_of_week_operator.py
[2022-10-20T22:30:59.564+0000] {processor.py:758} INFO - Processing file /home/airflow/.local/lib/python3.7/site-packages/airflow/example_dags/example_branch_day_of_week_operator.py for tasks to queue
[2022-10-20T22:30:59.566+0000] {logging_mixin.py:117} INFO - [2022-10-20T22:30:59.565+0000] {dagbag.py:525} INFO - Filling up the DagBag from /home/airflow/.local/lib/python3.7/site-packages/airflow/example_dags/example_branch_day_of_week_operator.py
[2022-10-20T22:30:59.580+0000] {processor.py:768} INFO - DAG(s) dict_keys(['example_weekday_branch_operator']) retrieved from /home/airflow/.local/lib/python3.7/site-packages/airflow/example_dags/example_branch_day_of_week_operator.py
[2022-10-20T22:30:59.619+0000] {logging_mixin.py:117} INFO - [2022-10-20T22:30:59.619+0000] {dag.py:2573} INFO - Sync 1 DAGs
[2022-10-20T22:30:59.646+0000] {logging_mixin.py:117} INFO - [2022-10-20T22:30:59.646+0000] {dag.py:3328} INFO - Setting next_dagrun for example_weekday_branch_operator to 2022-10-19T00:00:00+00:00, run_after=2022-10-20T00:00:00+00:00
[2022-10-20T22:30:59.665+0000] {processor.py:178} INFO - Processing /home/airflow/.local/lib/python3.7/site-packages/airflow/example_dags/example_branch_day_of_week_operator.py took 0.106 seconds
[2022-10-20T22:31:30.196+0000] {processor.py:156} INFO - Started process (PID=364) to work on /home/airflow/.local/lib/python3.7/site-packages/airflow/example_dags/example_branch_day_of_week_operator.py
[2022-10-20T22:31:30.198+0000] {processor.py:758} INFO - Processing file /home/airflow/.local/lib/python3.7/site-packages/airflow/example_dags/example_branch_day_of_week_operator.py for tasks to queue
[2022-10-20T22:31:30.200+0000] {logging_mixin.py:117} INFO - [2022-10-20T22:31:30.199+0000] {dagbag.py:525} INFO - Filling up the DagBag from /home/airflow/.local/lib/python3.7/site-packages/airflow/example_dags/example_branch_day_of_week_operator.py
[2022-10-20T22:31:30.214+0000] {processor.py:768} INFO - DAG(s) dict_keys(['example_weekday_branch_operator']) retrieved from /home/airflow/.local/lib/python3.7/site-packages/airflow/example_dags/example_branch_day_of_week_operator.py
[2022-10-20T22:31:30.251+0000] {logging_mixin.py:117} INFO - [2022-10-20T22:31:30.251+0000] {dag.py:2573} INFO - Sync 1 DAGs
[2022-10-20T22:31:30.276+0000] {logging_mixin.py:117} INFO - [2022-10-20T22:31:30.275+0000] {dag.py:3328} INFO - Setting next_dagrun for example_weekday_branch_operator to 2022-10-19T00:00:00+00:00, run_after=2022-10-20T00:00:00+00:00
[2022-10-20T22:31:30.301+0000] {processor.py:178} INFO - Processing /home/airflow/.local/lib/python3.7/site-packages/airflow/example_dags/example_branch_day_of_week_operator.py took 0.108 seconds
[2022-10-20T22:32:00.670+0000] {processor.py:156} INFO - Started process (PID=427) to work on /home/airflow/.local/lib/python3.7/site-packages/airflow/example_dags/example_branch_day_of_week_operator.py
[2022-10-20T22:32:00.672+0000] {processor.py:758} INFO - Processing file /home/airflow/.local/lib/python3.7/site-packages/airflow/example_dags/example_branch_day_of_week_operator.py for tasks to queue
[2022-10-20T22:32:00.673+0000] {logging_mixin.py:117} INFO - [2022-10-20T22:32:00.673+0000] {dagbag.py:525} INFO - Filling up the DagBag from /home/airflow/.local/lib/python3.7/site-packages/airflow/example_dags/example_branch_day_of_week_operator.py
[2022-10-20T22:32:00.686+0000] {processor.py:768} INFO - DAG(s) dict_keys(['example_weekday_branch_operator']) retrieved from /home/airflow/.local/lib/python3.7/site-packages/airflow/example_dags/example_branch_day_of_week_operator.py
[2022-10-20T22:32:00.719+0000] {logging_mixin.py:117} INFO - [2022-10-20T22:32:00.719+0000] {dag.py:2573} INFO - Sync 1 DAGs
[2022-10-20T22:32:00.745+0000] {logging_mixin.py:117} INFO - [2022-10-20T22:32:00.745+0000] {dag.py:3328} INFO - Setting next_dagrun for example_weekday_branch_operator to 2022-10-19T00:00:00+00:00, run_after=2022-10-20T00:00:00+00:00
[2022-10-20T22:32:00.770+0000] {processor.py:178} INFO - Processing /home/airflow/.local/lib/python3.7/site-packages/airflow/example_dags/example_branch_day_of_week_operator.py took 0.103 seconds
[2022-10-20T22:32:31.592+0000] {processor.py:156} INFO - Started process (PID=490) to work on /home/airflow/.local/lib/python3.7/site-packages/airflow/example_dags/example_branch_day_of_week_operator.py
[2022-10-20T22:32:31.596+0000] {processor.py:758} INFO - Processing file /home/airflow/.local/lib/python3.7/site-packages/airflow/example_dags/example_branch_day_of_week_operator.py for tasks to queue
[2022-10-20T22:32:31.597+0000] {logging_mixin.py:117} INFO - [2022-10-20T22:32:31.597+0000] {dagbag.py:525} INFO - Filling up the DagBag from /home/airflow/.local/lib/python3.7/site-packages/airflow/example_dags/example_branch_day_of_week_operator.py
[2022-10-20T22:32:31.618+0000] {processor.py:768} INFO - DAG(s) dict_keys(['example_weekday_branch_operator']) retrieved from /home/airflow/.local/lib/python3.7/site-packages/airflow/example_dags/example_branch_day_of_week_operator.py
[2022-10-20T22:32:31.663+0000] {logging_mixin.py:117} INFO - [2022-10-20T22:32:31.662+0000] {dag.py:2573} INFO - Sync 1 DAGs
[2022-10-20T22:32:31.688+0000] {logging_mixin.py:117} INFO - [2022-10-20T22:32:31.687+0000] {dag.py:3328} INFO - Setting next_dagrun for example_weekday_branch_operator to 2022-10-19T00:00:00+00:00, run_after=2022-10-20T00:00:00+00:00
[2022-10-20T22:32:31.707+0000] {processor.py:178} INFO - Processing /home/airflow/.local/lib/python3.7/site-packages/airflow/example_dags/example_branch_day_of_week_operator.py took 0.118 seconds
[2022-10-20T22:33:02.056+0000] {processor.py:156} INFO - Started process (PID=545) to work on /home/airflow/.local/lib/python3.7/site-packages/airflow/example_dags/example_branch_day_of_week_operator.py
[2022-10-20T22:33:02.058+0000] {processor.py:758} INFO - Processing file /home/airflow/.local/lib/python3.7/site-packages/airflow/example_dags/example_branch_day_of_week_operator.py for tasks to queue
[2022-10-20T22:33:02.059+0000] {logging_mixin.py:117} INFO - [2022-10-20T22:33:02.059+0000] {dagbag.py:525} INFO - Filling up the DagBag from /home/airflow/.local/lib/python3.7/site-packages/airflow/example_dags/example_branch_day_of_week_operator.py
[2022-10-20T22:33:02.078+0000] {processor.py:768} INFO - DAG(s) dict_keys(['example_weekday_branch_operator']) retrieved from /home/airflow/.local/lib/python3.7/site-packages/airflow/example_dags/example_branch_day_of_week_operator.py
[2022-10-20T22:33:02.121+0000] {logging_mixin.py:117} INFO - [2022-10-20T22:33:02.121+0000] {dag.py:2573} INFO - Sync 1 DAGs
[2022-10-20T22:33:02.147+0000] {logging_mixin.py:117} INFO - [2022-10-20T22:33:02.147+0000] {dag.py:3328} INFO - Setting next_dagrun for example_weekday_branch_operator to 2022-10-19T00:00:00+00:00, run_after=2022-10-20T00:00:00+00:00
[2022-10-20T22:33:02.170+0000] {processor.py:178} INFO - Processing /home/airflow/.local/lib/python3.7/site-packages/airflow/example_dags/example_branch_day_of_week_operator.py took 0.117 seconds
[2022-10-20T22:33:32.840+0000] {processor.py:156} INFO - Started process (PID=609) to work on /home/airflow/.local/lib/python3.7/site-packages/airflow/example_dags/example_branch_day_of_week_operator.py
[2022-10-20T22:33:32.843+0000] {processor.py:758} INFO - Processing file /home/airflow/.local/lib/python3.7/site-packages/airflow/example_dags/example_branch_day_of_week_operator.py for tasks to queue
[2022-10-20T22:33:32.844+0000] {logging_mixin.py:117} INFO - [2022-10-20T22:33:32.844+0000] {dagbag.py:525} INFO - Filling up the DagBag from /home/airflow/.local/lib/python3.7/site-packages/airflow/example_dags/example_branch_day_of_week_operator.py
[2022-10-20T22:33:32.862+0000] {processor.py:768} INFO - DAG(s) dict_keys(['example_weekday_branch_operator']) retrieved from /home/airflow/.local/lib/python3.7/site-packages/airflow/example_dags/example_branch_day_of_week_operator.py
[2022-10-20T22:33:32.900+0000] {logging_mixin.py:117} INFO - [2022-10-20T22:33:32.900+0000] {dag.py:2573} INFO - Sync 1 DAGs
[2022-10-20T22:33:32.923+0000] {logging_mixin.py:117} INFO - [2022-10-20T22:33:32.923+0000] {dag.py:3328} INFO - Setting next_dagrun for example_weekday_branch_operator to 2022-10-19T00:00:00+00:00, run_after=2022-10-20T00:00:00+00:00
[2022-10-20T22:33:32.946+0000] {processor.py:178} INFO - Processing /home/airflow/.local/lib/python3.7/site-packages/airflow/example_dags/example_branch_day_of_week_operator.py took 0.109 seconds
