[2022-10-20T22:28:55.809+0000] {processor.py:156} INFO - Started process (PID=44) to work on /home/airflow/.local/lib/python3.7/site-packages/airflow/example_dags/example_kubernetes_executor.py
[2022-10-20T22:28:55.813+0000] {processor.py:758} INFO - Processing file /home/airflow/.local/lib/python3.7/site-packages/airflow/example_dags/example_kubernetes_executor.py for tasks to queue
[2022-10-20T22:28:55.815+0000] {logging_mixin.py:117} INFO - [2022-10-20T22:28:55.815+0000] {dagbag.py:525} INFO - Filling up the DagBag from /home/airflow/.local/lib/python3.7/site-packages/airflow/example_dags/example_kubernetes_executor.py
[2022-10-20T22:28:55.873+0000] {processor.py:768} INFO - DAG(s) dict_keys(['example_kubernetes_executor']) retrieved from /home/airflow/.local/lib/python3.7/site-packages/airflow/example_dags/example_kubernetes_executor.py
[2022-10-20T22:28:55.919+0000] {logging_mixin.py:117} INFO - [2022-10-20T22:28:55.919+0000] {dag.py:2573} INFO - Sync 1 DAGs
[2022-10-20T22:28:55.956+0000] {logging_mixin.py:117} INFO - [2022-10-20T22:28:55.956+0000] {dag.py:3328} INFO - Setting next_dagrun for example_kubernetes_executor to None, run_after=None
[2022-10-20T22:28:56.001+0000] {processor.py:178} INFO - Processing /home/airflow/.local/lib/python3.7/site-packages/airflow/example_dags/example_kubernetes_executor.py took 0.196 seconds
[2022-10-20T22:29:26.492+0000] {processor.py:156} INFO - Started process (PID=107) to work on /home/airflow/.local/lib/python3.7/site-packages/airflow/example_dags/example_kubernetes_executor.py
[2022-10-20T22:29:26.498+0000] {processor.py:758} INFO - Processing file /home/airflow/.local/lib/python3.7/site-packages/airflow/example_dags/example_kubernetes_executor.py for tasks to queue
[2022-10-20T22:29:26.499+0000] {logging_mixin.py:117} INFO - [2022-10-20T22:29:26.499+0000] {dagbag.py:525} INFO - Filling up the DagBag from /home/airflow/.local/lib/python3.7/site-packages/airflow/example_dags/example_kubernetes_executor.py
[2022-10-20T22:29:26.526+0000] {processor.py:768} INFO - DAG(s) dict_keys(['example_kubernetes_executor']) retrieved from /home/airflow/.local/lib/python3.7/site-packages/airflow/example_dags/example_kubernetes_executor.py
[2022-10-20T22:29:26.561+0000] {logging_mixin.py:117} INFO - [2022-10-20T22:29:26.561+0000] {dag.py:2573} INFO - Sync 1 DAGs
[2022-10-20T22:29:26.584+0000] {logging_mixin.py:117} INFO - [2022-10-20T22:29:26.584+0000] {dag.py:3328} INFO - Setting next_dagrun for example_kubernetes_executor to None, run_after=None
[2022-10-20T22:29:26.604+0000] {processor.py:178} INFO - Processing /home/airflow/.local/lib/python3.7/site-packages/airflow/example_dags/example_kubernetes_executor.py took 0.115 seconds
[2022-10-20T22:29:57.246+0000] {processor.py:156} INFO - Started process (PID=171) to work on /home/airflow/.local/lib/python3.7/site-packages/airflow/example_dags/example_kubernetes_executor.py
[2022-10-20T22:29:57.249+0000] {processor.py:758} INFO - Processing file /home/airflow/.local/lib/python3.7/site-packages/airflow/example_dags/example_kubernetes_executor.py for tasks to queue
[2022-10-20T22:29:57.250+0000] {logging_mixin.py:117} INFO - [2022-10-20T22:29:57.250+0000] {dagbag.py:525} INFO - Filling up the DagBag from /home/airflow/.local/lib/python3.7/site-packages/airflow/example_dags/example_kubernetes_executor.py
[2022-10-20T22:29:57.276+0000] {processor.py:768} INFO - DAG(s) dict_keys(['example_kubernetes_executor']) retrieved from /home/airflow/.local/lib/python3.7/site-packages/airflow/example_dags/example_kubernetes_executor.py
[2022-10-20T22:29:57.315+0000] {logging_mixin.py:117} INFO - [2022-10-20T22:29:57.315+0000] {dag.py:2573} INFO - Sync 1 DAGs
[2022-10-20T22:29:57.338+0000] {logging_mixin.py:117} INFO - [2022-10-20T22:29:57.338+0000] {dag.py:3328} INFO - Setting next_dagrun for example_kubernetes_executor to None, run_after=None
[2022-10-20T22:29:57.358+0000] {processor.py:178} INFO - Processing /home/airflow/.local/lib/python3.7/site-packages/airflow/example_dags/example_kubernetes_executor.py took 0.114 seconds
[2022-10-20T22:30:28.201+0000] {processor.py:156} INFO - Started process (PID=235) to work on /home/airflow/.local/lib/python3.7/site-packages/airflow/example_dags/example_kubernetes_executor.py
[2022-10-20T22:30:28.204+0000] {processor.py:758} INFO - Processing file /home/airflow/.local/lib/python3.7/site-packages/airflow/example_dags/example_kubernetes_executor.py for tasks to queue
[2022-10-20T22:30:28.205+0000] {logging_mixin.py:117} INFO - [2022-10-20T22:30:28.205+0000] {dagbag.py:525} INFO - Filling up the DagBag from /home/airflow/.local/lib/python3.7/site-packages/airflow/example_dags/example_kubernetes_executor.py
[2022-10-20T22:30:28.229+0000] {processor.py:768} INFO - DAG(s) dict_keys(['example_kubernetes_executor']) retrieved from /home/airflow/.local/lib/python3.7/site-packages/airflow/example_dags/example_kubernetes_executor.py
[2022-10-20T22:30:28.264+0000] {logging_mixin.py:117} INFO - [2022-10-20T22:30:28.264+0000] {dag.py:2573} INFO - Sync 1 DAGs
[2022-10-20T22:30:28.287+0000] {logging_mixin.py:117} INFO - [2022-10-20T22:30:28.286+0000] {dag.py:3328} INFO - Setting next_dagrun for example_kubernetes_executor to None, run_after=None
[2022-10-20T22:30:28.306+0000] {processor.py:178} INFO - Processing /home/airflow/.local/lib/python3.7/site-packages/airflow/example_dags/example_kubernetes_executor.py took 0.108 seconds
[2022-10-20T22:30:58.604+0000] {processor.py:156} INFO - Started process (PID=289) to work on /home/airflow/.local/lib/python3.7/site-packages/airflow/example_dags/example_kubernetes_executor.py
[2022-10-20T22:30:58.606+0000] {processor.py:758} INFO - Processing file /home/airflow/.local/lib/python3.7/site-packages/airflow/example_dags/example_kubernetes_executor.py for tasks to queue
[2022-10-20T22:30:58.606+0000] {logging_mixin.py:117} INFO - [2022-10-20T22:30:58.606+0000] {dagbag.py:525} INFO - Filling up the DagBag from /home/airflow/.local/lib/python3.7/site-packages/airflow/example_dags/example_kubernetes_executor.py
[2022-10-20T22:30:58.633+0000] {processor.py:768} INFO - DAG(s) dict_keys(['example_kubernetes_executor']) retrieved from /home/airflow/.local/lib/python3.7/site-packages/airflow/example_dags/example_kubernetes_executor.py
[2022-10-20T22:30:58.668+0000] {logging_mixin.py:117} INFO - [2022-10-20T22:30:58.667+0000] {dag.py:2573} INFO - Sync 1 DAGs
[2022-10-20T22:30:58.687+0000] {logging_mixin.py:117} INFO - [2022-10-20T22:30:58.686+0000] {dag.py:3328} INFO - Setting next_dagrun for example_kubernetes_executor to None, run_after=None
[2022-10-20T22:30:58.705+0000] {processor.py:178} INFO - Processing /home/airflow/.local/lib/python3.7/site-packages/airflow/example_dags/example_kubernetes_executor.py took 0.104 seconds
[2022-10-20T22:31:29.196+0000] {processor.py:156} INFO - Started process (PID=352) to work on /home/airflow/.local/lib/python3.7/site-packages/airflow/example_dags/example_kubernetes_executor.py
[2022-10-20T22:31:29.199+0000] {processor.py:758} INFO - Processing file /home/airflow/.local/lib/python3.7/site-packages/airflow/example_dags/example_kubernetes_executor.py for tasks to queue
[2022-10-20T22:31:29.200+0000] {logging_mixin.py:117} INFO - [2022-10-20T22:31:29.200+0000] {dagbag.py:525} INFO - Filling up the DagBag from /home/airflow/.local/lib/python3.7/site-packages/airflow/example_dags/example_kubernetes_executor.py
[2022-10-20T22:31:29.226+0000] {processor.py:768} INFO - DAG(s) dict_keys(['example_kubernetes_executor']) retrieved from /home/airflow/.local/lib/python3.7/site-packages/airflow/example_dags/example_kubernetes_executor.py
[2022-10-20T22:31:29.262+0000] {logging_mixin.py:117} INFO - [2022-10-20T22:31:29.261+0000] {dag.py:2573} INFO - Sync 1 DAGs
[2022-10-20T22:31:29.284+0000] {logging_mixin.py:117} INFO - [2022-10-20T22:31:29.284+0000] {dag.py:3328} INFO - Setting next_dagrun for example_kubernetes_executor to None, run_after=None
[2022-10-20T22:31:29.304+0000] {processor.py:178} INFO - Processing /home/airflow/.local/lib/python3.7/site-packages/airflow/example_dags/example_kubernetes_executor.py took 0.112 seconds
[2022-10-20T22:31:59.725+0000] {processor.py:156} INFO - Started process (PID=415) to work on /home/airflow/.local/lib/python3.7/site-packages/airflow/example_dags/example_kubernetes_executor.py
[2022-10-20T22:31:59.728+0000] {processor.py:758} INFO - Processing file /home/airflow/.local/lib/python3.7/site-packages/airflow/example_dags/example_kubernetes_executor.py for tasks to queue
[2022-10-20T22:31:59.729+0000] {logging_mixin.py:117} INFO - [2022-10-20T22:31:59.729+0000] {dagbag.py:525} INFO - Filling up the DagBag from /home/airflow/.local/lib/python3.7/site-packages/airflow/example_dags/example_kubernetes_executor.py
[2022-10-20T22:31:59.762+0000] {processor.py:768} INFO - DAG(s) dict_keys(['example_kubernetes_executor']) retrieved from /home/airflow/.local/lib/python3.7/site-packages/airflow/example_dags/example_kubernetes_executor.py
[2022-10-20T22:31:59.805+0000] {logging_mixin.py:117} INFO - [2022-10-20T22:31:59.805+0000] {dag.py:2573} INFO - Sync 1 DAGs
[2022-10-20T22:31:59.826+0000] {logging_mixin.py:117} INFO - [2022-10-20T22:31:59.825+0000] {dag.py:3328} INFO - Setting next_dagrun for example_kubernetes_executor to None, run_after=None
[2022-10-20T22:31:59.844+0000] {processor.py:178} INFO - Processing /home/airflow/.local/lib/python3.7/site-packages/airflow/example_dags/example_kubernetes_executor.py took 0.123 seconds
[2022-10-20T22:32:30.465+0000] {processor.py:156} INFO - Started process (PID=477) to work on /home/airflow/.local/lib/python3.7/site-packages/airflow/example_dags/example_kubernetes_executor.py
[2022-10-20T22:32:30.469+0000] {processor.py:758} INFO - Processing file /home/airflow/.local/lib/python3.7/site-packages/airflow/example_dags/example_kubernetes_executor.py for tasks to queue
[2022-10-20T22:32:30.470+0000] {logging_mixin.py:117} INFO - [2022-10-20T22:32:30.470+0000] {dagbag.py:525} INFO - Filling up the DagBag from /home/airflow/.local/lib/python3.7/site-packages/airflow/example_dags/example_kubernetes_executor.py
[2022-10-20T22:32:30.503+0000] {processor.py:768} INFO - DAG(s) dict_keys(['example_kubernetes_executor']) retrieved from /home/airflow/.local/lib/python3.7/site-packages/airflow/example_dags/example_kubernetes_executor.py
[2022-10-20T22:32:30.546+0000] {logging_mixin.py:117} INFO - [2022-10-20T22:32:30.546+0000] {dag.py:2573} INFO - Sync 1 DAGs
[2022-10-20T22:32:30.578+0000] {logging_mixin.py:117} INFO - [2022-10-20T22:32:30.578+0000] {dag.py:3328} INFO - Setting next_dagrun for example_kubernetes_executor to None, run_after=None
[2022-10-20T22:32:30.604+0000] {processor.py:178} INFO - Processing /home/airflow/.local/lib/python3.7/site-packages/airflow/example_dags/example_kubernetes_executor.py took 0.142 seconds
[2022-10-20T22:33:01.117+0000] {processor.py:156} INFO - Started process (PID=533) to work on /home/airflow/.local/lib/python3.7/site-packages/airflow/example_dags/example_kubernetes_executor.py
[2022-10-20T22:33:01.120+0000] {processor.py:758} INFO - Processing file /home/airflow/.local/lib/python3.7/site-packages/airflow/example_dags/example_kubernetes_executor.py for tasks to queue
[2022-10-20T22:33:01.121+0000] {logging_mixin.py:117} INFO - [2022-10-20T22:33:01.121+0000] {dagbag.py:525} INFO - Filling up the DagBag from /home/airflow/.local/lib/python3.7/site-packages/airflow/example_dags/example_kubernetes_executor.py
[2022-10-20T22:33:01.148+0000] {processor.py:768} INFO - DAG(s) dict_keys(['example_kubernetes_executor']) retrieved from /home/airflow/.local/lib/python3.7/site-packages/airflow/example_dags/example_kubernetes_executor.py
[2022-10-20T22:33:01.180+0000] {logging_mixin.py:117} INFO - [2022-10-20T22:33:01.179+0000] {dag.py:2573} INFO - Sync 1 DAGs
[2022-10-20T22:33:01.200+0000] {logging_mixin.py:117} INFO - [2022-10-20T22:33:01.200+0000] {dag.py:3328} INFO - Setting next_dagrun for example_kubernetes_executor to None, run_after=None
[2022-10-20T22:33:01.217+0000] {processor.py:178} INFO - Processing /home/airflow/.local/lib/python3.7/site-packages/airflow/example_dags/example_kubernetes_executor.py took 0.104 seconds
[2022-10-20T22:33:31.856+0000] {processor.py:156} INFO - Started process (PID=597) to work on /home/airflow/.local/lib/python3.7/site-packages/airflow/example_dags/example_kubernetes_executor.py
[2022-10-20T22:33:31.858+0000] {processor.py:758} INFO - Processing file /home/airflow/.local/lib/python3.7/site-packages/airflow/example_dags/example_kubernetes_executor.py for tasks to queue
[2022-10-20T22:33:31.859+0000] {logging_mixin.py:117} INFO - [2022-10-20T22:33:31.859+0000] {dagbag.py:525} INFO - Filling up the DagBag from /home/airflow/.local/lib/python3.7/site-packages/airflow/example_dags/example_kubernetes_executor.py
[2022-10-20T22:33:31.884+0000] {processor.py:768} INFO - DAG(s) dict_keys(['example_kubernetes_executor']) retrieved from /home/airflow/.local/lib/python3.7/site-packages/airflow/example_dags/example_kubernetes_executor.py
[2022-10-20T22:33:31.921+0000] {logging_mixin.py:117} INFO - [2022-10-20T22:33:31.921+0000] {dag.py:2573} INFO - Sync 1 DAGs
[2022-10-20T22:33:31.951+0000] {logging_mixin.py:117} INFO - [2022-10-20T22:33:31.950+0000] {dag.py:3328} INFO - Setting next_dagrun for example_kubernetes_executor to None, run_after=None
[2022-10-20T22:33:31.975+0000] {processor.py:178} INFO - Processing /home/airflow/.local/lib/python3.7/site-packages/airflow/example_dags/example_kubernetes_executor.py took 0.121 seconds
