[2022-10-20T22:28:58.218+0000] {processor.py:156} INFO - Started process (PID=70) to work on /home/airflow/.local/lib/python3.7/site-packages/airflow/example_dags/example_branch_operator.py
[2022-10-20T22:28:58.221+0000] {processor.py:758} INFO - Processing file /home/airflow/.local/lib/python3.7/site-packages/airflow/example_dags/example_branch_operator.py for tasks to queue
[2022-10-20T22:28:58.222+0000] {logging_mixin.py:117} INFO - [2022-10-20T22:28:58.222+0000] {dagbag.py:525} INFO - Filling up the DagBag from /home/airflow/.local/lib/python3.7/site-packages/airflow/example_dags/example_branch_operator.py
[2022-10-20T22:28:58.247+0000] {processor.py:768} INFO - DAG(s) dict_keys(['example_branch_operator']) retrieved from /home/airflow/.local/lib/python3.7/site-packages/airflow/example_dags/example_branch_operator.py
[2022-10-20T22:28:58.279+0000] {logging_mixin.py:117} INFO - [2022-10-20T22:28:58.279+0000] {dag.py:2573} INFO - Sync 1 DAGs
[2022-10-20T22:28:58.313+0000] {logging_mixin.py:117} INFO - [2022-10-20T22:28:58.312+0000] {dag.py:3328} INFO - Setting next_dagrun for example_branch_operator to 2022-10-19T00:00:00+00:00, run_after=2022-10-20T00:00:00+00:00
[2022-10-20T22:28:58.335+0000] {processor.py:178} INFO - Processing /home/airflow/.local/lib/python3.7/site-packages/airflow/example_dags/example_branch_operator.py took 0.120 seconds
[2022-10-20T22:29:29.232+0000] {processor.py:156} INFO - Started process (PID=124) to work on /home/airflow/.local/lib/python3.7/site-packages/airflow/example_dags/example_branch_operator.py
[2022-10-20T22:29:29.235+0000] {processor.py:758} INFO - Processing file /home/airflow/.local/lib/python3.7/site-packages/airflow/example_dags/example_branch_operator.py for tasks to queue
[2022-10-20T22:29:29.237+0000] {logging_mixin.py:117} INFO - [2022-10-20T22:29:29.236+0000] {dagbag.py:525} INFO - Filling up the DagBag from /home/airflow/.local/lib/python3.7/site-packages/airflow/example_dags/example_branch_operator.py
[2022-10-20T22:29:29.258+0000] {processor.py:768} INFO - DAG(s) dict_keys(['example_branch_operator']) retrieved from /home/airflow/.local/lib/python3.7/site-packages/airflow/example_dags/example_branch_operator.py
[2022-10-20T22:29:29.300+0000] {logging_mixin.py:117} INFO - [2022-10-20T22:29:29.300+0000] {dag.py:2573} INFO - Sync 1 DAGs
[2022-10-20T22:29:29.325+0000] {logging_mixin.py:117} INFO - [2022-10-20T22:29:29.325+0000] {dag.py:3328} INFO - Setting next_dagrun for example_branch_operator to 2022-10-19T00:00:00+00:00, run_after=2022-10-20T00:00:00+00:00
[2022-10-20T22:29:29.351+0000] {processor.py:178} INFO - Processing /home/airflow/.local/lib/python3.7/site-packages/airflow/example_dags/example_branch_operator.py took 0.123 seconds
[2022-10-20T22:29:59.808+0000] {processor.py:156} INFO - Started process (PID=188) to work on /home/airflow/.local/lib/python3.7/site-packages/airflow/example_dags/example_branch_operator.py
[2022-10-20T22:29:59.811+0000] {processor.py:758} INFO - Processing file /home/airflow/.local/lib/python3.7/site-packages/airflow/example_dags/example_branch_operator.py for tasks to queue
[2022-10-20T22:29:59.812+0000] {logging_mixin.py:117} INFO - [2022-10-20T22:29:59.812+0000] {dagbag.py:525} INFO - Filling up the DagBag from /home/airflow/.local/lib/python3.7/site-packages/airflow/example_dags/example_branch_operator.py
[2022-10-20T22:29:59.829+0000] {processor.py:768} INFO - DAG(s) dict_keys(['example_branch_operator']) retrieved from /home/airflow/.local/lib/python3.7/site-packages/airflow/example_dags/example_branch_operator.py
[2022-10-20T22:29:59.870+0000] {logging_mixin.py:117} INFO - [2022-10-20T22:29:59.870+0000] {dag.py:2573} INFO - Sync 1 DAGs
[2022-10-20T22:29:59.897+0000] {logging_mixin.py:117} INFO - [2022-10-20T22:29:59.896+0000] {dag.py:3328} INFO - Setting next_dagrun for example_branch_operator to 2022-10-19T00:00:00+00:00, run_after=2022-10-20T00:00:00+00:00
[2022-10-20T22:29:59.923+0000] {processor.py:178} INFO - Processing /home/airflow/.local/lib/python3.7/site-packages/airflow/example_dags/example_branch_operator.py took 0.120 seconds
[2022-10-20T22:30:30.506+0000] {processor.py:156} INFO - Started process (PID=252) to work on /home/airflow/.local/lib/python3.7/site-packages/airflow/example_dags/example_branch_operator.py
[2022-10-20T22:30:30.508+0000] {processor.py:758} INFO - Processing file /home/airflow/.local/lib/python3.7/site-packages/airflow/example_dags/example_branch_operator.py for tasks to queue
[2022-10-20T22:30:30.509+0000] {logging_mixin.py:117} INFO - [2022-10-20T22:30:30.509+0000] {dagbag.py:525} INFO - Filling up the DagBag from /home/airflow/.local/lib/python3.7/site-packages/airflow/example_dags/example_branch_operator.py
[2022-10-20T22:30:30.524+0000] {processor.py:768} INFO - DAG(s) dict_keys(['example_branch_operator']) retrieved from /home/airflow/.local/lib/python3.7/site-packages/airflow/example_dags/example_branch_operator.py
[2022-10-20T22:30:30.562+0000] {logging_mixin.py:117} INFO - [2022-10-20T22:30:30.561+0000] {dag.py:2573} INFO - Sync 1 DAGs
[2022-10-20T22:30:30.584+0000] {logging_mixin.py:117} INFO - [2022-10-20T22:30:30.583+0000] {dag.py:3328} INFO - Setting next_dagrun for example_branch_operator to 2022-10-19T00:00:00+00:00, run_after=2022-10-20T00:00:00+00:00
[2022-10-20T22:30:30.607+0000] {processor.py:178} INFO - Processing /home/airflow/.local/lib/python3.7/site-packages/airflow/example_dags/example_branch_operator.py took 0.104 seconds
[2022-10-20T22:31:00.946+0000] {processor.py:156} INFO - Started process (PID=315) to work on /home/airflow/.local/lib/python3.7/site-packages/airflow/example_dags/example_branch_operator.py
[2022-10-20T22:31:00.948+0000] {processor.py:758} INFO - Processing file /home/airflow/.local/lib/python3.7/site-packages/airflow/example_dags/example_branch_operator.py for tasks to queue
[2022-10-20T22:31:00.950+0000] {logging_mixin.py:117} INFO - [2022-10-20T22:31:00.949+0000] {dagbag.py:525} INFO - Filling up the DagBag from /home/airflow/.local/lib/python3.7/site-packages/airflow/example_dags/example_branch_operator.py
[2022-10-20T22:31:00.968+0000] {processor.py:768} INFO - DAG(s) dict_keys(['example_branch_operator']) retrieved from /home/airflow/.local/lib/python3.7/site-packages/airflow/example_dags/example_branch_operator.py
[2022-10-20T22:31:01.013+0000] {logging_mixin.py:117} INFO - [2022-10-20T22:31:01.013+0000] {dag.py:2573} INFO - Sync 1 DAGs
[2022-10-20T22:31:01.041+0000] {logging_mixin.py:117} INFO - [2022-10-20T22:31:01.041+0000] {dag.py:3328} INFO - Setting next_dagrun for example_branch_operator to 2022-10-19T00:00:00+00:00, run_after=2022-10-20T00:00:00+00:00
[2022-10-20T22:31:01.067+0000] {processor.py:178} INFO - Processing /home/airflow/.local/lib/python3.7/site-packages/airflow/example_dags/example_branch_operator.py took 0.124 seconds
[2022-10-20T22:31:31.611+0000] {processor.py:156} INFO - Started process (PID=369) to work on /home/airflow/.local/lib/python3.7/site-packages/airflow/example_dags/example_branch_operator.py
[2022-10-20T22:31:31.615+0000] {processor.py:758} INFO - Processing file /home/airflow/.local/lib/python3.7/site-packages/airflow/example_dags/example_branch_operator.py for tasks to queue
[2022-10-20T22:31:31.618+0000] {logging_mixin.py:117} INFO - [2022-10-20T22:31:31.618+0000] {dagbag.py:525} INFO - Filling up the DagBag from /home/airflow/.local/lib/python3.7/site-packages/airflow/example_dags/example_branch_operator.py
[2022-10-20T22:31:31.632+0000] {processor.py:768} INFO - DAG(s) dict_keys(['example_branch_operator']) retrieved from /home/airflow/.local/lib/python3.7/site-packages/airflow/example_dags/example_branch_operator.py
[2022-10-20T22:31:31.670+0000] {logging_mixin.py:117} INFO - [2022-10-20T22:31:31.670+0000] {dag.py:2573} INFO - Sync 1 DAGs
[2022-10-20T22:31:31.690+0000] {logging_mixin.py:117} INFO - [2022-10-20T22:31:31.690+0000] {dag.py:3328} INFO - Setting next_dagrun for example_branch_operator to 2022-10-19T00:00:00+00:00, run_after=2022-10-20T00:00:00+00:00
[2022-10-20T22:31:31.713+0000] {processor.py:178} INFO - Processing /home/airflow/.local/lib/python3.7/site-packages/airflow/example_dags/example_branch_operator.py took 0.105 seconds
[2022-10-20T22:32:02.107+0000] {processor.py:156} INFO - Started process (PID=432) to work on /home/airflow/.local/lib/python3.7/site-packages/airflow/example_dags/example_branch_operator.py
[2022-10-20T22:32:02.110+0000] {processor.py:758} INFO - Processing file /home/airflow/.local/lib/python3.7/site-packages/airflow/example_dags/example_branch_operator.py for tasks to queue
[2022-10-20T22:32:02.111+0000] {logging_mixin.py:117} INFO - [2022-10-20T22:32:02.111+0000] {dagbag.py:525} INFO - Filling up the DagBag from /home/airflow/.local/lib/python3.7/site-packages/airflow/example_dags/example_branch_operator.py
[2022-10-20T22:32:02.127+0000] {processor.py:768} INFO - DAG(s) dict_keys(['example_branch_operator']) retrieved from /home/airflow/.local/lib/python3.7/site-packages/airflow/example_dags/example_branch_operator.py
[2022-10-20T22:32:02.165+0000] {logging_mixin.py:117} INFO - [2022-10-20T22:32:02.164+0000] {dag.py:2573} INFO - Sync 1 DAGs
[2022-10-20T22:32:02.186+0000] {logging_mixin.py:117} INFO - [2022-10-20T22:32:02.185+0000] {dag.py:3328} INFO - Setting next_dagrun for example_branch_operator to 2022-10-19T00:00:00+00:00, run_after=2022-10-20T00:00:00+00:00
[2022-10-20T22:32:02.206+0000] {processor.py:178} INFO - Processing /home/airflow/.local/lib/python3.7/site-packages/airflow/example_dags/example_branch_operator.py took 0.102 seconds
[2022-10-20T22:32:32.280+0000] {processor.py:156} INFO - Started process (PID=495) to work on /home/airflow/.local/lib/python3.7/site-packages/airflow/example_dags/example_branch_operator.py
[2022-10-20T22:32:32.283+0000] {processor.py:758} INFO - Processing file /home/airflow/.local/lib/python3.7/site-packages/airflow/example_dags/example_branch_operator.py for tasks to queue
[2022-10-20T22:32:32.284+0000] {logging_mixin.py:117} INFO - [2022-10-20T22:32:32.284+0000] {dagbag.py:525} INFO - Filling up the DagBag from /home/airflow/.local/lib/python3.7/site-packages/airflow/example_dags/example_branch_operator.py
[2022-10-20T22:32:32.299+0000] {processor.py:768} INFO - DAG(s) dict_keys(['example_branch_operator']) retrieved from /home/airflow/.local/lib/python3.7/site-packages/airflow/example_dags/example_branch_operator.py
[2022-10-20T22:32:32.337+0000] {logging_mixin.py:117} INFO - [2022-10-20T22:32:32.337+0000] {dag.py:2573} INFO - Sync 1 DAGs
[2022-10-20T22:32:32.361+0000] {logging_mixin.py:117} INFO - [2022-10-20T22:32:32.361+0000] {dag.py:3328} INFO - Setting next_dagrun for example_branch_operator to 2022-10-19T00:00:00+00:00, run_after=2022-10-20T00:00:00+00:00
[2022-10-20T22:32:32.383+0000] {processor.py:178} INFO - Processing /home/airflow/.local/lib/python3.7/site-packages/airflow/example_dags/example_branch_operator.py took 0.107 seconds
[2022-10-20T22:33:02.462+0000] {processor.py:156} INFO - Started process (PID=550) to work on /home/airflow/.local/lib/python3.7/site-packages/airflow/example_dags/example_branch_operator.py
[2022-10-20T22:33:02.464+0000] {processor.py:758} INFO - Processing file /home/airflow/.local/lib/python3.7/site-packages/airflow/example_dags/example_branch_operator.py for tasks to queue
[2022-10-20T22:33:02.466+0000] {logging_mixin.py:117} INFO - [2022-10-20T22:33:02.466+0000] {dagbag.py:525} INFO - Filling up the DagBag from /home/airflow/.local/lib/python3.7/site-packages/airflow/example_dags/example_branch_operator.py
[2022-10-20T22:33:02.483+0000] {processor.py:768} INFO - DAG(s) dict_keys(['example_branch_operator']) retrieved from /home/airflow/.local/lib/python3.7/site-packages/airflow/example_dags/example_branch_operator.py
[2022-10-20T22:33:02.530+0000] {logging_mixin.py:117} INFO - [2022-10-20T22:33:02.530+0000] {dag.py:2573} INFO - Sync 1 DAGs
[2022-10-20T22:33:02.562+0000] {logging_mixin.py:117} INFO - [2022-10-20T22:33:02.562+0000] {dag.py:3328} INFO - Setting next_dagrun for example_branch_operator to 2022-10-19T00:00:00+00:00, run_after=2022-10-20T00:00:00+00:00
[2022-10-20T22:33:02.583+0000] {processor.py:178} INFO - Processing /home/airflow/.local/lib/python3.7/site-packages/airflow/example_dags/example_branch_operator.py took 0.125 seconds
[2022-10-20T22:33:33.253+0000] {processor.py:156} INFO - Started process (PID=614) to work on /home/airflow/.local/lib/python3.7/site-packages/airflow/example_dags/example_branch_operator.py
[2022-10-20T22:33:33.258+0000] {processor.py:758} INFO - Processing file /home/airflow/.local/lib/python3.7/site-packages/airflow/example_dags/example_branch_operator.py for tasks to queue
[2022-10-20T22:33:33.263+0000] {logging_mixin.py:117} INFO - [2022-10-20T22:33:33.262+0000] {dagbag.py:525} INFO - Filling up the DagBag from /home/airflow/.local/lib/python3.7/site-packages/airflow/example_dags/example_branch_operator.py
[2022-10-20T22:33:33.292+0000] {processor.py:768} INFO - DAG(s) dict_keys(['example_branch_operator']) retrieved from /home/airflow/.local/lib/python3.7/site-packages/airflow/example_dags/example_branch_operator.py
[2022-10-20T22:33:33.334+0000] {logging_mixin.py:117} INFO - [2022-10-20T22:33:33.333+0000] {dag.py:2573} INFO - Sync 1 DAGs
[2022-10-20T22:33:33.363+0000] {logging_mixin.py:117} INFO - [2022-10-20T22:33:33.363+0000] {dag.py:3328} INFO - Setting next_dagrun for example_branch_operator to 2022-10-19T00:00:00+00:00, run_after=2022-10-20T00:00:00+00:00
[2022-10-20T22:33:33.382+0000] {processor.py:178} INFO - Processing /home/airflow/.local/lib/python3.7/site-packages/airflow/example_dags/example_branch_operator.py took 0.132 seconds
