[2022-10-20T22:28:59.736+0000] {processor.py:156} INFO - Started process (PID=82) to work on /home/airflow/.local/lib/python3.7/site-packages/airflow/example_dags/example_external_task_marker_dag.py
[2022-10-20T22:28:59.739+0000] {processor.py:758} INFO - Processing file /home/airflow/.local/lib/python3.7/site-packages/airflow/example_dags/example_external_task_marker_dag.py for tasks to queue
[2022-10-20T22:28:59.740+0000] {logging_mixin.py:117} INFO - [2022-10-20T22:28:59.740+0000] {dagbag.py:525} INFO - Filling up the DagBag from /home/airflow/.local/lib/python3.7/site-packages/airflow/example_dags/example_external_task_marker_dag.py
[2022-10-20T22:28:59.765+0000] {processor.py:768} INFO - DAG(s) dict_keys(['example_external_task_marker_child', 'example_external_task_marker_parent']) retrieved from /home/airflow/.local/lib/python3.7/site-packages/airflow/example_dags/example_external_task_marker_dag.py
[2022-10-20T22:28:59.807+0000] {logging_mixin.py:117} INFO - [2022-10-20T22:28:59.807+0000] {dag.py:2573} INFO - Sync 2 DAGs
[2022-10-20T22:28:59.853+0000] {logging_mixin.py:117} INFO - [2022-10-20T22:28:59.852+0000] {dag.py:3328} INFO - Setting next_dagrun for example_external_task_marker_child to None, run_after=None
[2022-10-20T22:28:59.859+0000] {logging_mixin.py:117} INFO - [2022-10-20T22:28:59.859+0000] {dag.py:3328} INFO - Setting next_dagrun for example_external_task_marker_parent to None, run_after=None
[2022-10-20T22:28:59.887+0000] {processor.py:178} INFO - Processing /home/airflow/.local/lib/python3.7/site-packages/airflow/example_dags/example_external_task_marker_dag.py took 0.155 seconds
[2022-10-20T22:29:30.426+0000] {processor.py:156} INFO - Started process (PID=136) to work on /home/airflow/.local/lib/python3.7/site-packages/airflow/example_dags/example_external_task_marker_dag.py
[2022-10-20T22:29:30.429+0000] {processor.py:758} INFO - Processing file /home/airflow/.local/lib/python3.7/site-packages/airflow/example_dags/example_external_task_marker_dag.py for tasks to queue
[2022-10-20T22:29:30.430+0000] {logging_mixin.py:117} INFO - [2022-10-20T22:29:30.430+0000] {dagbag.py:525} INFO - Filling up the DagBag from /home/airflow/.local/lib/python3.7/site-packages/airflow/example_dags/example_external_task_marker_dag.py
[2022-10-20T22:29:30.447+0000] {processor.py:768} INFO - DAG(s) dict_keys(['example_external_task_marker_parent', 'example_external_task_marker_child']) retrieved from /home/airflow/.local/lib/python3.7/site-packages/airflow/example_dags/example_external_task_marker_dag.py
[2022-10-20T22:29:30.622+0000] {logging_mixin.py:117} INFO - [2022-10-20T22:29:30.622+0000] {dag.py:2573} INFO - Sync 2 DAGs
[2022-10-20T22:29:30.644+0000] {logging_mixin.py:117} INFO - [2022-10-20T22:29:30.644+0000] {dag.py:3328} INFO - Setting next_dagrun for example_external_task_marker_child to None, run_after=None
[2022-10-20T22:29:30.648+0000] {logging_mixin.py:117} INFO - [2022-10-20T22:29:30.647+0000] {dag.py:3328} INFO - Setting next_dagrun for example_external_task_marker_parent to None, run_after=None
[2022-10-20T22:29:30.670+0000] {processor.py:178} INFO - Processing /home/airflow/.local/lib/python3.7/site-packages/airflow/example_dags/example_external_task_marker_dag.py took 0.246 seconds
[2022-10-20T22:30:01.274+0000] {processor.py:156} INFO - Started process (PID=200) to work on /home/airflow/.local/lib/python3.7/site-packages/airflow/example_dags/example_external_task_marker_dag.py
[2022-10-20T22:30:01.275+0000] {processor.py:758} INFO - Processing file /home/airflow/.local/lib/python3.7/site-packages/airflow/example_dags/example_external_task_marker_dag.py for tasks to queue
[2022-10-20T22:30:01.276+0000] {logging_mixin.py:117} INFO - [2022-10-20T22:30:01.276+0000] {dagbag.py:525} INFO - Filling up the DagBag from /home/airflow/.local/lib/python3.7/site-packages/airflow/example_dags/example_external_task_marker_dag.py
[2022-10-20T22:30:01.288+0000] {processor.py:768} INFO - DAG(s) dict_keys(['example_external_task_marker_child', 'example_external_task_marker_parent']) retrieved from /home/airflow/.local/lib/python3.7/site-packages/airflow/example_dags/example_external_task_marker_dag.py
[2022-10-20T22:30:01.477+0000] {logging_mixin.py:117} INFO - [2022-10-20T22:30:01.477+0000] {dag.py:2573} INFO - Sync 2 DAGs
[2022-10-20T22:30:01.497+0000] {logging_mixin.py:117} INFO - [2022-10-20T22:30:01.497+0000] {dag.py:3328} INFO - Setting next_dagrun for example_external_task_marker_child to None, run_after=None
[2022-10-20T22:30:01.501+0000] {logging_mixin.py:117} INFO - [2022-10-20T22:30:01.501+0000] {dag.py:3328} INFO - Setting next_dagrun for example_external_task_marker_parent to None, run_after=None
[2022-10-20T22:30:01.519+0000] {processor.py:178} INFO - Processing /home/airflow/.local/lib/python3.7/site-packages/airflow/example_dags/example_external_task_marker_dag.py took 0.248 seconds
[2022-10-20T22:30:31.793+0000] {processor.py:156} INFO - Started process (PID=264) to work on /home/airflow/.local/lib/python3.7/site-packages/airflow/example_dags/example_external_task_marker_dag.py
[2022-10-20T22:30:31.795+0000] {processor.py:758} INFO - Processing file /home/airflow/.local/lib/python3.7/site-packages/airflow/example_dags/example_external_task_marker_dag.py for tasks to queue
[2022-10-20T22:30:31.797+0000] {logging_mixin.py:117} INFO - [2022-10-20T22:30:31.797+0000] {dagbag.py:525} INFO - Filling up the DagBag from /home/airflow/.local/lib/python3.7/site-packages/airflow/example_dags/example_external_task_marker_dag.py
[2022-10-20T22:30:31.810+0000] {processor.py:768} INFO - DAG(s) dict_keys(['example_external_task_marker_parent', 'example_external_task_marker_child']) retrieved from /home/airflow/.local/lib/python3.7/site-packages/airflow/example_dags/example_external_task_marker_dag.py
[2022-10-20T22:30:32.004+0000] {logging_mixin.py:117} INFO - [2022-10-20T22:30:32.004+0000] {dag.py:2573} INFO - Sync 2 DAGs
[2022-10-20T22:30:32.035+0000] {logging_mixin.py:117} INFO - [2022-10-20T22:30:32.035+0000] {dag.py:3328} INFO - Setting next_dagrun for example_external_task_marker_child to None, run_after=None
[2022-10-20T22:30:32.040+0000] {logging_mixin.py:117} INFO - [2022-10-20T22:30:32.040+0000] {dag.py:3328} INFO - Setting next_dagrun for example_external_task_marker_parent to None, run_after=None
[2022-10-20T22:30:32.061+0000] {processor.py:178} INFO - Processing /home/airflow/.local/lib/python3.7/site-packages/airflow/example_dags/example_external_task_marker_dag.py took 0.271 seconds
[2022-10-20T22:31:02.543+0000] {processor.py:156} INFO - Started process (PID=327) to work on /home/airflow/.local/lib/python3.7/site-packages/airflow/example_dags/example_external_task_marker_dag.py
[2022-10-20T22:31:02.546+0000] {processor.py:758} INFO - Processing file /home/airflow/.local/lib/python3.7/site-packages/airflow/example_dags/example_external_task_marker_dag.py for tasks to queue
[2022-10-20T22:31:02.547+0000] {logging_mixin.py:117} INFO - [2022-10-20T22:31:02.547+0000] {dagbag.py:525} INFO - Filling up the DagBag from /home/airflow/.local/lib/python3.7/site-packages/airflow/example_dags/example_external_task_marker_dag.py
[2022-10-20T22:31:02.562+0000] {processor.py:768} INFO - DAG(s) dict_keys(['example_external_task_marker_parent', 'example_external_task_marker_child']) retrieved from /home/airflow/.local/lib/python3.7/site-packages/airflow/example_dags/example_external_task_marker_dag.py
[2022-10-20T22:31:02.740+0000] {logging_mixin.py:117} INFO - [2022-10-20T22:31:02.740+0000] {dag.py:2573} INFO - Sync 2 DAGs
[2022-10-20T22:31:02.765+0000] {logging_mixin.py:117} INFO - [2022-10-20T22:31:02.765+0000] {dag.py:3328} INFO - Setting next_dagrun for example_external_task_marker_child to None, run_after=None
[2022-10-20T22:31:02.772+0000] {logging_mixin.py:117} INFO - [2022-10-20T22:31:02.771+0000] {dag.py:3328} INFO - Setting next_dagrun for example_external_task_marker_parent to None, run_after=None
[2022-10-20T22:31:02.796+0000] {processor.py:178} INFO - Processing /home/airflow/.local/lib/python3.7/site-packages/airflow/example_dags/example_external_task_marker_dag.py took 0.256 seconds
[2022-10-20T22:31:33.173+0000] {processor.py:156} INFO - Started process (PID=383) to work on /home/airflow/.local/lib/python3.7/site-packages/airflow/example_dags/example_external_task_marker_dag.py
[2022-10-20T22:31:33.176+0000] {processor.py:758} INFO - Processing file /home/airflow/.local/lib/python3.7/site-packages/airflow/example_dags/example_external_task_marker_dag.py for tasks to queue
[2022-10-20T22:31:33.177+0000] {logging_mixin.py:117} INFO - [2022-10-20T22:31:33.177+0000] {dagbag.py:525} INFO - Filling up the DagBag from /home/airflow/.local/lib/python3.7/site-packages/airflow/example_dags/example_external_task_marker_dag.py
[2022-10-20T22:31:33.190+0000] {processor.py:768} INFO - DAG(s) dict_keys(['example_external_task_marker_child', 'example_external_task_marker_parent']) retrieved from /home/airflow/.local/lib/python3.7/site-packages/airflow/example_dags/example_external_task_marker_dag.py
[2022-10-20T22:31:33.350+0000] {logging_mixin.py:117} INFO - [2022-10-20T22:31:33.350+0000] {dag.py:2573} INFO - Sync 2 DAGs
[2022-10-20T22:31:33.379+0000] {logging_mixin.py:117} INFO - [2022-10-20T22:31:33.379+0000] {dag.py:3328} INFO - Setting next_dagrun for example_external_task_marker_child to None, run_after=None
[2022-10-20T22:31:33.383+0000] {logging_mixin.py:117} INFO - [2022-10-20T22:31:33.383+0000] {dag.py:3328} INFO - Setting next_dagrun for example_external_task_marker_parent to None, run_after=None
[2022-10-20T22:31:33.400+0000] {processor.py:178} INFO - Processing /home/airflow/.local/lib/python3.7/site-packages/airflow/example_dags/example_external_task_marker_dag.py took 0.229 seconds
[2022-10-20T22:32:03.541+0000] {processor.py:156} INFO - Started process (PID=445) to work on /home/airflow/.local/lib/python3.7/site-packages/airflow/example_dags/example_external_task_marker_dag.py
[2022-10-20T22:32:03.543+0000] {processor.py:758} INFO - Processing file /home/airflow/.local/lib/python3.7/site-packages/airflow/example_dags/example_external_task_marker_dag.py for tasks to queue
[2022-10-20T22:32:03.545+0000] {logging_mixin.py:117} INFO - [2022-10-20T22:32:03.545+0000] {dagbag.py:525} INFO - Filling up the DagBag from /home/airflow/.local/lib/python3.7/site-packages/airflow/example_dags/example_external_task_marker_dag.py
[2022-10-20T22:32:03.557+0000] {processor.py:768} INFO - DAG(s) dict_keys(['example_external_task_marker_child', 'example_external_task_marker_parent']) retrieved from /home/airflow/.local/lib/python3.7/site-packages/airflow/example_dags/example_external_task_marker_dag.py
[2022-10-20T22:32:03.729+0000] {logging_mixin.py:117} INFO - [2022-10-20T22:32:03.729+0000] {dag.py:2573} INFO - Sync 2 DAGs
[2022-10-20T22:32:03.749+0000] {logging_mixin.py:117} INFO - [2022-10-20T22:32:03.749+0000] {dag.py:3328} INFO - Setting next_dagrun for example_external_task_marker_child to None, run_after=None
[2022-10-20T22:32:03.752+0000] {logging_mixin.py:117} INFO - [2022-10-20T22:32:03.752+0000] {dag.py:3328} INFO - Setting next_dagrun for example_external_task_marker_parent to None, run_after=None
[2022-10-20T22:32:03.770+0000] {processor.py:178} INFO - Processing /home/airflow/.local/lib/python3.7/site-packages/airflow/example_dags/example_external_task_marker_dag.py took 0.232 seconds
[2022-10-20T22:32:34.240+0000] {processor.py:156} INFO - Started process (PID=507) to work on /home/airflow/.local/lib/python3.7/site-packages/airflow/example_dags/example_external_task_marker_dag.py
[2022-10-20T22:32:34.241+0000] {processor.py:758} INFO - Processing file /home/airflow/.local/lib/python3.7/site-packages/airflow/example_dags/example_external_task_marker_dag.py for tasks to queue
[2022-10-20T22:32:34.242+0000] {logging_mixin.py:117} INFO - [2022-10-20T22:32:34.242+0000] {dagbag.py:525} INFO - Filling up the DagBag from /home/airflow/.local/lib/python3.7/site-packages/airflow/example_dags/example_external_task_marker_dag.py
[2022-10-20T22:32:34.255+0000] {processor.py:768} INFO - DAG(s) dict_keys(['example_external_task_marker_child', 'example_external_task_marker_parent']) retrieved from /home/airflow/.local/lib/python3.7/site-packages/airflow/example_dags/example_external_task_marker_dag.py
[2022-10-20T22:32:34.404+0000] {logging_mixin.py:117} INFO - [2022-10-20T22:32:34.403+0000] {dag.py:2573} INFO - Sync 2 DAGs
[2022-10-20T22:32:34.425+0000] {logging_mixin.py:117} INFO - [2022-10-20T22:32:34.425+0000] {dag.py:3328} INFO - Setting next_dagrun for example_external_task_marker_child to None, run_after=None
[2022-10-20T22:32:34.429+0000] {logging_mixin.py:117} INFO - [2022-10-20T22:32:34.429+0000] {dag.py:3328} INFO - Setting next_dagrun for example_external_task_marker_parent to None, run_after=None
[2022-10-20T22:32:34.443+0000] {processor.py:178} INFO - Processing /home/airflow/.local/lib/python3.7/site-packages/airflow/example_dags/example_external_task_marker_dag.py took 0.206 seconds
[2022-10-20T22:33:04.913+0000] {processor.py:156} INFO - Started process (PID=571) to work on /home/airflow/.local/lib/python3.7/site-packages/airflow/example_dags/example_external_task_marker_dag.py
[2022-10-20T22:33:04.915+0000] {processor.py:758} INFO - Processing file /home/airflow/.local/lib/python3.7/site-packages/airflow/example_dags/example_external_task_marker_dag.py for tasks to queue
[2022-10-20T22:33:04.917+0000] {logging_mixin.py:117} INFO - [2022-10-20T22:33:04.917+0000] {dagbag.py:525} INFO - Filling up the DagBag from /home/airflow/.local/lib/python3.7/site-packages/airflow/example_dags/example_external_task_marker_dag.py
[2022-10-20T22:33:04.929+0000] {processor.py:768} INFO - DAG(s) dict_keys(['example_external_task_marker_child', 'example_external_task_marker_parent']) retrieved from /home/airflow/.local/lib/python3.7/site-packages/airflow/example_dags/example_external_task_marker_dag.py
[2022-10-20T22:33:05.159+0000] {logging_mixin.py:117} INFO - [2022-10-20T22:33:05.159+0000] {dag.py:2573} INFO - Sync 2 DAGs
[2022-10-20T22:33:05.180+0000] {logging_mixin.py:117} INFO - [2022-10-20T22:33:05.180+0000] {dag.py:3328} INFO - Setting next_dagrun for example_external_task_marker_child to None, run_after=None
[2022-10-20T22:33:05.184+0000] {logging_mixin.py:117} INFO - [2022-10-20T22:33:05.184+0000] {dag.py:3328} INFO - Setting next_dagrun for example_external_task_marker_parent to None, run_after=None
[2022-10-20T22:33:05.200+0000] {processor.py:178} INFO - Processing /home/airflow/.local/lib/python3.7/site-packages/airflow/example_dags/example_external_task_marker_dag.py took 0.291 seconds
[2022-10-20T22:33:35.437+0000] {processor.py:156} INFO - Started process (PID=626) to work on /home/airflow/.local/lib/python3.7/site-packages/airflow/example_dags/example_external_task_marker_dag.py
[2022-10-20T22:33:35.439+0000] {processor.py:758} INFO - Processing file /home/airflow/.local/lib/python3.7/site-packages/airflow/example_dags/example_external_task_marker_dag.py for tasks to queue
[2022-10-20T22:33:35.440+0000] {logging_mixin.py:117} INFO - [2022-10-20T22:33:35.440+0000] {dagbag.py:525} INFO - Filling up the DagBag from /home/airflow/.local/lib/python3.7/site-packages/airflow/example_dags/example_external_task_marker_dag.py
[2022-10-20T22:33:35.452+0000] {processor.py:768} INFO - DAG(s) dict_keys(['example_external_task_marker_parent', 'example_external_task_marker_child']) retrieved from /home/airflow/.local/lib/python3.7/site-packages/airflow/example_dags/example_external_task_marker_dag.py
[2022-10-20T22:33:35.639+0000] {logging_mixin.py:117} INFO - [2022-10-20T22:33:35.639+0000] {dag.py:2573} INFO - Sync 2 DAGs
[2022-10-20T22:33:35.660+0000] {logging_mixin.py:117} INFO - [2022-10-20T22:33:35.660+0000] {dag.py:3328} INFO - Setting next_dagrun for example_external_task_marker_child to None, run_after=None
[2022-10-20T22:33:35.663+0000] {logging_mixin.py:117} INFO - [2022-10-20T22:33:35.663+0000] {dag.py:3328} INFO - Setting next_dagrun for example_external_task_marker_parent to None, run_after=None
[2022-10-20T22:33:35.679+0000] {processor.py:178} INFO - Processing /home/airflow/.local/lib/python3.7/site-packages/airflow/example_dags/example_external_task_marker_dag.py took 0.245 seconds
