[2022-10-20T22:28:57.223+0000] {processor.py:156} INFO - Started process (PID=62) to work on /home/airflow/.local/lib/python3.7/site-packages/airflow/example_dags/tutorial.py
[2022-10-20T22:28:57.226+0000] {processor.py:758} INFO - Processing file /home/airflow/.local/lib/python3.7/site-packages/airflow/example_dags/tutorial.py for tasks to queue
[2022-10-20T22:28:57.228+0000] {logging_mixin.py:117} INFO - [2022-10-20T22:28:57.227+0000] {dagbag.py:525} INFO - Filling up the DagBag from /home/airflow/.local/lib/python3.7/site-packages/airflow/example_dags/tutorial.py
[2022-10-20T22:28:57.253+0000] {processor.py:768} INFO - DAG(s) dict_keys(['tutorial']) retrieved from /home/airflow/.local/lib/python3.7/site-packages/airflow/example_dags/tutorial.py
[2022-10-20T22:28:57.302+0000] {logging_mixin.py:117} INFO - [2022-10-20T22:28:57.302+0000] {dag.py:2573} INFO - Sync 1 DAGs
[2022-10-20T22:28:57.345+0000] {logging_mixin.py:117} INFO - [2022-10-20T22:28:57.344+0000] {dag.py:3328} INFO - Setting next_dagrun for tutorial to 2022-10-19T22:28:57.344619+00:00, run_after=2022-10-20T22:28:57.344619+00:00
[2022-10-20T22:28:57.382+0000] {processor.py:178} INFO - Processing /home/airflow/.local/lib/python3.7/site-packages/airflow/example_dags/tutorial.py took 0.164 seconds
[2022-10-20T22:29:27.437+0000] {processor.py:156} INFO - Started process (PID=116) to work on /home/airflow/.local/lib/python3.7/site-packages/airflow/example_dags/tutorial.py
[2022-10-20T22:29:27.439+0000] {processor.py:758} INFO - Processing file /home/airflow/.local/lib/python3.7/site-packages/airflow/example_dags/tutorial.py for tasks to queue
[2022-10-20T22:29:27.440+0000] {logging_mixin.py:117} INFO - [2022-10-20T22:29:27.440+0000] {dagbag.py:525} INFO - Filling up the DagBag from /home/airflow/.local/lib/python3.7/site-packages/airflow/example_dags/tutorial.py
[2022-10-20T22:29:27.454+0000] {processor.py:768} INFO - DAG(s) dict_keys(['tutorial']) retrieved from /home/airflow/.local/lib/python3.7/site-packages/airflow/example_dags/tutorial.py
[2022-10-20T22:29:27.489+0000] {logging_mixin.py:117} INFO - [2022-10-20T22:29:27.489+0000] {dag.py:2573} INFO - Sync 1 DAGs
[2022-10-20T22:29:27.513+0000] {logging_mixin.py:117} INFO - [2022-10-20T22:29:27.513+0000] {dag.py:3328} INFO - Setting next_dagrun for tutorial to 2022-10-19T22:29:27.513021+00:00, run_after=2022-10-20T22:29:27.513021+00:00
[2022-10-20T22:29:27.535+0000] {processor.py:178} INFO - Processing /home/airflow/.local/lib/python3.7/site-packages/airflow/example_dags/tutorial.py took 0.100 seconds
[2022-10-20T22:29:58.034+0000] {processor.py:156} INFO - Started process (PID=180) to work on /home/airflow/.local/lib/python3.7/site-packages/airflow/example_dags/tutorial.py
[2022-10-20T22:29:58.046+0000] {processor.py:758} INFO - Processing file /home/airflow/.local/lib/python3.7/site-packages/airflow/example_dags/tutorial.py for tasks to queue
[2022-10-20T22:29:58.048+0000] {logging_mixin.py:117} INFO - [2022-10-20T22:29:58.047+0000] {dagbag.py:525} INFO - Filling up the DagBag from /home/airflow/.local/lib/python3.7/site-packages/airflow/example_dags/tutorial.py
[2022-10-20T22:29:58.079+0000] {processor.py:768} INFO - DAG(s) dict_keys(['tutorial']) retrieved from /home/airflow/.local/lib/python3.7/site-packages/airflow/example_dags/tutorial.py
[2022-10-20T22:29:58.129+0000] {logging_mixin.py:117} INFO - [2022-10-20T22:29:58.129+0000] {dag.py:2573} INFO - Sync 1 DAGs
[2022-10-20T22:29:58.159+0000] {logging_mixin.py:117} INFO - [2022-10-20T22:29:58.159+0000] {dag.py:3328} INFO - Setting next_dagrun for tutorial to 2022-10-19T22:29:58.159368+00:00, run_after=2022-10-20T22:29:58.159368+00:00
[2022-10-20T22:29:58.183+0000] {processor.py:178} INFO - Processing /home/airflow/.local/lib/python3.7/site-packages/airflow/example_dags/tutorial.py took 0.152 seconds
[2022-10-20T22:30:28.878+0000] {processor.py:156} INFO - Started process (PID=244) to work on /home/airflow/.local/lib/python3.7/site-packages/airflow/example_dags/tutorial.py
[2022-10-20T22:30:28.881+0000] {processor.py:758} INFO - Processing file /home/airflow/.local/lib/python3.7/site-packages/airflow/example_dags/tutorial.py for tasks to queue
[2022-10-20T22:30:28.882+0000] {logging_mixin.py:117} INFO - [2022-10-20T22:30:28.881+0000] {dagbag.py:525} INFO - Filling up the DagBag from /home/airflow/.local/lib/python3.7/site-packages/airflow/example_dags/tutorial.py
[2022-10-20T22:30:28.894+0000] {processor.py:768} INFO - DAG(s) dict_keys(['tutorial']) retrieved from /home/airflow/.local/lib/python3.7/site-packages/airflow/example_dags/tutorial.py
[2022-10-20T22:30:28.937+0000] {logging_mixin.py:117} INFO - [2022-10-20T22:30:28.937+0000] {dag.py:2573} INFO - Sync 1 DAGs
[2022-10-20T22:30:28.962+0000] {logging_mixin.py:117} INFO - [2022-10-20T22:30:28.962+0000] {dag.py:3328} INFO - Setting next_dagrun for tutorial to 2022-10-19T22:30:28.962451+00:00, run_after=2022-10-20T22:30:28.962451+00:00
[2022-10-20T22:30:28.986+0000] {processor.py:178} INFO - Processing /home/airflow/.local/lib/python3.7/site-packages/airflow/example_dags/tutorial.py took 0.110 seconds
[2022-10-20T22:30:59.334+0000] {processor.py:156} INFO - Started process (PID=298) to work on /home/airflow/.local/lib/python3.7/site-packages/airflow/example_dags/tutorial.py
[2022-10-20T22:30:59.337+0000] {processor.py:758} INFO - Processing file /home/airflow/.local/lib/python3.7/site-packages/airflow/example_dags/tutorial.py for tasks to queue
[2022-10-20T22:30:59.338+0000] {logging_mixin.py:117} INFO - [2022-10-20T22:30:59.338+0000] {dagbag.py:525} INFO - Filling up the DagBag from /home/airflow/.local/lib/python3.7/site-packages/airflow/example_dags/tutorial.py
[2022-10-20T22:30:59.352+0000] {processor.py:768} INFO - DAG(s) dict_keys(['tutorial']) retrieved from /home/airflow/.local/lib/python3.7/site-packages/airflow/example_dags/tutorial.py
[2022-10-20T22:30:59.393+0000] {logging_mixin.py:117} INFO - [2022-10-20T22:30:59.393+0000] {dag.py:2573} INFO - Sync 1 DAGs
[2022-10-20T22:30:59.420+0000] {logging_mixin.py:117} INFO - [2022-10-20T22:30:59.420+0000] {dag.py:3328} INFO - Setting next_dagrun for tutorial to 2022-10-19T22:30:59.420402+00:00, run_after=2022-10-20T22:30:59.420402+00:00
[2022-10-20T22:30:59.442+0000] {processor.py:178} INFO - Processing /home/airflow/.local/lib/python3.7/site-packages/airflow/example_dags/tutorial.py took 0.111 seconds
[2022-10-20T22:31:29.996+0000] {processor.py:156} INFO - Started process (PID=361) to work on /home/airflow/.local/lib/python3.7/site-packages/airflow/example_dags/tutorial.py
[2022-10-20T22:31:29.999+0000] {processor.py:758} INFO - Processing file /home/airflow/.local/lib/python3.7/site-packages/airflow/example_dags/tutorial.py for tasks to queue
[2022-10-20T22:31:30.000+0000] {logging_mixin.py:117} INFO - [2022-10-20T22:31:30.000+0000] {dagbag.py:525} INFO - Filling up the DagBag from /home/airflow/.local/lib/python3.7/site-packages/airflow/example_dags/tutorial.py
[2022-10-20T22:31:30.015+0000] {processor.py:768} INFO - DAG(s) dict_keys(['tutorial']) retrieved from /home/airflow/.local/lib/python3.7/site-packages/airflow/example_dags/tutorial.py
[2022-10-20T22:31:30.056+0000] {logging_mixin.py:117} INFO - [2022-10-20T22:31:30.056+0000] {dag.py:2573} INFO - Sync 1 DAGs
[2022-10-20T22:31:30.080+0000] {logging_mixin.py:117} INFO - [2022-10-20T22:31:30.080+0000] {dag.py:3328} INFO - Setting next_dagrun for tutorial to 2022-10-19T22:31:30.079981+00:00, run_after=2022-10-20T22:31:30.079981+00:00
[2022-10-20T22:31:30.102+0000] {processor.py:178} INFO - Processing /home/airflow/.local/lib/python3.7/site-packages/airflow/example_dags/tutorial.py took 0.110 seconds
[2022-10-20T22:32:00.495+0000] {processor.py:156} INFO - Started process (PID=424) to work on /home/airflow/.local/lib/python3.7/site-packages/airflow/example_dags/tutorial.py
[2022-10-20T22:32:00.497+0000] {processor.py:758} INFO - Processing file /home/airflow/.local/lib/python3.7/site-packages/airflow/example_dags/tutorial.py for tasks to queue
[2022-10-20T22:32:00.498+0000] {logging_mixin.py:117} INFO - [2022-10-20T22:32:00.498+0000] {dagbag.py:525} INFO - Filling up the DagBag from /home/airflow/.local/lib/python3.7/site-packages/airflow/example_dags/tutorial.py
[2022-10-20T22:32:00.510+0000] {processor.py:768} INFO - DAG(s) dict_keys(['tutorial']) retrieved from /home/airflow/.local/lib/python3.7/site-packages/airflow/example_dags/tutorial.py
[2022-10-20T22:32:00.545+0000] {logging_mixin.py:117} INFO - [2022-10-20T22:32:00.545+0000] {dag.py:2573} INFO - Sync 1 DAGs
[2022-10-20T22:32:00.569+0000] {logging_mixin.py:117} INFO - [2022-10-20T22:32:00.569+0000] {dag.py:3328} INFO - Setting next_dagrun for tutorial to 2022-10-19T22:32:00.569519+00:00, run_after=2022-10-20T22:32:00.569519+00:00
[2022-10-20T22:32:00.589+0000] {processor.py:178} INFO - Processing /home/airflow/.local/lib/python3.7/site-packages/airflow/example_dags/tutorial.py took 0.097 seconds
[2022-10-20T22:32:31.395+0000] {processor.py:156} INFO - Started process (PID=487) to work on /home/airflow/.local/lib/python3.7/site-packages/airflow/example_dags/tutorial.py
[2022-10-20T22:32:31.398+0000] {processor.py:758} INFO - Processing file /home/airflow/.local/lib/python3.7/site-packages/airflow/example_dags/tutorial.py for tasks to queue
[2022-10-20T22:32:31.399+0000] {logging_mixin.py:117} INFO - [2022-10-20T22:32:31.399+0000] {dagbag.py:525} INFO - Filling up the DagBag from /home/airflow/.local/lib/python3.7/site-packages/airflow/example_dags/tutorial.py
[2022-10-20T22:32:31.416+0000] {processor.py:768} INFO - DAG(s) dict_keys(['tutorial']) retrieved from /home/airflow/.local/lib/python3.7/site-packages/airflow/example_dags/tutorial.py
[2022-10-20T22:32:31.462+0000] {logging_mixin.py:117} INFO - [2022-10-20T22:32:31.462+0000] {dag.py:2573} INFO - Sync 1 DAGs
[2022-10-20T22:32:31.495+0000] {logging_mixin.py:117} INFO - [2022-10-20T22:32:31.494+0000] {dag.py:3328} INFO - Setting next_dagrun for tutorial to 2022-10-19T22:32:31.494669+00:00, run_after=2022-10-20T22:32:31.494669+00:00
[2022-10-20T22:32:31.526+0000] {processor.py:178} INFO - Processing /home/airflow/.local/lib/python3.7/site-packages/airflow/example_dags/tutorial.py took 0.135 seconds
[2022-10-20T22:33:01.839+0000] {processor.py:156} INFO - Started process (PID=542) to work on /home/airflow/.local/lib/python3.7/site-packages/airflow/example_dags/tutorial.py
[2022-10-20T22:33:01.841+0000] {processor.py:758} INFO - Processing file /home/airflow/.local/lib/python3.7/site-packages/airflow/example_dags/tutorial.py for tasks to queue
[2022-10-20T22:33:01.842+0000] {logging_mixin.py:117} INFO - [2022-10-20T22:33:01.842+0000] {dagbag.py:525} INFO - Filling up the DagBag from /home/airflow/.local/lib/python3.7/site-packages/airflow/example_dags/tutorial.py
[2022-10-20T22:33:01.856+0000] {processor.py:768} INFO - DAG(s) dict_keys(['tutorial']) retrieved from /home/airflow/.local/lib/python3.7/site-packages/airflow/example_dags/tutorial.py
[2022-10-20T22:33:01.898+0000] {logging_mixin.py:117} INFO - [2022-10-20T22:33:01.898+0000] {dag.py:2573} INFO - Sync 1 DAGs
[2022-10-20T22:33:01.929+0000] {logging_mixin.py:117} INFO - [2022-10-20T22:33:01.928+0000] {dag.py:3328} INFO - Setting next_dagrun for tutorial to 2022-10-19T22:33:01.928669+00:00, run_after=2022-10-20T22:33:01.928669+00:00
[2022-10-20T22:33:01.950+0000] {processor.py:178} INFO - Processing /home/airflow/.local/lib/python3.7/site-packages/airflow/example_dags/tutorial.py took 0.114 seconds
[2022-10-20T22:33:32.635+0000] {processor.py:156} INFO - Started process (PID=606) to work on /home/airflow/.local/lib/python3.7/site-packages/airflow/example_dags/tutorial.py
[2022-10-20T22:33:32.637+0000] {processor.py:758} INFO - Processing file /home/airflow/.local/lib/python3.7/site-packages/airflow/example_dags/tutorial.py for tasks to queue
[2022-10-20T22:33:32.639+0000] {logging_mixin.py:117} INFO - [2022-10-20T22:33:32.638+0000] {dagbag.py:525} INFO - Filling up the DagBag from /home/airflow/.local/lib/python3.7/site-packages/airflow/example_dags/tutorial.py
[2022-10-20T22:33:32.651+0000] {processor.py:768} INFO - DAG(s) dict_keys(['tutorial']) retrieved from /home/airflow/.local/lib/python3.7/site-packages/airflow/example_dags/tutorial.py
[2022-10-20T22:33:32.689+0000] {logging_mixin.py:117} INFO - [2022-10-20T22:33:32.689+0000] {dag.py:2573} INFO - Sync 1 DAGs
[2022-10-20T22:33:32.712+0000] {logging_mixin.py:117} INFO - [2022-10-20T22:33:32.712+0000] {dag.py:3328} INFO - Setting next_dagrun for tutorial to 2022-10-19T22:33:32.712468+00:00, run_after=2022-10-20T22:33:32.712468+00:00
[2022-10-20T22:33:32.733+0000] {processor.py:178} INFO - Processing /home/airflow/.local/lib/python3.7/site-packages/airflow/example_dags/tutorial.py took 0.101 seconds
